Building DAG of jobs...
Using shell: /usr/bin/bash
Provided cluster nodes: 500
Job stats:
job                              count    min threads    max threads
-----------------------------  -------  -------------  -------------
AnnotationPostStandardization        1              1              1
AnnotationPreStandardization         1              1              1
Assembly                             1              8              8
AssemblyConfig                       1              1              1
FilteringQC_fastqc                   2              1              1
FilteringQC_multiqc                  1              1              1
FilteringReads                       2              1              1
SortReads                            2              1              1
StandardizationAnnotation            1              1              1
StartQC_fastqc                       2              1              1
StartQC_multiqc                      1              1              1
TrimReads                            1              1              1
TrimmingQC_fastqc                    2              1              1
TrimmingQC_multiqc                   1              1              1
all                                  1              1              1
total                               20              1              8

Select jobs to execute...

[Thu Jul 27 16:53:43 2023]
rule StartQC_fastqc:
    input: data/SRR12432532_1.fastq
    output: qc/SRR12432532/start/SRR12432532_1.fastqc.html
    jobid: 2
    reason: Updated input files: data/SRR12432532_1.fastq
    wildcards: sample=SRR12432532, read=1
    resources: mem_mb=5000, disk_mb=5911, tmpdir=<TBD>, time=0-00:30:00, qos=standard


		module load FastQC/0.11.9-Java-11

		mkdir -p qc
		mkdir -p qc/SRR12432532
		mkdir -p qc/SRR12432532/start
		fastqc -o qc/SRR12432532/start data/SRR12432532_1.fastq 
		mv qc/SRR12432532/start/SRR12432532_1_fastqc.html qc/SRR12432532/start/SRR12432532_1.fastqc.html
		
Submitted job 2 with external jobid 'Submitted batch job 13861561'.

[Thu Jul 27 16:53:43 2023]
rule TrimReads:
    input: data/SRR12432532_1.fastq, data/SRR12432532_2.fastq
    output: data/SRR12432532_1.trimmed.fastq, data/SRR12432532_2.trimmed.fastq, data/SRR12432532_U1.trimmed.fastq, data/SRR12432532_U2.trimmed.fastq
    jobid: 6
    reason: Missing output files: data/SRR12432532_1.trimmed.fastq, data/SRR12432532_2.trimmed.fastq; Updated input files: data/SRR12432532_1.fastq, data/SRR12432532_2.fastq
    wildcards: sample=SRR12432532
    resources: mem_mb=5000, disk_mb=11821, tmpdir=<TBD>, time=0-02:00:00, qos=standard


		module load Trimmomatic
		java -jar $EBROOTTRIMMOMATIC/trimmomatic-0.39.jar PE -phred33 data/SRR12432532_1.fastq data/SRR12432532_2.fastq data/SRR12432532_1.trimmed.fastq data/SRR12432532_U1.trimmed.fastq data/SRR12432532_2.trimmed.fastq data/SRR12432532_U2.trimmed.fastq ILLUMINACLIP:$EBROOTTRIMMOMATIC/adapters/TruSeq2-PE.fa:2:30:10 LEADING:20 TRAILING:20 SLIDINGWINDOW:5:20 MINLEN:36
		
Submitted job 6 with external jobid 'Submitted batch job 13861562'.

[Thu Jul 27 16:53:44 2023]
rule AssemblyConfig:
    output: database/SeedDatabase/embplant_pt.fasta, database/SeedDatabase/embplant_mt.fasta
    jobid: 19
    reason: Missing output files: database/SeedDatabase/embplant_pt.fasta, database/SeedDatabase/embplant_mt.fasta
    resources: mem_mb=10000, disk_mb=1000, tmpdir=<TBD>, time=0-01:00:00, qos=standard


		module load Bowtie2
		module load BLAST+
		mkdir -p database
		get_organelle_config.py -a embplant_pt,embplant_mt --config-dir database
		
Submitted job 19 with external jobid 'Submitted batch job 13861563'.

[Thu Jul 27 16:53:45 2023]
rule StartQC_fastqc:
    input: data/SRR12432532_2.fastq
    output: qc/SRR12432532/start/SRR12432532_2.fastqc.html
    jobid: 3
    reason: Updated input files: data/SRR12432532_2.fastq
    wildcards: sample=SRR12432532, read=2
    resources: mem_mb=5000, disk_mb=5911, tmpdir=<TBD>, time=0-00:30:00, qos=standard


		module load FastQC/0.11.9-Java-11

		mkdir -p qc
		mkdir -p qc/SRR12432532
		mkdir -p qc/SRR12432532/start
		fastqc -o qc/SRR12432532/start data/SRR12432532_2.fastq 
		mv qc/SRR12432532/start/SRR12432532_2_fastqc.html qc/SRR12432532/start/SRR12432532_2.fastqc.html
		
Submitted job 3 with external jobid 'Submitted batch job 13861564'.
[Thu Jul 27 16:54:08 2023]
Finished job 19.
1 of 20 steps (5%) done
[Thu Jul 27 16:55:09 2023]
Finished job 3.
2 of 20 steps (10%) done
[Thu Jul 27 16:55:19 2023]
Finished job 2.
3 of 20 steps (15%) done
Select jobs to execute...

[Thu Jul 27 16:55:19 2023]
rule StartQC_multiqc:
    input: qc/SRR12432532/start/SRR12432532_1.fastqc.html, qc/SRR12432532/start/SRR12432532_2.fastqc.html
    output: qc/SRR12432532/start/start_report_SRR12432532.html
    jobid: 1
    reason: Input files updated by another job: qc/SRR12432532/start/SRR12432532_2.fastqc.html, qc/SRR12432532/start/SRR12432532_1.fastqc.html
    wildcards: sample=SRR12432532
    resources: mem_mb=5000, disk_mb=1000, tmpdir=<TBD>, time=0-00:10:00, qos=standard


		module load MultiQC
		multiqc -n qc/SRR12432532/start/start_report_SRR12432532.html qc/start
		
Submitted job 1 with external jobid 'Submitted batch job 13861566'.
[Thu Jul 27 16:56:36 2023]
Error in rule StartQC_multiqc:
    jobid: 1
    input: qc/SRR12432532/start/SRR12432532_1.fastqc.html, qc/SRR12432532/start/SRR12432532_2.fastqc.html
    output: qc/SRR12432532/start/start_report_SRR12432532.html
    shell:
        
		module load MultiQC
		multiqc -n qc/SRR12432532/start/start_report_SRR12432532.html qc/start
		
        (one of the commands exited with non-zero exit code; note that snakemake uses bash strict mode!)
    cluster_jobid: Submitted batch job 13861566

Error executing rule StartQC_multiqc on cluster (jobid: 1, external: Submitted batch job 13861566, jobscript: /scratch/sjannalda/projects/PlastidPipelineTesting/.snakemake/tmp.zvtcxaw2/snakejob.StartQC_multiqc.1.sh). For error details see the cluster log and the log files of the involved rule(s).
[Thu Jul 27 17:02:38 2023]
Finished job 6.
4 of 20 steps (20%) done
Select jobs to execute...

[Thu Jul 27 17:02:38 2023]
rule SortReads:
    input: data/SRR12432532_2.trimmed.fastq
    output: data/SRR12432532_2.sorted.fastq
    jobid: 14
    reason: Missing output files: data/SRR12432532_2.sorted.fastq; Input files updated by another job: data/SRR12432532_2.trimmed.fastq
    wildcards: sample=SRR12432532, read=2
    resources: mem_mb=5000, disk_mb=3922, tmpdir=<TBD>, time=0-01:00:00, qos=standard


		module load bioawk
		bioawk -c fastx '{print}' data/SRR12432532_2.trimmed.fastq | sort | awk -F'\t' '{print "@"$1;print $2;print "+"$1;print $3}' > data/SRR12432532_2.sorted.fastq
		
Submitted job 14 with external jobid 'Submitted batch job 13861631'.

[Thu Jul 27 17:02:38 2023]
rule SortReads:
    input: data/SRR12432532_1.trimmed.fastq
    output: data/SRR12432532_1.sorted.fastq
    jobid: 11
    reason: Missing output files: data/SRR12432532_1.sorted.fastq; Input files updated by another job: data/SRR12432532_1.trimmed.fastq
    wildcards: sample=SRR12432532, read=1
    resources: mem_mb=5000, disk_mb=4370, tmpdir=<TBD>, time=0-01:00:00, qos=standard


		module load bioawk
		bioawk -c fastx '{print}' data/SRR12432532_1.trimmed.fastq | sort | awk -F'\t' '{print "@"$1;print $2;print "+"$1;print $3}' > data/SRR12432532_1.sorted.fastq
		
Submitted job 11 with external jobid 'Submitted batch job 13861632'.

[Thu Jul 27 17:02:39 2023]
rule TrimmingQC_fastqc:
    input: data/SRR12432532_1.trimmed.fastq
    output: qc/SRR12432532/trimming/SRR12432532_1.trimmed.fastqc.html
    jobid: 5
    reason: Input files updated by another job: data/SRR12432532_1.trimmed.fastq
    wildcards: sample=SRR12432532, read=1
    resources: mem_mb=5000, disk_mb=4370, tmpdir=<TBD>, time=0-00:30:00, qos=standard


		module load FastQC/0.11.9-Java-11

		mkdir -p qc
		mkdir -p qc/SRR12432532
		mkdir -p qc/SRR12432532/trimming
		fastqc -o qc/SRR12432532/trimming data/SRR12432532_1.trimmed.fastq 
		mv qc/SRR12432532/trimming/SRR12432532_1.trimmed_fastqc.html qc/SRR12432532/trimming/SRR12432532_1.trimmed.fastqc.html
		
Submitted job 5 with external jobid 'Submitted batch job 13861633'.

[Thu Jul 27 17:02:39 2023]
rule TrimmingQC_fastqc:
    input: data/SRR12432532_2.trimmed.fastq
    output: qc/SRR12432532/trimming/SRR12432532_2.trimmed.fastqc.html
    jobid: 7
    reason: Input files updated by another job: data/SRR12432532_2.trimmed.fastq
    wildcards: sample=SRR12432532, read=2
    resources: mem_mb=5000, disk_mb=3922, tmpdir=<TBD>, time=0-00:30:00, qos=standard


		module load FastQC/0.11.9-Java-11

		mkdir -p qc
		mkdir -p qc/SRR12432532
		mkdir -p qc/SRR12432532/trimming
		fastqc -o qc/SRR12432532/trimming data/SRR12432532_2.trimmed.fastq 
		mv qc/SRR12432532/trimming/SRR12432532_2.trimmed_fastqc.html qc/SRR12432532/trimming/SRR12432532_2.trimmed.fastqc.html
		
Submitted job 7 with external jobid 'Submitted batch job 13861634'.
[Thu Jul 27 17:03:42 2023]
Finished job 7.
5 of 20 steps (25%) done
[Thu Jul 27 17:03:54 2023]
Finished job 5.
6 of 20 steps (30%) done
Select jobs to execute...

[Thu Jul 27 17:03:54 2023]
rule TrimmingQC_multiqc:
    input: qc/SRR12432532/trimming/SRR12432532_1.trimmed.fastqc.html, qc/SRR12432532/trimming/SRR12432532_2.trimmed.fastqc.html
    output: qc/SRR12432532/trimming/trimming_report_SRR12432532.html
    jobid: 4
    reason: Input files updated by another job: qc/SRR12432532/trimming/SRR12432532_1.trimmed.fastqc.html, qc/SRR12432532/trimming/SRR12432532_2.trimmed.fastqc.html
    wildcards: sample=SRR12432532
    resources: mem_mb=5000, disk_mb=1000, tmpdir=<TBD>, time=0-00:10:00, qos=standard


		module load MultiQC
		multiqc -n qc/SRR12432532/trimming/trimming_report_SRR12432532.html qc/SRR12432532/trimming
		
Submitted job 4 with external jobid 'Submitted batch job 13861637'.
[Thu Jul 27 17:04:32 2023]
Finished job 14.
7 of 20 steps (35%) done
Select jobs to execute...

[Thu Jul 27 17:04:32 2023]
rule FilteringReads:
    input: data/SRR12432532_2.sorted.fastq
    output: data/SRR12432532_2.filt.fastq
    jobid: 13
    reason: Missing output files: data/SRR12432532_2.filt.fastq; Input files updated by another job: data/SRR12432532_2.sorted.fastq
    wildcards: sample=SRR12432532, read=2
    resources: mem_mb=10000, disk_mb=3456, tmpdir=<TBD>, time=0-03:00:00, qos=standard


		module load FASTX-Toolkit
		fastq_quality_filter -q 30 -i data/SRR12432532_2.sorted.fastq -o data/SRR12432532_2.filt.fastq
		
Submitted job 13 with external jobid 'Submitted batch job 13861638'.
[Thu Jul 27 17:04:40 2023]
Finished job 11.
8 of 20 steps (40%) done
Select jobs to execute...

[Thu Jul 27 17:04:40 2023]
rule FilteringReads:
    input: data/SRR12432532_1.sorted.fastq
    output: data/SRR12432532_1.filt.fastq
    jobid: 10
    reason: Missing output files: data/SRR12432532_1.filt.fastq; Input files updated by another job: data/SRR12432532_1.sorted.fastq
    wildcards: sample=SRR12432532, read=1
    resources: mem_mb=10000, disk_mb=3904, tmpdir=<TBD>, time=0-03:00:00, qos=standard


		module load FASTX-Toolkit
		fastq_quality_filter -q 30 -i data/SRR12432532_1.sorted.fastq -o data/SRR12432532_1.filt.fastq
		
Submitted job 10 with external jobid 'Submitted batch job 13861639'.
[Thu Jul 27 17:05:17 2023]
Error in rule TrimmingQC_multiqc:
    jobid: 4
    input: qc/SRR12432532/trimming/SRR12432532_1.trimmed.fastqc.html, qc/SRR12432532/trimming/SRR12432532_2.trimmed.fastqc.html
    output: qc/SRR12432532/trimming/trimming_report_SRR12432532.html
    shell:
        
		module load MultiQC
		multiqc -n qc/SRR12432532/trimming/trimming_report_SRR12432532.html qc/SRR12432532/trimming
		
        (one of the commands exited with non-zero exit code; note that snakemake uses bash strict mode!)
    cluster_jobid: Submitted batch job 13861637

Error executing rule TrimmingQC_multiqc on cluster (jobid: 4, external: Submitted batch job 13861637, jobscript: /scratch/sjannalda/projects/PlastidPipelineTesting/.snakemake/tmp.zvtcxaw2/snakejob.TrimmingQC_multiqc.4.sh). For error details see the cluster log and the log files of the involved rule(s).
[Thu Jul 27 17:20:44 2023]
Finished job 13.
9 of 20 steps (45%) done
Select jobs to execute...

[Thu Jul 27 17:20:44 2023]
rule FilteringQC_fastqc:
    input: data/SRR12432532_2.filt.fastq
    output: qc/SRR12432532/filtering/SRR12432532_2.filt.fastqc.html
    jobid: 12
    reason: Input files updated by another job: data/SRR12432532_2.filt.fastq
    wildcards: sample=SRR12432532, read=2
    resources: mem_mb=5000, disk_mb=3456, tmpdir=<TBD>, time=0-00:30:00, qos=standard


		module load FastQC/0.11.9-Java-11

		mkdir -p qc
		mkdir -p qc/SRR12432532
		mkdir -p qc/SRR12432532/filtering
		fastqc -o qc/SRR12432532/filtering data/SRR12432532_2.filt.fastq
		mv qc/SRR12432532/filtering/SRR12432532_2.filt_fastqc.html qc/SRR12432532/filtering/SRR12432532_2.filt.fastqc.html
		
Submitted job 12 with external jobid 'Submitted batch job 13862120'.
[Thu Jul 27 17:21:50 2023]
Finished job 12.
10 of 20 steps (50%) done
[Thu Jul 27 17:24:50 2023]
Finished job 10.
11 of 20 steps (55%) done
Select jobs to execute...

[Thu Jul 27 17:24:51 2023]
rule FilteringQC_fastqc:
    input: data/SRR12432532_1.filt.fastq
    output: qc/SRR12432532/filtering/SRR12432532_1.filt.fastqc.html
    jobid: 9
    reason: Input files updated by another job: data/SRR12432532_1.filt.fastq
    wildcards: sample=SRR12432532, read=1
    resources: mem_mb=5000, disk_mb=3904, tmpdir=<TBD>, time=0-00:30:00, qos=standard


		module load FastQC/0.11.9-Java-11

		mkdir -p qc
		mkdir -p qc/SRR12432532
		mkdir -p qc/SRR12432532/filtering
		fastqc -o qc/SRR12432532/filtering data/SRR12432532_1.filt.fastq
		mv qc/SRR12432532/filtering/SRR12432532_1.filt_fastqc.html qc/SRR12432532/filtering/SRR12432532_1.filt.fastqc.html
		
Submitted job 9 with external jobid 'Submitted batch job 13862130'.

[Thu Jul 27 17:24:51 2023]
rule Assembly:
    input: database/SeedDatabase/embplant_pt.fasta, database/SeedDatabase/embplant_mt.fasta, data/SRR12432532_1.filt.fastq, data/SRR12432532_2.filt.fastq
    output: assembly/SRR12432532.complete.graph1.1.path_sequence.fasta
    jobid: 18
    reason: Missing output files: assembly/SRR12432532.complete.graph1.1.path_sequence.fasta; Input files updated by another job: data/SRR12432532_2.filt.fastq, database/SeedDatabase/embplant_pt.fasta, database/SeedDatabase/embplant_mt.fasta, data/SRR12432532_1.filt.fastq
    wildcards: sample=SRR12432532
    threads: 8
    resources: mem_mb=10000, disk_mb=7390, tmpdir=<TBD>, time=0-3:00:00, qos=standard


		module load Bowtie2
		module load BLAST+
		module load SPAdes
		mkdir -p assembly
		get_organelle_from_reads.py -1 data/SRR12432532_1.filt.fastq -2 data/SRR12432532_2.filt.fastq \
			-o assembly -R 30 -k 21,45,65,85,105 -P 1000000 \
			-F embplant_pt --config-dir database\
			-t 8 --prefix SRR12432532 --overwrite
		scp assembly/*.complete.graph1.1.path_sequence.fasta assembly/SRR12432532.complete.graph1.1.path_sequence.fasta
		
Submitted job 18 with external jobid 'Submitted batch job 13862131'.
[Thu Jul 27 17:26:06 2023]
Finished job 9.
12 of 20 steps (60%) done
Select jobs to execute...

[Thu Jul 27 17:26:06 2023]
rule FilteringQC_multiqc:
    input: qc/SRR12432532/filtering/SRR12432532_1.filt.fastqc.html, qc/SRR12432532/filtering/SRR12432532_2.filt.fastqc.html
    output: qc/SRR12432532/filtering/filtering_report_SRR12432532.html
    jobid: 8
    reason: Input files updated by another job: qc/SRR12432532/filtering/SRR12432532_1.filt.fastqc.html, qc/SRR12432532/filtering/SRR12432532_2.filt.fastqc.html
    wildcards: sample=SRR12432532
    resources: mem_mb=5000, disk_mb=1000, tmpdir=<TBD>, time=0-00:10:00, qos=standard


		module load MultiQC
		multiqc -n qc/SRR12432532/filtering/filtering_report_SRR12432532.html qc/SRR12432532/filtering
		
Submitted job 8 with external jobid 'Submitted batch job 13862135'.
[Thu Jul 27 17:27:24 2023]
Error in rule FilteringQC_multiqc:
    jobid: 8
    input: qc/SRR12432532/filtering/SRR12432532_1.filt.fastqc.html, qc/SRR12432532/filtering/SRR12432532_2.filt.fastqc.html
    output: qc/SRR12432532/filtering/filtering_report_SRR12432532.html
    shell:
        
		module load MultiQC
		multiqc -n qc/SRR12432532/filtering/filtering_report_SRR12432532.html qc/SRR12432532/filtering
		
        (one of the commands exited with non-zero exit code; note that snakemake uses bash strict mode!)
    cluster_jobid: Submitted batch job 13862135

Error executing rule FilteringQC_multiqc on cluster (jobid: 8, external: Submitted batch job 13862135, jobscript: /scratch/sjannalda/projects/PlastidPipelineTesting/.snakemake/tmp.zvtcxaw2/snakejob.FilteringQC_multiqc.8.sh). For error details see the cluster log and the log files of the involved rule(s).
[Thu Jul 27 18:33:32 2023]
Error in rule Assembly:
    jobid: 18
    input: database/SeedDatabase/embplant_pt.fasta, database/SeedDatabase/embplant_mt.fasta, data/SRR12432532_1.filt.fastq, data/SRR12432532_2.filt.fastq
    output: assembly/SRR12432532.complete.graph1.1.path_sequence.fasta
    shell:
        
		module load Bowtie2
		module load BLAST+
		module load SPAdes
		mkdir -p assembly
		get_organelle_from_reads.py -1 data/SRR12432532_1.filt.fastq -2 data/SRR12432532_2.filt.fastq \
			-o assembly -R 30 -k 21,45,65,85,105 -P 1000000 \
			-F embplant_pt --config-dir database\
			-t 8 --prefix SRR12432532 --overwrite
		scp assembly/*.complete.graph1.1.path_sequence.fasta assembly/SRR12432532.complete.graph1.1.path_sequence.fasta
		
        (one of the commands exited with non-zero exit code; note that snakemake uses bash strict mode!)
    cluster_jobid: Submitted batch job 13862131

Error executing rule Assembly on cluster (jobid: 18, external: Submitted batch job 13862131, jobscript: /scratch/sjannalda/projects/PlastidPipelineTesting/.snakemake/tmp.zvtcxaw2/snakejob.Assembly.18.sh). For error details see the cluster log and the log files of the involved rule(s).
Exiting because a job execution failed. Look above for error message
Complete log: ../../../../home/sjannalda/bgbm/projects/PlastidPipeline/.snakemake/log/2023-07-27T165341.462912.snakemake.log
