Building DAG of jobs...
Using shell: /usr/bin/bash
Provided cluster nodes: 500
Job stats:
job                                    count    min threads    max threads
-----------------------------------  -------  -------------  -------------
AnnotationPostStandardization              1              1              1
AnnotationPreStandardization               1              1              1
Assembly                                   1              8              8
Backmapping                                1              8              8
BackmappingQC                              1              1              1
BuildReferenceAnnotationBackmapping        1              4              4
FilteringQC_fastqc                         2              1              1
FilteringQC_multiqc                        1              1              1
FilteringReads                             2              1              1
SortReads                                  2              1              1
StandardizationAnnotation                  1              1              1
TrimReads                                  1              1              1
all                                        1              1              1
total                                     16              1              8

Select jobs to execute...

[Tue Aug 15 19:31:08 2023]
rule TrimReads:
    input: /scratch/sjannalda/projects/PlastidPipelineTesting/data/ERR5529299/ERR5529299_1.fastq, /scratch/sjannalda/projects/PlastidPipelineTesting/data/ERR5529299/ERR5529299_2.fastq
    output: ERR5529299/data/ERR5529299_1.trimmed.fastq, ERR5529299/data/ERR5529299_2.trimmed.fastq, ERR5529299/data/ERR5529299_U1.trimmed.fastq, ERR5529299/data/ERR5529299_U2.trimmed.fastq
    jobid: 5
    reason: Missing output files: ERR5529299/data/ERR5529299_2.trimmed.fastq, ERR5529299/data/ERR5529299_1.trimmed.fastq
    wildcards: sample=ERR5529299
    resources: mem_mb=5000, disk_mb=6502, tmpdir=<TBD>, time=0-02:00:00, qos=standard


		module load Trimmomatic
		java -jar $EBROOTTRIMMOMATIC/trimmomatic-0.39.jar PE -phred33 /scratch/sjannalda/projects/PlastidPipelineTesting/data/ERR5529299/ERR5529299_1.fastq /scratch/sjannalda/projects/PlastidPipelineTesting/data/ERR5529299/ERR5529299_2.fastq ERR5529299/data/ERR5529299_1.trimmed.fastq ERR5529299/data/ERR5529299_U1.trimmed.fastq ERR5529299/data/ERR5529299_2.trimmed.fastq ERR5529299/data/ERR5529299_U2.trimmed.fastq ILLUMINACLIP:$EBROOTTRIMMOMATIC/adapters/TruSeq3-PE-2.fa:2:30:10 LEADING:20 TRAILING:20 SLIDINGWINDOW:5:20 MINLEN:36
		
Submitted job 5 with external jobid 'Submitted batch job 14012058'.
[Tue Aug 15 19:34:23 2023]
Finished job 5.
1 of 16 steps (6%) done
Select jobs to execute...

[Tue Aug 15 19:34:24 2023]
rule SortReads:
    input: ERR5529299/data/ERR5529299_1.trimmed.fastq
    output: ERR5529299/data/ERR5529299_1.sorted.fastq
    jobid: 4
    reason: Missing output files: ERR5529299/data/ERR5529299_1.sorted.fastq; Input files updated by another job: ERR5529299/data/ERR5529299_1.trimmed.fastq
    wildcards: sample=ERR5529299, read=1
    resources: mem_mb=5000, disk_mb=3077, tmpdir=<TBD>, time=0-01:00:00, qos=standard


		module load bioawk
		bioawk -c fastx '{print}' ERR5529299/data/ERR5529299_1.trimmed.fastq | sort | awk -F'\t' '{print "@"$1;print $2;print "+"$1;print $3}' > ERR5529299/data/ERR5529299_1.sorted.fastq
		
Submitted job 4 with external jobid 'Submitted batch job 14012061'.

[Tue Aug 15 19:34:24 2023]
rule SortReads:
    input: ERR5529299/data/ERR5529299_2.trimmed.fastq
    output: ERR5529299/data/ERR5529299_2.sorted.fastq
    jobid: 8
    reason: Missing output files: ERR5529299/data/ERR5529299_2.sorted.fastq; Input files updated by another job: ERR5529299/data/ERR5529299_2.trimmed.fastq
    wildcards: sample=ERR5529299, read=2
    resources: mem_mb=5000, disk_mb=3070, tmpdir=<TBD>, time=0-01:00:00, qos=standard


		module load bioawk
		bioawk -c fastx '{print}' ERR5529299/data/ERR5529299_2.trimmed.fastq | sort | awk -F'\t' '{print "@"$1;print $2;print "+"$1;print $3}' > ERR5529299/data/ERR5529299_2.sorted.fastq
		
Submitted job 8 with external jobid 'Submitted batch job 14012062'.
[Tue Aug 15 19:35:59 2023]
Finished job 4.
2 of 16 steps (12%) done
Select jobs to execute...

[Tue Aug 15 19:35:59 2023]
rule FilteringReads:
    input: ERR5529299/data/ERR5529299_1.sorted.fastq
    output: ERR5529299/data/ERR5529299_1.filt.fastq
    jobid: 3
    reason: Missing output files: ERR5529299/data/ERR5529299_1.filt.fastq; Input files updated by another job: ERR5529299/data/ERR5529299_1.sorted.fastq
    wildcards: sample=ERR5529299, read=1
    resources: mem_mb=10000, disk_mb=2659, tmpdir=<TBD>, time=0-03:00:00, qos=standard


		module load FASTX-Toolkit
		fastq_quality_filter -q 30 -i ERR5529299/data/ERR5529299_1.sorted.fastq -o ERR5529299/data/ERR5529299_1.filt.fastq
		
Submitted job 3 with external jobid 'Submitted batch job 14012066'.
[Tue Aug 15 19:36:04 2023]
Finished job 8.
3 of 16 steps (19%) done
Select jobs to execute...

[Tue Aug 15 19:36:04 2023]
rule FilteringReads:
    input: ERR5529299/data/ERR5529299_2.sorted.fastq
    output: ERR5529299/data/ERR5529299_2.filt.fastq
    jobid: 7
    reason: Missing output files: ERR5529299/data/ERR5529299_2.filt.fastq; Input files updated by another job: ERR5529299/data/ERR5529299_2.sorted.fastq
    wildcards: sample=ERR5529299, read=2
    resources: mem_mb=10000, disk_mb=2652, tmpdir=<TBD>, time=0-03:00:00, qos=standard


		module load FASTX-Toolkit
		fastq_quality_filter -q 30 -i ERR5529299/data/ERR5529299_2.sorted.fastq -o ERR5529299/data/ERR5529299_2.filt.fastq
		
Submitted job 7 with external jobid 'Submitted batch job 14012067'.
[Tue Aug 15 19:45:45 2023]
Finished job 3.
4 of 16 steps (25%) done
Select jobs to execute...

[Tue Aug 15 19:45:45 2023]
rule FilteringQC_fastqc:
    input: ERR5529299/data/ERR5529299_1.filt.fastq
    output: ERR5529299/qc/filtering/ERR5529299_1.filt.fastqc.html
    jobid: 2
    reason: Missing output files: ERR5529299/qc/filtering/ERR5529299_1.filt.fastqc.html; Input files updated by another job: ERR5529299/data/ERR5529299_1.filt.fastq
    wildcards: sample=ERR5529299, read=1
    resources: mem_mb=5000, disk_mb=2659, tmpdir=<TBD>, time=0-00:30:00, qos=standard


		module load FastQC/0.11.9-Java-11

		mkdir -p ERR5529299/qc
		mkdir -p ERR5529299/qc/filtering
		fastqc -o ERR5529299/qc/filtering ERR5529299/data/ERR5529299_1.filt.fastq
		mv ERR5529299/qc/filtering/ERR5529299_1.filt_fastqc.html ERR5529299/qc/filtering/ERR5529299_1.filt.fastqc.html
		
Submitted job 2 with external jobid 'Submitted batch job 14012072'.
[Tue Aug 15 19:45:59 2023]
Finished job 7.
5 of 16 steps (31%) done
Select jobs to execute...

[Tue Aug 15 19:46:02 2023]
rule FilteringQC_fastqc:
    input: ERR5529299/data/ERR5529299_2.filt.fastq
    output: ERR5529299/qc/filtering/ERR5529299_2.filt.fastqc.html
    jobid: 6
    reason: Missing output files: ERR5529299/qc/filtering/ERR5529299_2.filt.fastqc.html; Input files updated by another job: ERR5529299/data/ERR5529299_2.filt.fastq
    wildcards: sample=ERR5529299, read=2
    resources: mem_mb=5000, disk_mb=2652, tmpdir=<TBD>, time=0-00:30:00, qos=standard


		module load FastQC/0.11.9-Java-11

		mkdir -p ERR5529299/qc
		mkdir -p ERR5529299/qc/filtering
		fastqc -o ERR5529299/qc/filtering ERR5529299/data/ERR5529299_2.filt.fastq
		mv ERR5529299/qc/filtering/ERR5529299_2.filt_fastqc.html ERR5529299/qc/filtering/ERR5529299_2.filt.fastqc.html
		
Submitted job 6 with external jobid 'Submitted batch job 14012073'.

[Tue Aug 15 19:46:03 2023]
rule Assembly:
    input: database/SeedDatabase/embplant_pt.fasta, ERR5529299/data/ERR5529299_1.filt.fastq, ERR5529299/data/ERR5529299_2.filt.fastq
    output: ERR5529299/assembly/ERR5529299.original.fasta
    jobid: 12
    reason: Missing output files: ERR5529299/assembly/ERR5529299.original.fasta; Input files updated by another job: ERR5529299/data/ERR5529299_1.filt.fastq, ERR5529299/data/ERR5529299_2.filt.fastq
    wildcards: sample=ERR5529299
    threads: 8
    resources: mem_mb=20000, disk_mb=5340, tmpdir=<TBD>, time=0-5:00:00, qos=standard


		module load Bowtie2
		module load BLAST+
		module load SPAdes
		get_organelle_from_reads.py -1 ERR5529299/data/ERR5529299_1.filt.fastq -2 ERR5529299/data/ERR5529299_2.filt.fastq \
			-o ERR5529299/assembly -R 30 -k 21,45,65,85,105 -P 1000000 \
			-F embplant_pt --config-dir database\
			-t 8 --prefix ERR5529299 --overwrite
		scp ERR5529299/assembly/*.complete.graph1.1.path_sequence.fasta ERR5529299/assembly/ERR5529299.original.fasta
		
Submitted job 12 with external jobid 'Submitted batch job 14012074'.
[Tue Aug 15 19:46:46 2023]
Finished job 2.
6 of 16 steps (38%) done
[Tue Aug 15 19:46:57 2023]
Finished job 6.
7 of 16 steps (44%) done
Select jobs to execute...

[Tue Aug 15 19:46:57 2023]
rule FilteringQC_multiqc:
    input: ERR5529299/qc/filtering/ERR5529299_1.filt.fastqc.html, ERR5529299/qc/filtering/ERR5529299_2.filt.fastqc.html
    output: ERR5529299/qc/filtering/filtering_report_ERR5529299.html
    jobid: 1
    reason: Missing output files: ERR5529299/qc/filtering/filtering_report_ERR5529299.html; Input files updated by another job: ERR5529299/qc/filtering/ERR5529299_2.filt.fastqc.html, ERR5529299/qc/filtering/ERR5529299_1.filt.fastqc.html
    wildcards: sample=ERR5529299
    resources: mem_mb=5000, disk_mb=1000, tmpdir=<TBD>, time=0-00:10:00, qos=standard


		module load MultiQC
		multiqc -n ERR5529299/qc/filtering/filtering_report_ERR5529299.html --no-data-dir ERR5529299/qc/filtering
		
Submitted job 1 with external jobid 'Submitted batch job 14012075'.
[Tue Aug 15 19:47:16 2023]
Finished job 1.
8 of 16 steps (50%) done
[Tue Aug 15 20:39:39 2023]
Error in rule Assembly:
    jobid: 12
    input: database/SeedDatabase/embplant_pt.fasta, ERR5529299/data/ERR5529299_1.filt.fastq, ERR5529299/data/ERR5529299_2.filt.fastq
    output: ERR5529299/assembly/ERR5529299.original.fasta
    shell:
        
		module load Bowtie2
		module load BLAST+
		module load SPAdes
		get_organelle_from_reads.py -1 ERR5529299/data/ERR5529299_1.filt.fastq -2 ERR5529299/data/ERR5529299_2.filt.fastq \
			-o ERR5529299/assembly -R 30 -k 21,45,65,85,105 -P 1000000 \
			-F embplant_pt --config-dir database\
			-t 8 --prefix ERR5529299 --overwrite
		scp ERR5529299/assembly/*.complete.graph1.1.path_sequence.fasta ERR5529299/assembly/ERR5529299.original.fasta
		
        (one of the commands exited with non-zero exit code; note that snakemake uses bash strict mode!)
    cluster_jobid: Submitted batch job 14012074

Error executing rule Assembly on cluster (jobid: 12, external: Submitted batch job 14012074, jobscript: /scratch/sjannalda/projects/PlastidPipelineTesting/.snakemake/tmp.qv3i8dmm/snakejob.Assembly.12.sh). For error details see the cluster log and the log files of the involved rule(s).
Exiting because a job execution failed. Look above for error message
Complete log: ../../../../home/sjannalda/bgbm/projects/PlastidPipeline/.snakemake/log/2023-08-15T193104.901568.snakemake.log
