Building DAG of jobs...
Using shell: /usr/bin/bash
Provided cluster nodes: 500
Job stats:
job                              count    min threads    max threads
-----------------------------  -------  -------------  -------------
AnnotationPostStandardization        1              1              1
AnnotationPreStandardization         1              1              1
Assembly                             1              8              8
AssemblyConfig                       1              1              1
FilteringQC_fastqc                   2              1              1
FilteringQC_multiqc                  1              1              1
FilteringReads                       2              1              1
SortReads                            2              1              1
StandardizationAnnotation            1              1              1
StartQC_fastqc                       2              1              1
StartQC_multiqc                      1              1              1
TrimReads                            1              1              1
TrimmingQC_fastqc                    2              1              1
TrimmingQC_multiqc                   1              1              1
all                                  1              1              1
total                               20              1              8

Select jobs to execute...

[Thu Jul 27 15:06:14 2023]
rule AssemblyConfig:
    output: database/SeedDatabase/embplant_pt.fasta, database/SeedDatabase/embplant_mt.fasta
    jobid: 19
    reason: Missing output files: database/SeedDatabase/embplant_mt.fasta, database/SeedDatabase/embplant_pt.fasta; Code has changed since last execution; Params have changed since last execution
    resources: mem_mb=10000, disk_mb=1000, tmpdir=<TBD>, time=0-01:00:00, qos=standard


		module load Bowtie2
		module load BLAST+
		mkdir -p database
		get_organelle_config.py -a embplant_pt,embplant_mt --config-dir database
		
Submitted job 19 with external jobid 'Submitted batch job 13860198'.

[Thu Jul 27 15:06:16 2023]
rule TrimReads:
    input: data/SRR12432532_1.fastq, data/SRR12432532_2.fastq
    output: data/SRR12432532_1.trimmed.fastq, data/SRR12432532_2.trimmed.fastq, data/SRR12432532_U1.trimmed.fastq, data/SRR12432532_U2.trimmed.fastq
    jobid: 6
    reason: Missing output files: data/SRR12432532_2.trimmed.fastq, data/SRR12432532_1.trimmed.fastq
    wildcards: sample=SRR12432532
    resources: mem_mb=5000, disk_mb=11821, tmpdir=<TBD>, time=0-02:00:00, qos=standard


		module load Trimmomatic
		java -jar $EBROOTTRIMMOMATIC/trimmomatic-0.39.jar PE -phred33 data/SRR12432532_1.fastq_1.fq.gz data/SRR12432532_2.fastq_2.fq.gz data/SRR12432532_1.trimmed.fastq.gz data/SRR12432532_U1.trimmed.fastq.gz $data/SRR12432532_2.trimmed.fastq.gz data/SRR12432532_U2.trimmed.fastq.gz ILLUMINACLIP:adapters.fa:2:30:10 LEADING:20 TRAILING:20 SLIDINGWINDOW:5:20 MINLEN:36
		
Submitted job 6 with external jobid 'Submitted batch job 13860199'.

[Thu Jul 27 15:06:17 2023]
rule StartQC_fastqc:
    input: data/SRR12432532_2.fastq
    output: qc/start/SRR12432532_2.fastqc.html
    jobid: 3
    reason: Missing output files: qc/start/SRR12432532_2.fastqc.html
    wildcards: sample=SRR12432532, read=2
    resources: mem_mb=5000, disk_mb=5911, tmpdir=<TBD>, time=0-00:30:00, qos=standard


		module load FastQC/0.11.9-Java-11

		mkdir -p qc
		mkdir -p qc/start
		fastqc -o qc/start data/SRR12432532_2.fastq 
		mv qc/start/SRR12432532_2_fastqc.html qc/start/SRR12432532_2.fastqc.html
		
Submitted job 3 with external jobid 'Submitted batch job 13860200'.

[Thu Jul 27 15:06:17 2023]
rule StartQC_fastqc:
    input: data/SRR12432532_1.fastq
    output: qc/start/SRR12432532_1.fastqc.html
    jobid: 2
    reason: Missing output files: qc/start/SRR12432532_1.fastqc.html
    wildcards: sample=SRR12432532, read=1
    resources: mem_mb=5000, disk_mb=5911, tmpdir=<TBD>, time=0-00:30:00, qos=standard


		module load FastQC/0.11.9-Java-11

		mkdir -p qc
		mkdir -p qc/start
		fastqc -o qc/start data/SRR12432532_1.fastq 
		mv qc/start/SRR12432532_1_fastqc.html qc/start/SRR12432532_1.fastqc.html
		
Submitted job 2 with external jobid 'Submitted batch job 13860224'.
[Thu Jul 27 15:06:38 2023]
Error in rule TrimReads:
    jobid: 6
    input: data/SRR12432532_1.fastq, data/SRR12432532_2.fastq
    output: data/SRR12432532_1.trimmed.fastq, data/SRR12432532_2.trimmed.fastq, data/SRR12432532_U1.trimmed.fastq, data/SRR12432532_U2.trimmed.fastq
    shell:
        
		module load Trimmomatic
		java -jar $EBROOTTRIMMOMATIC/trimmomatic-0.39.jar PE -phred33 data/SRR12432532_1.fastq_1.fq.gz data/SRR12432532_2.fastq_2.fq.gz data/SRR12432532_1.trimmed.fastq.gz data/SRR12432532_U1.trimmed.fastq.gz $data/SRR12432532_2.trimmed.fastq.gz data/SRR12432532_U2.trimmed.fastq.gz ILLUMINACLIP:adapters.fa:2:30:10 LEADING:20 TRAILING:20 SLIDINGWINDOW:5:20 MINLEN:36
		
        (one of the commands exited with non-zero exit code; note that snakemake uses bash strict mode!)
    cluster_jobid: Submitted batch job 13860199

Error executing rule TrimReads on cluster (jobid: 6, external: Submitted batch job 13860199, jobscript: /scratch/sjannalda/projects/PlastidPipelineTesting/.snakemake/tmp.pheoun2d/snakejob.TrimReads.6.sh). For error details see the cluster log and the log files of the involved rule(s).
[Thu Jul 27 15:07:50 2023]
Error in rule AssemblyConfig:
    jobid: 19
    output: database/SeedDatabase/embplant_pt.fasta, database/SeedDatabase/embplant_mt.fasta
    shell:
        
		module load Bowtie2
		module load BLAST+
		mkdir -p database
		get_organelle_config.py -a embplant_pt,embplant_mt --config-dir database
		
        (one of the commands exited with non-zero exit code; note that snakemake uses bash strict mode!)
    cluster_jobid: Submitted batch job 13860198

Error executing rule AssemblyConfig on cluster (jobid: 19, external: Submitted batch job 13860198, jobscript: /scratch/sjannalda/projects/PlastidPipelineTesting/.snakemake/tmp.pheoun2d/snakejob.AssemblyConfig.19.sh). For error details see the cluster log and the log files of the involved rule(s).
[Thu Jul 27 15:08:01 2023]
Finished job 2.
1 of 20 steps (5%) done
[Thu Jul 27 15:08:02 2023]
Finished job 3.
2 of 20 steps (10%) done
Select jobs to execute...

[Thu Jul 27 15:08:02 2023]
rule StartQC_multiqc:
    input: qc/start/SRR12432532_1.fastqc.html, qc/start/SRR12432532_2.fastqc.html
    output: qc/start/start_report_SRR12432532.html
    jobid: 1
    reason: Missing output files: qc/start/start_report_SRR12432532.html; Input files updated by another job: qc/start/SRR12432532_2.fastqc.html, qc/start/SRR12432532_1.fastqc.html
    wildcards: sample=SRR12432532
    resources: mem_mb=5000, disk_mb=1000, tmpdir=<TBD>, time=0-00:10:00, qos=standard


		module load MultiQC
		multiqc -n qc/start/start_report_SRR12432532.html qc/start
		
Submitted job 1 with external jobid 'Submitted batch job 13860225'.
[Thu Jul 27 15:08:23 2023]
Finished job 1.
3 of 20 steps (15%) done
Exiting because a job execution failed. Look above for error message
Complete log: ../../../../home/sjannalda/bgbm/projects/PlastidPipeline/.snakemake/log/2023-07-27T150613.129424.snakemake.log
