Building DAG of jobs...
Using shell: /usr/bin/bash
Provided cluster nodes: 500
Job stats:
job               count    min threads    max threads
--------------  -------  -------------  -------------
FilteringReads        1              1              1
SortReads             1              1              1
all                   1              1              1
total                 3              1              1

Select jobs to execute...

[Mon Jun 19 16:53:06 2023]
rule SortReads:
    input: test_1.fastq
    output: test_1.sorted.fastq
    jobid: 2
    reason: Missing output files: test_1.sorted.fastq
    wildcards: sample=test, read=1
    resources: mem_mb=5000, disk_mb=16336, tmpdir=<TBD>, time=0-01:00:00, qos=standard


		module load bioawk
		bioawk -c fastx '{print}' test_1.fastq | sort | awk -F'\t' '{print "@"$1;print $2;print "+"$1;print $3}' > test_1.sorted.fastq
		
Submitted job 2 with external jobid 'Submitted batch job 13430460'.
[Mon Jun 19 17:06:09 2023]
Finished job 2.
1 of 3 steps (33%) done
Select jobs to execute...

[Mon Jun 19 17:06:09 2023]
rule FilteringReads:
    input: test_1.sorted.fastq
    output: test_1.sorted.filt.fastq
    jobid: 1
    reason: Missing output files: test_1.sorted.filt.fastq; Input files updated by another job: test_1.sorted.fastq
    wildcards: sample=test, read=1
    resources: mem_mb=5000, disk_mb=17148, tmpdir=<TBD>, time=0-01:00:00, qos=standard


		module load FASTX-Toolkit
		fastq_quality_filter -q 30 -i test_1.sorted.fastq -o test_1.sorted.filt.fastq
		
Submitted job 1 with external jobid 'Submitted batch job 13430501'.
