Building DAG of jobs...
Using shell: /usr/bin/bash
Provided cluster nodes: 500
Job stats:
job                              count    min threads    max threads
-----------------------------  -------  -------------  -------------
AnnotationPostStandardization        1              1              1
AnnotationPreStandardization         1              1              1
Assembly                             1              8              8
AssemblyConfig                       1              1              1
FilteringQC_fastqc                   2              1              1
FilteringQC_multiqc                  1              1              1
FilteringReads                       2              1              1
SortReads                            2              1              1
StandardizationAnnotation            1              1              1
TrimReads                            1              1              1
TrimmingQC_fastqc                    2              1              1
TrimmingQC_multiqc                   1              1              1
all                                  1              1              1
total                               17              1              8

Select jobs to execute...

[Thu Jul 27 15:14:35 2023]
rule AssemblyConfig:
    output: database/SeedDatabase/embplant_pt.fasta, database/SeedDatabase/embplant_mt.fasta
    jobid: 19
    reason: Missing output files: database/SeedDatabase/embplant_mt.fasta, database/SeedDatabase/embplant_pt.fasta
    resources: mem_mb=10000, disk_mb=1000, tmpdir=<TBD>, time=0-01:00:00, qos=standard


		module load Bowtie2
		module load BLAST+
		mkdir -p database
		get_organelle_config.py -a embplant_pt,embplant_mt --config-dir database
		
Submitted job 19 with external jobid 'Submitted batch job 13860503'.

[Thu Jul 27 15:14:36 2023]
rule TrimReads:
    input: data/SRR12432532_1.fastq, data/SRR12432532_2.fastq
    output: data/SRR12432532_1.trimmed.fastq, data/SRR12432532_2.trimmed.fastq, data/SRR12432532_U1.trimmed.fastq, data/SRR12432532_U2.trimmed.fastq
    jobid: 6
    reason: Missing output files: data/SRR12432532_1.trimmed.fastq, data/SRR12432532_2.trimmed.fastq
    wildcards: sample=SRR12432532
    resources: mem_mb=5000, disk_mb=11821, tmpdir=<TBD>, time=0-02:00:00, qos=standard


		module load Trimmomatic
		java -jar $EBROOTTRIMMOMATIC/trimmomatic-0.39.jar PE -phred33 data/SRR12432532_1.fastq data/SRR12432532_2.fastq data/SRR12432532_1.trimmed.fastq data/SRR12432532_U1.trimmed.fastq data/SRR12432532_2.trimmed.fastq data/SRR12432532_U2.trimmed.fastq ILLUMINACLIP:$EBROOTTRIMMOMATIC/adapters/TruSeq2-PE.fa:2:30:10 LEADING:20 TRAILING:20 SLIDINGWINDOW:5:20 MINLEN:36
		
Submitted job 6 with external jobid 'Submitted batch job 13860504'.
[Thu Jul 27 15:15:51 2023]
Error in rule AssemblyConfig:
    jobid: 19
    output: database/SeedDatabase/embplant_pt.fasta, database/SeedDatabase/embplant_mt.fasta
    shell:
        
		module load Bowtie2
		module load BLAST+
		mkdir -p database
		get_organelle_config.py -a embplant_pt,embplant_mt --config-dir database
		
        (one of the commands exited with non-zero exit code; note that snakemake uses bash strict mode!)
    cluster_jobid: Submitted batch job 13860503

Error executing rule AssemblyConfig on cluster (jobid: 19, external: Submitted batch job 13860503, jobscript: /scratch/sjannalda/projects/PlastidPipelineTesting/.snakemake/tmp.p34iu_0r/snakejob.AssemblyConfig.19.sh). For error details see the cluster log and the log files of the involved rule(s).
[Thu Jul 27 15:23:13 2023]
Finished job 6.
1 of 17 steps (6%) done
Select jobs to execute...

[Thu Jul 27 15:23:13 2023]
rule SortReads:
    input: data/SRR12432532_1.trimmed.fastq
    output: data/SRR12432532_1.sorted.fastq
    jobid: 11
    reason: Missing output files: data/SRR12432532_1.sorted.fastq; Input files updated by another job: data/SRR12432532_1.trimmed.fastq
    wildcards: sample=SRR12432532, read=1
    resources: mem_mb=5000, disk_mb=4370, tmpdir=<TBD>, time=0-01:00:00, qos=standard


		module load bioawk
		bioawk -c fastx '{print}' data/SRR12432532_1.trimmed.fastq | sort | awk -F'\t' '{print "@"$1;print $2;print "+"$1;print $3}' > data/SRR12432532_1.sorted.fastq
		
Submitted job 11 with external jobid 'Submitted batch job 13860523'.

[Thu Jul 27 15:23:14 2023]
rule TrimmingQC_fastqc:
    input: data/SRR12432532_1.trimmed.fastq
    output: qc/trimming/SRR12432532_1_fastqc.html
    jobid: 5
    reason: Missing output files: qc/trimming/SRR12432532_1_fastqc.html; Input files updated by another job: data/SRR12432532_1.trimmed.fastq
    wildcards: sample=SRR12432532, read=1
    resources: mem_mb=5000, disk_mb=4370, tmpdir=<TBD>, time=0-00:30:00, qos=standard


		module load FastQC/0.11.9-Java-11

		mkdir -p qc
		mkdir -p qc/trimming
		fastqc -o qc/trimming data/SRR12432532_1.trimmed.fastq 
		
Submitted job 5 with external jobid 'Submitted batch job 13860524'.

[Thu Jul 27 15:23:14 2023]
rule TrimmingQC_fastqc:
    input: data/SRR12432532_2.trimmed.fastq
    output: qc/trimming/SRR12432532_2_fastqc.html
    jobid: 7
    reason: Missing output files: qc/trimming/SRR12432532_2_fastqc.html; Input files updated by another job: data/SRR12432532_2.trimmed.fastq
    wildcards: sample=SRR12432532, read=2
    resources: mem_mb=5000, disk_mb=3922, tmpdir=<TBD>, time=0-00:30:00, qos=standard


		module load FastQC/0.11.9-Java-11

		mkdir -p qc
		mkdir -p qc/trimming
		fastqc -o qc/trimming data/SRR12432532_2.trimmed.fastq 
		
Submitted job 7 with external jobid 'Submitted batch job 13860525'.

[Thu Jul 27 15:23:15 2023]
rule SortReads:
    input: data/SRR12432532_2.trimmed.fastq
    output: data/SRR12432532_2.sorted.fastq
    jobid: 14
    reason: Missing output files: data/SRR12432532_2.sorted.fastq; Input files updated by another job: data/SRR12432532_2.trimmed.fastq
    wildcards: sample=SRR12432532, read=2
    resources: mem_mb=5000, disk_mb=3922, tmpdir=<TBD>, time=0-01:00:00, qos=standard


		module load bioawk
		bioawk -c fastx '{print}' data/SRR12432532_2.trimmed.fastq | sort | awk -F'\t' '{print "@"$1;print $2;print "+"$1;print $3}' > data/SRR12432532_2.sorted.fastq
		
Submitted job 14 with external jobid 'Submitted batch job 13860526'.
[Thu Jul 27 15:24:57 2023]
Finished job 14.
2 of 17 steps (12%) done
Select jobs to execute...

[Thu Jul 27 15:24:57 2023]
rule FilteringReads:
    input: data/SRR12432532_2.sorted.fastq
    output: data/SRR12432532_2.filt.fastq
    jobid: 13
    reason: Missing output files: data/SRR12432532_2.filt.fastq; Input files updated by another job: data/SRR12432532_2.sorted.fastq
    wildcards: sample=SRR12432532, read=2
    resources: mem_mb=10000, disk_mb=3456, tmpdir=<TBD>, time=0-03:00:00, qos=standard


		module load FASTX-Toolkit
		fastq_quality_filter -q 30 -i data/SRR12432532_2.sorted.fastq -o data/SRR12432532_2.filt.fastq
		
Submitted job 13 with external jobid 'Submitted batch job 13860528'.
[Thu Jul 27 15:25:20 2023]
Finished job 11.
3 of 17 steps (18%) done
Select jobs to execute...

[Thu Jul 27 15:25:20 2023]
rule FilteringReads:
    input: data/SRR12432532_1.sorted.fastq
    output: data/SRR12432532_1.filt.fastq
    jobid: 10
    reason: Missing output files: data/SRR12432532_1.filt.fastq; Input files updated by another job: data/SRR12432532_1.sorted.fastq
    wildcards: sample=SRR12432532, read=1
    resources: mem_mb=10000, disk_mb=3904, tmpdir=<TBD>, time=0-03:00:00, qos=standard


		module load FASTX-Toolkit
		fastq_quality_filter -q 30 -i data/SRR12432532_1.sorted.fastq -o data/SRR12432532_1.filt.fastq
		
Submitted job 10 with external jobid 'Submitted batch job 13860529'.
[Thu Jul 27 15:25:21 2023]
Error in rule TrimmingQC_fastqc:
    jobid: 5
    input: data/SRR12432532_1.trimmed.fastq
    output: qc/trimming/SRR12432532_1_fastqc.html
    shell:
        
		module load FastQC/0.11.9-Java-11

		mkdir -p qc
		mkdir -p qc/trimming
		fastqc -o qc/trimming data/SRR12432532_1.trimmed.fastq 
		
        (one of the commands exited with non-zero exit code; note that snakemake uses bash strict mode!)
    cluster_jobid: Submitted batch job 13860524

Error executing rule TrimmingQC_fastqc on cluster (jobid: 5, external: Submitted batch job 13860524, jobscript: /scratch/sjannalda/projects/PlastidPipelineTesting/.snakemake/tmp.p34iu_0r/snakejob.TrimmingQC_fastqc.5.sh). For error details see the cluster log and the log files of the involved rule(s).
[Thu Jul 27 15:25:22 2023]
Error in rule TrimmingQC_fastqc:
    jobid: 7
    input: data/SRR12432532_2.trimmed.fastq
    output: qc/trimming/SRR12432532_2_fastqc.html
    shell:
        
		module load FastQC/0.11.9-Java-11

		mkdir -p qc
		mkdir -p qc/trimming
		fastqc -o qc/trimming data/SRR12432532_2.trimmed.fastq 
		
        (one of the commands exited with non-zero exit code; note that snakemake uses bash strict mode!)
    cluster_jobid: Submitted batch job 13860525

Error executing rule TrimmingQC_fastqc on cluster (jobid: 7, external: Submitted batch job 13860525, jobscript: /scratch/sjannalda/projects/PlastidPipelineTesting/.snakemake/tmp.p34iu_0r/snakejob.TrimmingQC_fastqc.7.sh). For error details see the cluster log and the log files of the involved rule(s).
[Thu Jul 27 15:40:37 2023]
Finished job 13.
4 of 17 steps (24%) done
Select jobs to execute...

[Thu Jul 27 15:40:37 2023]
rule FilteringQC_fastqc:
    input: data/SRR12432532_2.filt.fastq
    output: qc/filtering/SRR12432532_2.filt.fastqc.html
    jobid: 12
    reason: Missing output files: qc/filtering/SRR12432532_2.filt.fastqc.html; Input files updated by another job: data/SRR12432532_2.filt.fastq
    wildcards: sample=SRR12432532, read=2
    resources: mem_mb=5000, disk_mb=3456, tmpdir=<TBD>, time=0-00:30:00, qos=standard


		module load FastQC/0.11.9-Java-11

		mkdir -p qc
		mkdir -p qc/filtering
		fastqc -o qc/filtering data/SRR12432532_2.filt.fastq
		mv qc/filtering/SRR12432532_2.filt_fastqc.html qc/filtering/SRR12432532_2.filt.fastqc.html
		
Submitted job 12 with external jobid 'Submitted batch job 13860790'.
[Thu Jul 27 15:41:43 2023]
Finished job 12.
5 of 17 steps (29%) done
[Thu Jul 27 15:45:23 2023]
Finished job 10.
6 of 17 steps (35%) done
Select jobs to execute...

[Thu Jul 27 15:45:23 2023]
rule FilteringQC_fastqc:
    input: data/SRR12432532_1.filt.fastq
    output: qc/filtering/SRR12432532_1.filt.fastqc.html
    jobid: 9
    reason: Missing output files: qc/filtering/SRR12432532_1.filt.fastqc.html; Input files updated by another job: data/SRR12432532_1.filt.fastq
    wildcards: sample=SRR12432532, read=1
    resources: mem_mb=5000, disk_mb=3904, tmpdir=<TBD>, time=0-00:30:00, qos=standard


		module load FastQC/0.11.9-Java-11

		mkdir -p qc
		mkdir -p qc/filtering
		fastqc -o qc/filtering data/SRR12432532_1.filt.fastq
		mv qc/filtering/SRR12432532_1.filt_fastqc.html qc/filtering/SRR12432532_1.filt.fastqc.html
		
Submitted job 9 with external jobid 'Submitted batch job 13860843'.
[Thu Jul 27 15:46:33 2023]
Finished job 9.
7 of 17 steps (41%) done
Select jobs to execute...

[Thu Jul 27 15:46:33 2023]
rule FilteringQC_multiqc:
    input: qc/filtering/SRR12432532_1.filt.fastqc.html, qc/filtering/SRR12432532_2.filt.fastqc.html
    output: qc/filtering/filtering_report_SRR12432532.html
    jobid: 8
    reason: Missing output files: qc/filtering/filtering_report_SRR12432532.html; Input files updated by another job: qc/filtering/SRR12432532_1.filt.fastqc.html, qc/filtering/SRR12432532_2.filt.fastqc.html
    wildcards: sample=SRR12432532
    resources: mem_mb=5000, disk_mb=1000, tmpdir=<TBD>, time=0-00:10:00, qos=standard


		module load MultiQC
		multiqc -n qc/filtering/filtering_report_SRR12432532.html qc/filtering
		
Submitted job 8 with external jobid 'Submitted batch job 13860847'.
[Thu Jul 27 15:46:53 2023]
Finished job 8.
8 of 17 steps (47%) done
Exiting because a job execution failed. Look above for error message
Complete log: ../../../../home/sjannalda/bgbm/projects/PlastidPipeline/.snakemake/log/2023-07-27T151434.311877.snakemake.log
