Building DAG of jobs...
Using shell: /usr/bin/bash
Provided cluster nodes: 500
Job stats:
job              count    min threads    max threads
-------------  -------  -------------  -------------
BackmappingQC        2              1              1
all                  1              1              1
total                3              1              1

Select jobs to execute...

[Fri Aug  4 17:39:31 2023]
rule BackmappingQC:
    input: Am09/backmapping/Am09.backmapping.sam
    output: Am09/backmapping/Am09.backmapping.bam, Am09/backmapping/Am09.backmapping.sorted.bam, Am09/qc/backmapping/Am09.backmapping.readcoverage.log
    jobid: 32
    reason: Forced execution
    wildcards: sample=Am09
    resources: mem_mb=10000, disk_mb=29791, tmpdir=<TBD>, time=0-01:00:00, qos=standard


		module load SAMtools

		samtools view -bS Am09/backmapping/Am09.backmapping.sam > Am09/backmapping/Am09.backmapping.bam
		samtools sort Am09/backmapping/Am09.backmapping.bam > Am09/backmapping/Am09.backmapping.sorted.bam
		samtools coverage Am09/backmapping/Am09.backmapping.sorted.bam > Am09/qc/backmapping/Am09.backmapping.readcoverage.log
		samtools coverage -A -w 64 Am09/backmapping/Am09.backmapping.sorted.bam >> Am09/qc/backmapping/Am09.backmapping.readcoverage.log
		
Submitted job 32 with external jobid 'Submitted batch job 13928808'.

[Fri Aug  4 17:39:32 2023]
rule BackmappingQC:
    input: Am21/backmapping/Am21.backmapping.sam
    output: Am21/backmapping/Am21.backmapping.bam, Am21/backmapping/Am21.backmapping.sorted.bam, Am21/qc/backmapping/Am21.backmapping.readcoverage.log
    jobid: 35
    reason: Forced execution
    wildcards: sample=Am21
    resources: mem_mb=10000, disk_mb=23261, tmpdir=<TBD>, time=0-01:00:00, qos=standard


		module load SAMtools

		samtools view -bS Am21/backmapping/Am21.backmapping.sam > Am21/backmapping/Am21.backmapping.bam
		samtools sort Am21/backmapping/Am21.backmapping.bam > Am21/backmapping/Am21.backmapping.sorted.bam
		samtools coverage Am21/backmapping/Am21.backmapping.sorted.bam > Am21/qc/backmapping/Am21.backmapping.readcoverage.log
		samtools coverage -A -w 64 Am21/backmapping/Am21.backmapping.sorted.bam >> Am21/qc/backmapping/Am21.backmapping.readcoverage.log
		
Submitted job 35 with external jobid 'Submitted batch job 13928809'.
[Fri Aug  4 18:07:26 2023]
Finished job 35.
1 of 3 steps (33%) done
[Fri Aug  4 18:13:47 2023]
Finished job 32.
2 of 3 steps (67%) done
Select jobs to execute...

[Fri Aug  4 18:13:47 2023]
localrule all:
    input: Am09/qc/trimming/trimming_report_Am09.html, Am21/qc/trimming/trimming_report_Am21.html, Am09/qc/filtering/filtering_report_Am09.html, Am21/qc/filtering/filtering_report_Am21.html, Am09/annotation/Am09.standardardized.gb, Am21/annotation/Am21.standardardized.gb, Am09/annotation/Am09.standardardized.fasta, Am21/annotation/Am21.standardardized.fasta, Am09/qc/backmapping/Am09.backmapping.readcoverage.log, Am21/qc/backmapping/Am21.backmapping.readcoverage.log
    jobid: 0
    reason: Input files updated by another job: Am21/qc/backmapping/Am21.backmapping.readcoverage.log, Am09/qc/backmapping/Am09.backmapping.readcoverage.log
    resources: mem_mb=1000, disk_mb=1000, tmpdir=/tmp, time=0-00:05:00, qos=standard

[Fri Aug  4 18:13:47 2023]
Finished job 0.
3 of 3 steps (100%) done
Complete log: ../../../../home/sjannalda/bgbm/projects/PlastidPipeline/.snakemake/log/2023-08-04T173929.842901.snakemake.log
