Building DAG of jobs...
Using shell: /usr/bin/bash
Provided cores: 1 (use --cores to define parallelism)
Rules claiming more threads will be scaled down.
Job stats:
job                             count    min threads    max threads
----------------------------  -------  -------------  -------------
AnnotationPreStandardization        1              1              1
Assembly                            1              1              1
all                                 1              1              1
total                               3              1              1

Select jobs to execute...

[Mon Jul 24 17:28:21 2023]
rule Assembly:
    input: database/SeedDatabase/embplant_pt.fasta, database/SeedDatabase/embplant_mt.fasta, data/AM0909_1.filt.fastq, data/AM0909_2.filt.fastq
    output: assembly/embplant_pt.K105.complete.graph1.1.path_sequence.fasta
    jobid: 12
    reason: Updated input files: data/AM0909_2.filt.fastq, data/AM0909_1.filt.fastq
    resources: tmpdir=/localscratch/tmp/sjannalda/tmp.13730580.0, mem_mb=10000, time=0-3:00:00

Terminating processes on user request, this might take some time.
