Building DAG of jobs...
Creating conda environment /home/sjannalda/bgbm/projects/PlastidPipeline/workflow/rules/../envs/test.yaml...
Downloading and installing remote packages.
Environment for /home/sjannalda/bgbm/projects/PlastidPipeline/workflow/rules/../envs/test.yaml created (location: .snakemake/conda/7dcdbcecf5b85409b082239702cc974d_)
Using shell: /usr/bin/bash
Provided cluster nodes: 500
Job stats:
job                                    count
-----------------------------------  -------
AnnotationPostStandardization              1
AnnotationPreStandardization               1
Assembly                                   1
AssemblyConfig                             1
Backmapping                                1
BackmappingQC                              1
BuildReferenceAnnotationBackmapping        1
FilteringQC_fastqc                         2
FilteringQC_multiqc                        1
FilteringReads                             2
SortReads                                  2
StandardizationAnnotation                  1
TrimReads                                  1
all                                        1
total                                     17

Select jobs to execute...

[Fri Aug 18 02:03:13 2023]
rule AssemblyConfig:
    output: database/SeedDatabase/embplant_pt.fasta, database/SeedDatabase/embplant_mt.fasta
    jobid: 13
    reason: Code has changed since last execution
    resources: mem_mb=10000, mem_mib=9537, disk_mb=1000, disk_mib=954, tmpdir=<TBD>, time=0-01:00:00, qos=standard


		mkdir -p database
		get_organelle_config.py -a embplant_pt,embplant_mt --config-dir database
		
Submitted job 13 with external jobid 'Submitted batch job 14033577'.

[Fri Aug 18 02:03:16 2023]
rule TrimReads:
    input: /scratch/sjannalda/projects/PlastidPipelineTesting/data/ERR5554746/ERR5554746_1.fastq, /scratch/sjannalda/projects/PlastidPipelineTesting/data/ERR5554746/ERR5554746_2.fastq
    output: ERR5554746/data/ERR5554746_1.trimmed.fastq, ERR5554746/data/ERR5554746_2.trimmed.fastq, ERR5554746/data/ERR5554746_U1.trimmed.fastq, ERR5554746/data/ERR5554746_U2.trimmed.fastq
    jobid: 5
    reason: Code has changed since last execution
    wildcards: sample=ERR5554746
    resources: mem_mb=5000, mem_mib=4769, disk_mb=4081, disk_mib=3892, tmpdir=<TBD>, time=0-02:00:00, qos=standard


		java -jar $EBROOTTRIMMOMATIC/trimmomatic-0.39.jar PE -phred33 /scratch/sjannalda/projects/PlastidPipelineTesting/data/ERR5554746/ERR5554746_1.fastq /scratch/sjannalda/projects/PlastidPipelineTesting/data/ERR5554746/ERR5554746_2.fastq ERR5554746/data/ERR5554746_1.trimmed.fastq ERR5554746/data/ERR5554746_U1.trimmed.fastq ERR5554746/data/ERR5554746_2.trimmed.fastq ERR5554746/data/ERR5554746_U2.trimmed.fastq ILLUMINACLIP:$EBROOTTRIMMOMATIC/adapters/TruSeq3-PE-2.fa:2:30:10 LEADING:20 TRAILING:20 SLIDINGWINDOW:5:20 MINLEN:36
		
Submitted job 5 with external jobid 'Submitted batch job 14033578'.
[Fri Aug 18 02:05:01 2023]
Error in rule AssemblyConfig:
    jobid: 13
    output: database/SeedDatabase/embplant_pt.fasta, database/SeedDatabase/embplant_mt.fasta
    conda-env: /scratch/sjannalda/projects/PlastidPipelineTesting/.snakemake/conda/62e68d6f26d8a5a2f99f713e8e01eef5
    shell:
        
		mkdir -p database
		get_organelle_config.py -a embplant_pt,embplant_mt --config-dir database
		
        (one of the commands exited with non-zero exit code; note that snakemake uses bash strict mode!)
    cluster_jobid: Submitted batch job 14033577

Error executing rule AssemblyConfig on cluster (jobid: 13, external: Submitted batch job 14033577, jobscript: /scratch/sjannalda/projects/PlastidPipelineTesting/.snakemake/tmp.v72agh3h/snakejob.AssemblyConfig.13.sh). For error details see the cluster log and the log files of the involved rule(s).
[Fri Aug 18 02:05:33 2023]
Finished job 5.
1 of 17 steps (6%) done
Select jobs to execute...

[Fri Aug 18 02:05:33 2023]
rule SortReads:
    input: ERR5554746/data/ERR5554746_2.trimmed.fastq
    output: ERR5554746/data/ERR5554746_2.sorted.fastq
    jobid: 8
    reason: Input files updated by another job: ERR5554746/data/ERR5554746_2.trimmed.fastq
    wildcards: sample=ERR5554746, read=2
    resources: mem_mb=5000, mem_mib=4769, disk_mb=1872, disk_mib=1786, tmpdir=<TBD>, time=0-01:00:00, qos=standard


		bioawk -c fastx '{print}' ERR5554746/data/ERR5554746_2.trimmed.fastq | sort | awk -F'\t' '{print "@"$1;print $2;print "+"$1;print $3}' > ERR5554746/data/ERR5554746_2.sorted.fastq
		
Submitted job 8 with external jobid 'Submitted batch job 14033579'.

[Fri Aug 18 02:05:33 2023]
rule SortReads:
    input: ERR5554746/data/ERR5554746_1.trimmed.fastq
    output: ERR5554746/data/ERR5554746_1.sorted.fastq
    jobid: 4
    reason: Input files updated by another job: ERR5554746/data/ERR5554746_1.trimmed.fastq
    wildcards: sample=ERR5554746, read=1
    resources: mem_mb=5000, mem_mib=4769, disk_mb=1882, disk_mib=1795, tmpdir=<TBD>, time=0-01:00:00, qos=standard


		bioawk -c fastx '{print}' ERR5554746/data/ERR5554746_1.trimmed.fastq | sort | awk -F'\t' '{print "@"$1;print $2;print "+"$1;print $3}' > ERR5554746/data/ERR5554746_1.sorted.fastq
		
Submitted job 4 with external jobid 'Submitted batch job 14033580'.
[Fri Aug 18 02:06:29 2023]
Finished job 8.
2 of 17 steps (12%) done
Select jobs to execute...

[Fri Aug 18 02:06:29 2023]
rule FilteringReads:
    input: ERR5554746/data/ERR5554746_2.sorted.fastq
    output: ERR5554746/data/ERR5554746_2.filt.fastq
    jobid: 7
    reason: Input files updated by another job: ERR5554746/data/ERR5554746_2.sorted.fastq
    wildcards: sample=ERR5554746, read=2
    resources: mem_mb=10000, mem_mib=9537, disk_mb=1619, disk_mib=1544, tmpdir=<TBD>, time=0-03:00:00, qos=standard


		fastq_quality_filter -q 30 -i ERR5554746/data/ERR5554746_2.sorted.fastq -o ERR5554746/data/ERR5554746_2.filt.fastq
		
Submitted job 7 with external jobid 'Submitted batch job 14033581'.
[Fri Aug 18 02:06:30 2023]
Finished job 4.
3 of 17 steps (18%) done
Select jobs to execute...

[Fri Aug 18 02:06:30 2023]
rule FilteringReads:
    input: ERR5554746/data/ERR5554746_1.sorted.fastq
    output: ERR5554746/data/ERR5554746_1.filt.fastq
    jobid: 3
    reason: Input files updated by another job: ERR5554746/data/ERR5554746_1.sorted.fastq
    wildcards: sample=ERR5554746, read=1
    resources: mem_mb=10000, mem_mib=9537, disk_mb=1628, disk_mib=1553, tmpdir=<TBD>, time=0-03:00:00, qos=standard


		fastq_quality_filter -q 30 -i ERR5554746/data/ERR5554746_1.sorted.fastq -o ERR5554746/data/ERR5554746_1.filt.fastq
		
Submitted job 3 with external jobid 'Submitted batch job 14033582'.
[Fri Aug 18 02:12:33 2023]
Finished job 7.
4 of 17 steps (24%) done
Select jobs to execute...

[Fri Aug 18 02:12:35 2023]
rule FilteringQC_fastqc:
    input: ERR5554746/data/ERR5554746_2.filt.fastq
    output: ERR5554746/qc/filtering/ERR5554746_2.filt.fastqc.html
    jobid: 6
    reason: Input files updated by another job: ERR5554746/data/ERR5554746_2.filt.fastq
    wildcards: sample=ERR5554746, read=2
    resources: mem_mb=5000, mem_mib=4769, disk_mb=1619, disk_mib=1544, tmpdir=<TBD>, time=0-00:30:00, qos=standard


		mkdir -p ERR5554746/qc
		mkdir -p ERR5554746/qc/filtering
		fastqc -o ERR5554746/qc/filtering ERR5554746/data/ERR5554746_2.filt.fastq
		mv ERR5554746/qc/filtering/ERR5554746_2.filt_fastqc.html ERR5554746/qc/filtering/ERR5554746_2.filt.fastqc.html
		
Submitted job 6 with external jobid 'Submitted batch job 14033585'.
[Fri Aug 18 02:12:44 2023]
Finished job 3.
5 of 17 steps (29%) done
Select jobs to execute...

[Fri Aug 18 02:12:44 2023]
rule FilteringQC_fastqc:
    input: ERR5554746/data/ERR5554746_1.filt.fastq
    output: ERR5554746/qc/filtering/ERR5554746_1.filt.fastqc.html
    jobid: 2
    reason: Input files updated by another job: ERR5554746/data/ERR5554746_1.filt.fastq
    wildcards: sample=ERR5554746, read=1
    resources: mem_mb=5000, mem_mib=4769, disk_mb=1628, disk_mib=1553, tmpdir=<TBD>, time=0-00:30:00, qos=standard


		mkdir -p ERR5554746/qc
		mkdir -p ERR5554746/qc/filtering
		fastqc -o ERR5554746/qc/filtering ERR5554746/data/ERR5554746_1.filt.fastq
		mv ERR5554746/qc/filtering/ERR5554746_1.filt_fastqc.html ERR5554746/qc/filtering/ERR5554746_1.filt.fastqc.html
		
Submitted job 2 with external jobid 'Submitted batch job 14033586'.
[Fri Aug 18 02:13:17 2023]
Finished job 6.
6 of 17 steps (35%) done
[Fri Aug 18 02:13:18 2023]
Finished job 2.
7 of 17 steps (41%) done
Select jobs to execute...

[Fri Aug 18 02:13:18 2023]
rule FilteringQC_multiqc:
    input: ERR5554746/qc/filtering/ERR5554746_1.filt.fastqc.html, ERR5554746/qc/filtering/ERR5554746_2.filt.fastqc.html
    output: ERR5554746/qc/filtering/filtering_report_ERR5554746.html
    jobid: 1
    reason: Input files updated by another job: ERR5554746/qc/filtering/ERR5554746_1.filt.fastqc.html, ERR5554746/qc/filtering/ERR5554746_2.filt.fastqc.html
    wildcards: sample=ERR5554746
    resources: mem_mb=5000, mem_mib=4769, disk_mb=1000, disk_mib=954, tmpdir=<TBD>, time=0-00:10:00, qos=standard


		multiqc -n ERR5554746/qc/filtering/filtering_report_ERR5554746.html --no-data-dir ERR5554746/qc/filtering
		
Submitted job 1 with external jobid 'Submitted batch job 14033587'.
[Fri Aug 18 02:13:28 2023]
Finished job 1.
8 of 17 steps (47%) done
Exiting because a job execution failed. Look above for error message
Complete log: ../../../../home/sjannalda/bgbm/projects/PlastidPipeline/.snakemake/log/2023-08-18T015026.928953.snakemake.log
