Building DAG of jobs...
Using shell: /usr/bin/bash
Provided cores: 1 (use --cores to define parallelism)
Rules claiming more threads will be scaled down.
Job stats:
job            count    min threads    max threads
-----------  -------  -------------  -------------
Backmapping        1              1              1
all                1              1              1
total              2              1              1

Select jobs to execute...

[Tue Aug  1 16:41:57 2023]
rule Backmapping:
    input: SRR17032105/backmapping/SRR17032105.backmapping.1.bt2, SRR17032105/data/SRR17032105_1.filt.fastq, SRR17032105/data/SRR17032105_2.filt.fastq
    output: SRR17032105/backmapping/SRR17032105.backmapping.sam
    jobid: 20
    reason: Missing output files: SRR17032105/backmapping/SRR17032105.backmapping.sam
    wildcards: sample=SRR17032105
    resources: tmpdir=/localscratch/tmp/sjannalda/tmp.13893740.0, mem_mb=10000, time=0-03:00:00

[Tue Aug  1 16:41:59 2023]
Error in rule Backmapping:
    jobid: 20
    input: SRR17032105/backmapping/SRR17032105.backmapping.1.bt2, SRR17032105/data/SRR17032105_1.filt.fastq, SRR17032105/data/SRR17032105_2.filt.fastq
    output: SRR17032105/backmapping/SRR17032105.backmapping.sam
    shell:
        
		module load Bowtie2
		bowtie2 --threads 1 -x SRR17032105/backmapping -1 SRR17032105/data/SRR17032105_1.filt.fastq -2 SRR17032105/data/SRR17032105_2.filt.fastq -S SRR17032105/backmapping/SRR17032105.backmapping.sam
		
        (one of the commands exited with non-zero exit code; note that snakemake uses bash strict mode!)

Shutting down, this might take some time.
Exiting because a job execution failed. Look above for error message
Complete log: ../../../../home/sjannalda/bgbm/projects/PlastidPipeline/.snakemake/log/2023-08-01T164155.841304.snakemake.log
