Building DAG of jobs...
Using shell: /usr/bin/bash
Provided cluster nodes: 500
Job stats:
job                    count    min threads    max threads
-------------------  -------  -------------  -------------
FilteringQC_fastqc         2              1              1
FilteringQC_multiqc        1              1              1
FilteringReads             2              1              1
SortReads                  2              1              1
StartQC_multiqc            1              1              1
TrimmingQC_fastqc          2              1              1
TrimmingQC_multiqc         1              1              1
all                        1              1              1
total                     12              1              1

Select jobs to execute...

[Mon Jul 31 16:51:09 2023]
rule TrimmingQC_fastqc:
    input: SRR17032105/data/SRR17032105_1.trimmed.fastq
    output: SRR17032105/qc/trimming/SRR17032105_1.trimmed.fastqc.html
    jobid: 5
    reason: Missing output files: SRR17032105/qc/trimming/SRR17032105_1.trimmed.fastqc.html
    wildcards: sample=SRR17032105, read=1
    resources: mem_mb=5000, disk_mb=2930, tmpdir=<TBD>, time=0-00:30:00, qos=standard


		module load FastQC/0.11.9-Java-11

		mkdir -p SRR17032105/qc
		mkdir -p SRR17032105/qc/trimming
		fastqc -o SRR17032105/qc/trimming SRR17032105/data/SRR17032105_1.trimmed.fastq 
		mv SRR17032105/qc/trimming/SRR17032105_1.trimmed_fastqc.html SRR17032105/qc/trimming/SRR17032105_1.trimmed.fastqc.html
		
Submitted job 5 with external jobid 'Submitted batch job 13888054'.

[Mon Jul 31 16:51:10 2023]
rule StartQC_multiqc:
    input: SRR17032105/qc/start/SRR17032105_1.fastqc.html, SRR17032105/qc/start/SRR17032105_2.fastqc.html
    output: SRR17032105/qc/start/StartReportQC_SRR17032105.html
    jobid: 1
    reason: Params have changed since last execution
    wildcards: sample=SRR17032105
    resources: mem_mb=5000, disk_mb=1000, tmpdir=<TBD>, time=0-00:10:00, qos=standard


		module load MultiQC
		multiqc -n SRR17032105/qc/start/StartReportQC_SRR17032105.html --no-data-dir SRR17032105/qc/start
		
Submitted job 1 with external jobid 'Submitted batch job 13888055'.

[Mon Jul 31 16:51:10 2023]
rule TrimmingQC_fastqc:
    input: SRR17032105/data/SRR17032105_2.trimmed.fastq
    output: SRR17032105/qc/trimming/SRR17032105_2.trimmed.fastqc.html
    jobid: 7
    reason: Missing output files: SRR17032105/qc/trimming/SRR17032105_2.trimmed.fastqc.html
    wildcards: sample=SRR17032105, read=2
    resources: mem_mb=5000, disk_mb=2616, tmpdir=<TBD>, time=0-00:30:00, qos=standard


		module load FastQC/0.11.9-Java-11

		mkdir -p SRR17032105/qc
		mkdir -p SRR17032105/qc/trimming
		fastqc -o SRR17032105/qc/trimming SRR17032105/data/SRR17032105_2.trimmed.fastq 
		mv SRR17032105/qc/trimming/SRR17032105_2.trimmed_fastqc.html SRR17032105/qc/trimming/SRR17032105_2.trimmed.fastqc.html
		
Submitted job 7 with external jobid 'Submitted batch job 13888057'.

[Mon Jul 31 16:51:11 2023]
rule SortReads:
    input: SRR17032105/data/SRR17032105_1.trimmed.fastq
    output: SRR17032105/data/SRR17032105_1.sorted.fastq
    jobid: 11
    reason: Missing output files: SRR17032105/data/SRR17032105_1.sorted.fastq
    wildcards: sample=SRR17032105, read=1
    resources: mem_mb=5000, disk_mb=2930, tmpdir=<TBD>, time=0-01:00:00, qos=standard


		module load bioawk
		bioawk -c fastx '{print}' SRR17032105/data/SRR17032105_1.trimmed.fastq | sort | awk -F'\t' '{print "@"$1;print $2;print "+"$1;print $3}' > SRR17032105/data/SRR17032105_1.sorted.fastq
		
Submitted job 11 with external jobid 'Submitted batch job 13888058'.

[Mon Jul 31 16:51:11 2023]
rule SortReads:
    input: SRR17032105/data/SRR17032105_2.trimmed.fastq
    output: SRR17032105/data/SRR17032105_2.sorted.fastq
    jobid: 14
    reason: Missing output files: SRR17032105/data/SRR17032105_2.sorted.fastq
    wildcards: sample=SRR17032105, read=2
    resources: mem_mb=5000, disk_mb=2616, tmpdir=<TBD>, time=0-01:00:00, qos=standard


		module load bioawk
		bioawk -c fastx '{print}' SRR17032105/data/SRR17032105_2.trimmed.fastq | sort | awk -F'\t' '{print "@"$1;print $2;print "+"$1;print $3}' > SRR17032105/data/SRR17032105_2.sorted.fastq
		
Submitted job 14 with external jobid 'Submitted batch job 13888059'.
[Mon Jul 31 16:51:34 2023]
Finished job 1.
1 of 12 steps (8%) done
[Mon Jul 31 16:52:00 2023]
Finished job 5.
2 of 12 steps (17%) done
[Mon Jul 31 16:52:01 2023]
Finished job 7.
3 of 12 steps (25%) done
Select jobs to execute...

[Mon Jul 31 16:52:01 2023]
rule TrimmingQC_multiqc:
    input: SRR17032105/qc/trimming/SRR17032105_1.trimmed.fastqc.html, SRR17032105/qc/trimming/SRR17032105_2.trimmed.fastqc.html
    output: SRR17032105/qc/trimming/trimming_report_SRR17032105.html
    jobid: 4
    reason: Missing output files: SRR17032105/qc/trimming/trimming_report_SRR17032105.html; Input files updated by another job: SRR17032105/qc/trimming/SRR17032105_2.trimmed.fastqc.html, SRR17032105/qc/trimming/SRR17032105_1.trimmed.fastqc.html
    wildcards: sample=SRR17032105
    resources: mem_mb=5000, disk_mb=1000, tmpdir=<TBD>, time=0-00:10:00, qos=standard


		module load MultiQC
		multiqc -n SRR17032105/qc/trimming/trimming_report_SRR17032105.html --no-data-dir SRR17032105/qc/trimming
		
Submitted job 4 with external jobid 'Submitted batch job 13888060'.
[Mon Jul 31 16:52:13 2023]
Finished job 4.
4 of 12 steps (33%) done
[Mon Jul 31 16:52:48 2023]
Finished job 14.
5 of 12 steps (42%) done
Select jobs to execute...

[Mon Jul 31 16:52:48 2023]
rule FilteringReads:
    input: SRR17032105/data/SRR17032105_2.sorted.fastq
    output: SRR17032105/data/SRR17032105_2.filt.fastq
    jobid: 13
    reason: Missing output files: SRR17032105/data/SRR17032105_2.filt.fastq; Input files updated by another job: SRR17032105/data/SRR17032105_2.sorted.fastq
    wildcards: sample=SRR17032105, read=2
    resources: mem_mb=10000, disk_mb=2317, tmpdir=<TBD>, time=0-03:00:00, qos=standard


		module load FASTX-Toolkit
		fastq_quality_filter -q 30 -i SRR17032105/data/SRR17032105_2.sorted.fastq -o SRR17032105/data/SRR17032105_2.filt.fastq
		
Submitted job 13 with external jobid 'Submitted batch job 13888062'.
[Mon Jul 31 16:53:09 2023]
Finished job 11.
6 of 12 steps (50%) done
Select jobs to execute...

[Mon Jul 31 16:53:09 2023]
rule FilteringReads:
    input: SRR17032105/data/SRR17032105_1.sorted.fastq
    output: SRR17032105/data/SRR17032105_1.filt.fastq
    jobid: 10
    reason: Missing output files: SRR17032105/data/SRR17032105_1.filt.fastq; Input files updated by another job: SRR17032105/data/SRR17032105_1.sorted.fastq
    wildcards: sample=SRR17032105, read=1
    resources: mem_mb=10000, disk_mb=2631, tmpdir=<TBD>, time=0-03:00:00, qos=standard


		module load FASTX-Toolkit
		fastq_quality_filter -q 30 -i SRR17032105/data/SRR17032105_1.sorted.fastq -o SRR17032105/data/SRR17032105_1.filt.fastq
		
Submitted job 10 with external jobid 'Submitted batch job 13888063'.
[Mon Jul 31 17:03:17 2023]
Finished job 13.
7 of 12 steps (58%) done
Select jobs to execute...

[Mon Jul 31 17:03:17 2023]
rule FilteringQC_fastqc:
    input: SRR17032105/data/SRR17032105_2.filt.fastq
    output: SRR17032105/qc/filtering/SRR17032105_2.filt.fastqc.html
    jobid: 12
    reason: Missing output files: SRR17032105/qc/filtering/SRR17032105_2.filt.fastqc.html; Input files updated by another job: SRR17032105/data/SRR17032105_2.filt.fastq
    wildcards: sample=SRR17032105, read=2
    resources: mem_mb=5000, disk_mb=2317, tmpdir=<TBD>, time=0-00:30:00, qos=standard

RuleException in rule FilteringQC_fastqc  in line 38 of /home/sjannalda/bgbm/projects/PlastidPipeline/workflow/rules/Processing.smk:
ValueError: Single '}' encountered in format string, when formatting the following:

		module load FastQC/0.11.9-Java-11

		mkdir -p {wildcards.sample}/qc
		mkdir -p wildcards.sample}/qc/filtering
		fastqc -o {wildcards.sample}/qc/filtering {input.read}
		mv {params.read} {output.read}
		
