Building DAG of jobs...
Using shell: /usr/bin/bash
Provided cluster nodes: 500
Job stats:
job                              count    min threads    max threads
-----------------------------  -------  -------------  -------------
AnnotationPostStandardization        1              1              1
AnnotationPreStandardization         1              1              1
StandardizationAnnotation            1              1              1
all                                  1              1              1
total                                4              1              1

Select jobs to execute...

[Wed Jul 26 17:04:28 2023]
localrule AnnotationPreStandardization:
    input: assembly/AM0909.complete.graph1.1.path_sequence.fasta
    output: annotation/AM0909.original.gb
    jobid: 13
    reason: Code has changed since last execution
    wildcards: sample=AM0909
    resources: mem_mb=1000, disk_mb=1000, tmpdir=/tmp, time=0-00:05:00, qos=standard

/home/sjannalda/miniconda3/bin/python3.8 /scratch/sjannalda/projects/PlastidPipelineTesting/.snakemake/scripts/tmp7hxo8jfb.GeSeqAutomation.py
[Wed Jul 26 17:05:30 2023]
Error in rule AnnotationPreStandardization:
    jobid: 13
    input: assembly/AM0909.complete.graph1.1.path_sequence.fasta
    output: annotation/AM0909.original.gb

RuleException:
CalledProcessError in line 7 of /home/sjannalda/bgbm/projects/PlastidPipeline/workflow/rules/Annotation.smk:
Command 'set -euo pipefail;  /home/sjannalda/miniconda3/bin/python3.8 /scratch/sjannalda/projects/PlastidPipelineTesting/.snakemake/scripts/tmp7hxo8jfb.GeSeqAutomation.py' returned non-zero exit status 1.
  File "/home/sjannalda/bgbm/projects/PlastidPipeline/workflow/rules/Annotation.smk", line 7, in __rule_AnnotationPreStandardization
  File "/home/sjannalda/miniconda3/lib/python3.8/concurrent/futures/thread.py", line 57, in run
Exiting because a job execution failed. Look above for error message
Complete log: ../../../../home/sjannalda/bgbm/projects/PlastidPipeline/.snakemake/log/2023-07-26T170427.307568.snakemake.log
