Building DAG of jobs...
Using shell: /usr/bin/bash
Provided cluster nodes: 500
Job stats:
job                              count    min threads    max threads
-----------------------------  -------  -------------  -------------
AnnotationPostStandardization        1              1              1
AnnotationPreStandardization         1              1              1
Assembly                             1              8              8
AssemblyConfig                       1              1              1
FilteringQC_fastqc                   2              1              1
FilteringQC_multiqc                  1              1              1
FilteringReads                       2              1              1
StandardizationAnnotation            1              1              1
TrimmingQC_fastqc                    2              1              1
TrimmingQC_multiqc                   1              1              1
all                                  1              1              1
total                               14              1              8

Select jobs to execute...

[Thu Jul 27 15:59:41 2023]
rule FilteringReads:
    input: data/SRR12432532_2.sorted.fastq
    output: data/SRR12432532_2.filt.fastq
    jobid: 13
    reason: Params have changed since last execution
    wildcards: sample=SRR12432532, read=2
    resources: mem_mb=10000, disk_mb=3456, tmpdir=<TBD>, time=0-03:00:00, qos=standard


		module load FASTX-Toolkit
		fastq_quality_filter -q 30 -i data/SRR12432532_2.sorted.fastq -o data/SRR12432532_2.filt.fastq
		
Submitted job 13 with external jobid 'Submitted batch job 13861121'.

[Thu Jul 27 15:59:41 2023]
rule AssemblyConfig:
    output: database/SeedDatabase/embplant_pt.fasta, database/SeedDatabase/embplant_mt.fasta
    jobid: 19
    reason: Missing output files: database/SeedDatabase/embplant_mt.fasta, database/SeedDatabase/embplant_pt.fasta
    resources: mem_mb=10000, disk_mb=1000, tmpdir=<TBD>, time=0-01:00:00, qos=standard


		module load Bowtie2
		module load BLAST+
		mkdir -p database
		get_organelle_config.py -a embplant_pt,embplant_mt --config-dir database
		
Submitted job 19 with external jobid 'Submitted batch job 13861122'.

[Thu Jul 27 15:59:42 2023]
rule TrimmingQC_fastqc:
    input: data/SRR12432532_1.trimmed.fastq
    output: qc/trimming/SRR12432532_1.fastqc.html
    jobid: 5
    reason: Missing output files: qc/trimming/SRR12432532_1.fastqc.html
    wildcards: sample=SRR12432532, read=1
    resources: mem_mb=5000, disk_mb=4370, tmpdir=<TBD>, time=0-00:30:00, qos=standard


		module load FastQC/0.11.9-Java-11

		mkdir -p qc
		mkdir -p qc/trimming
		fastqc -o qc/trimming data/SRR12432532_1.trimmed.fastq 
		mv qc/trimming/SRR12432532_1_fastqc.html qc/trimming/SRR12432532_1.fastqc.html
		
Submitted job 5 with external jobid 'Submitted batch job 13861123'.

[Thu Jul 27 15:59:42 2023]
rule TrimmingQC_fastqc:
    input: data/SRR12432532_2.trimmed.fastq
    output: qc/trimming/SRR12432532_2.fastqc.html
    jobid: 7
    reason: Missing output files: qc/trimming/SRR12432532_2.fastqc.html
    wildcards: sample=SRR12432532, read=2
    resources: mem_mb=5000, disk_mb=3922, tmpdir=<TBD>, time=0-00:30:00, qos=standard


		module load FastQC/0.11.9-Java-11

		mkdir -p qc
		mkdir -p qc/trimming
		fastqc -o qc/trimming data/SRR12432532_2.trimmed.fastq 
		mv qc/trimming/SRR12432532_2_fastqc.html qc/trimming/SRR12432532_2.fastqc.html
		
Submitted job 7 with external jobid 'Submitted batch job 13861124'.

[Thu Jul 27 15:59:43 2023]
rule FilteringReads:
    input: data/SRR12432532_1.sorted.fastq
    output: data/SRR12432532_1.filt.fastq
    jobid: 10
    reason: Params have changed since last execution
    wildcards: sample=SRR12432532, read=1
    resources: mem_mb=10000, disk_mb=3904, tmpdir=<TBD>, time=0-03:00:00, qos=standard


		module load FASTX-Toolkit
		fastq_quality_filter -q 30 -i data/SRR12432532_1.sorted.fastq -o data/SRR12432532_1.filt.fastq
		
Submitted job 10 with external jobid 'Submitted batch job 13861125'.
[Thu Jul 27 16:00:50 2023]
Error in rule TrimmingQC_fastqc:
    jobid: 7
    input: data/SRR12432532_2.trimmed.fastq
    output: qc/trimming/SRR12432532_2.fastqc.html
    shell:
        
		module load FastQC/0.11.9-Java-11

		mkdir -p qc
		mkdir -p qc/trimming
		fastqc -o qc/trimming data/SRR12432532_2.trimmed.fastq 
		mv qc/trimming/SRR12432532_2_fastqc.html qc/trimming/SRR12432532_2.fastqc.html
		
        (one of the commands exited with non-zero exit code; note that snakemake uses bash strict mode!)
    cluster_jobid: Submitted batch job 13861124

Error executing rule TrimmingQC_fastqc on cluster (jobid: 7, external: Submitted batch job 13861124, jobscript: /scratch/sjannalda/projects/PlastidPipelineTesting/.snakemake/tmp.xvi5m4tx/snakejob.TrimmingQC_fastqc.7.sh). For error details see the cluster log and the log files of the involved rule(s).
[Thu Jul 27 16:01:02 2023]
Error in rule AssemblyConfig:
    jobid: 19
    output: database/SeedDatabase/embplant_pt.fasta, database/SeedDatabase/embplant_mt.fasta
    shell:
        
		module load Bowtie2
		module load BLAST+
		mkdir -p database
		get_organelle_config.py -a embplant_pt,embplant_mt --config-dir database
		
        (one of the commands exited with non-zero exit code; note that snakemake uses bash strict mode!)
    cluster_jobid: Submitted batch job 13861122

Error executing rule AssemblyConfig on cluster (jobid: 19, external: Submitted batch job 13861122, jobscript: /scratch/sjannalda/projects/PlastidPipelineTesting/.snakemake/tmp.xvi5m4tx/snakejob.AssemblyConfig.19.sh). For error details see the cluster log and the log files of the involved rule(s).
[Thu Jul 27 16:01:03 2023]
Error in rule TrimmingQC_fastqc:
    jobid: 5
    input: data/SRR12432532_1.trimmed.fastq
    output: qc/trimming/SRR12432532_1.fastqc.html
    shell:
        
		module load FastQC/0.11.9-Java-11

		mkdir -p qc
		mkdir -p qc/trimming
		fastqc -o qc/trimming data/SRR12432532_1.trimmed.fastq 
		mv qc/trimming/SRR12432532_1_fastqc.html qc/trimming/SRR12432532_1.fastqc.html
		
        (one of the commands exited with non-zero exit code; note that snakemake uses bash strict mode!)
    cluster_jobid: Submitted batch job 13861123

Error executing rule TrimmingQC_fastqc on cluster (jobid: 5, external: Submitted batch job 13861123, jobscript: /scratch/sjannalda/projects/PlastidPipelineTesting/.snakemake/tmp.xvi5m4tx/snakejob.TrimmingQC_fastqc.5.sh). For error details see the cluster log and the log files of the involved rule(s).
[Thu Jul 27 16:15:57 2023]
Finished job 13.
1 of 14 steps (7%) done
Select jobs to execute...

[Thu Jul 27 16:15:57 2023]
rule FilteringQC_fastqc:
    input: data/SRR12432532_2.filt.fastq
    output: qc/filtering/SRR12432532_2.filt.fastqc.html
    jobid: 12
    reason: Input files updated by another job: data/SRR12432532_2.filt.fastq
    wildcards: sample=SRR12432532, read=2
    resources: mem_mb=5000, disk_mb=3456, tmpdir=<TBD>, time=0-00:30:00, qos=standard


		module load FastQC/0.11.9-Java-11

		mkdir -p qc
		mkdir -p qc/filtering
		fastqc -o qc/filtering data/SRR12432532_2.filt.fastq
		mv qc/filtering/SRR12432532_2.filt_fastqc.html qc/filtering/SRR12432532_2.filt.fastqc.html
		
Submitted job 12 with external jobid 'Submitted batch job 13861274'.
[Thu Jul 27 16:16:53 2023]
Finished job 12.
2 of 14 steps (14%) done
[Thu Jul 27 16:19:53 2023]
Finished job 10.
3 of 14 steps (21%) done
Select jobs to execute...

[Thu Jul 27 16:19:53 2023]
rule FilteringQC_fastqc:
    input: data/SRR12432532_1.filt.fastq
    output: qc/filtering/SRR12432532_1.filt.fastqc.html
    jobid: 9
    reason: Input files updated by another job: data/SRR12432532_1.filt.fastq
    wildcards: sample=SRR12432532, read=1
    resources: mem_mb=5000, disk_mb=3904, tmpdir=<TBD>, time=0-00:30:00, qos=standard


		module load FastQC/0.11.9-Java-11

		mkdir -p qc
		mkdir -p qc/filtering
		fastqc -o qc/filtering data/SRR12432532_1.filt.fastq
		mv qc/filtering/SRR12432532_1.filt_fastqc.html qc/filtering/SRR12432532_1.filt.fastqc.html
		
Submitted job 9 with external jobid 'Submitted batch job 13861293'.
[Thu Jul 27 16:21:03 2023]
Finished job 9.
4 of 14 steps (29%) done
Select jobs to execute...

[Thu Jul 27 16:21:03 2023]
rule FilteringQC_multiqc:
    input: qc/filtering/SRR12432532_1.filt.fastqc.html, qc/filtering/SRR12432532_2.filt.fastqc.html
    output: qc/filtering/filtering_report_SRR12432532.html
    jobid: 8
    reason: Input files updated by another job: qc/filtering/SRR12432532_2.filt.fastqc.html, qc/filtering/SRR12432532_1.filt.fastqc.html
    wildcards: sample=SRR12432532
    resources: mem_mb=5000, disk_mb=1000, tmpdir=<TBD>, time=0-00:10:00, qos=standard


		module load MultiQC
		multiqc -n qc/filtering/filtering_report_SRR12432532.html qc/filtering
		
Submitted job 8 with external jobid 'Submitted batch job 13861294'.
[Thu Jul 27 16:22:23 2023]
Error in rule FilteringQC_multiqc:
    jobid: 8
    input: qc/filtering/SRR12432532_1.filt.fastqc.html, qc/filtering/SRR12432532_2.filt.fastqc.html
    output: qc/filtering/filtering_report_SRR12432532.html
    shell:
        
		module load MultiQC
		multiqc -n qc/filtering/filtering_report_SRR12432532.html qc/filtering
		
        (one of the commands exited with non-zero exit code; note that snakemake uses bash strict mode!)
    cluster_jobid: Submitted batch job 13861294

Error executing rule FilteringQC_multiqc on cluster (jobid: 8, external: Submitted batch job 13861294, jobscript: /scratch/sjannalda/projects/PlastidPipelineTesting/.snakemake/tmp.xvi5m4tx/snakejob.FilteringQC_multiqc.8.sh). For error details see the cluster log and the log files of the involved rule(s).
Exiting because a job execution failed. Look above for error message
Complete log: ../../../../home/sjannalda/bgbm/projects/PlastidPipeline/.snakemake/log/2023-07-27T155939.809226.snakemake.log
