Building DAG of jobs...
Using shell: /usr/bin/bash
Provided cluster nodes: 500
Job stats:
job                    count    min threads    max threads
-------------------  -------  -------------  -------------
FilteringQC_fastqc         2              1              1
FilteringQC_multiqc        1              1              1
all                        1              1              1
total                      4              1              1

Select jobs to execute...

[Mon Jul 24 17:06:24 2023]
rule FilteringQC_fastqc:
    input: data/AM0909_1.filt.fastq
    output: qc/filtering/AM0909_1.filt.fastqc.html
    jobid: 5
    reason: Missing output files: qc/filtering/AM0909_1.filt.fastqc.html
    wildcards: sample=AM0909, read=1
    resources: mem_mb=5000, disk_mb=17148, tmpdir=<TBD>, time=0-00:30:00, qos=standard


		module load FastQC/0.11.9-Java-11

		mkdir -p qc
		mkdir -p qc/filtering
		fastqc -o qc/filtering qc/filtering/AM0909_1.filt_fastqc.html
		mv qc/filtering/AM0909_1.filt_fastqc.html qc/filtering/AM0909_1.filt.fastqc.html
		
Submitted job 5 with external jobid 'Submitted batch job 13730994'.

[Mon Jul 24 17:06:24 2023]
rule FilteringQC_fastqc:
    input: data/AM0909_2.filt.fastq
    output: qc/filtering/AM0909_2.filt.fastqc.html
    jobid: 8
    reason: Missing output files: qc/filtering/AM0909_2.filt.fastqc.html
    wildcards: sample=AM0909, read=2
    resources: mem_mb=5000, disk_mb=17148, tmpdir=<TBD>, time=0-00:30:00, qos=standard


		module load FastQC/0.11.9-Java-11

		mkdir -p qc
		mkdir -p qc/filtering
		fastqc -o qc/filtering qc/filtering/AM0909_2.filt_fastqc.html
		mv qc/filtering/AM0909_2.filt_fastqc.html qc/filtering/AM0909_2.filt.fastqc.html
		
Submitted job 8 with external jobid 'Submitted batch job 13730996'.
[Mon Jul 24 17:06:33 2023]
Error in rule FilteringQC_fastqc:
    jobid: 5
    input: data/AM0909_1.filt.fastq
    output: qc/filtering/AM0909_1.filt.fastqc.html
    shell:
        
		module load FastQC/0.11.9-Java-11

		mkdir -p qc
		mkdir -p qc/filtering
		fastqc -o qc/filtering qc/filtering/AM0909_1.filt_fastqc.html
		mv qc/filtering/AM0909_1.filt_fastqc.html qc/filtering/AM0909_1.filt.fastqc.html
		
        (one of the commands exited with non-zero exit code; note that snakemake uses bash strict mode!)
    cluster_jobid: Submitted batch job 13730994

Error executing rule FilteringQC_fastqc on cluster (jobid: 5, external: Submitted batch job 13730994, jobscript: /scratch/sjannalda/projects/PlastidPipelineTesting/.snakemake/tmp.ofm_diqa/snakejob.FilteringQC_fastqc.5.sh). For error details see the cluster log and the log files of the involved rule(s).
[Mon Jul 24 17:06:34 2023]
Error in rule FilteringQC_fastqc:
    jobid: 8
    input: data/AM0909_2.filt.fastq
    output: qc/filtering/AM0909_2.filt.fastqc.html
    shell:
        
		module load FastQC/0.11.9-Java-11

		mkdir -p qc
		mkdir -p qc/filtering
		fastqc -o qc/filtering qc/filtering/AM0909_2.filt_fastqc.html
		mv qc/filtering/AM0909_2.filt_fastqc.html qc/filtering/AM0909_2.filt.fastqc.html
		
        (one of the commands exited with non-zero exit code; note that snakemake uses bash strict mode!)
    cluster_jobid: Submitted batch job 13730996

Error executing rule FilteringQC_fastqc on cluster (jobid: 8, external: Submitted batch job 13730996, jobscript: /scratch/sjannalda/projects/PlastidPipelineTesting/.snakemake/tmp.ofm_diqa/snakejob.FilteringQC_fastqc.8.sh). For error details see the cluster log and the log files of the involved rule(s).
Exiting because a job execution failed. Look above for error message
Complete log: ../../../../home/sjannalda/bgbm/projects/PlastidPipeline/.snakemake/log/2023-07-24T170621.978684.snakemake.log
