Building DAG of jobs...
Using shell: /usr/bin/bash
Provided cluster nodes: 500
Job stats:
job                              count    min threads    max threads
-----------------------------  -------  -------------  -------------
AnnotationPostStandardization        1              1              1
AnnotationPreStandardization         1              1              1
FilteringQC_fastqc                   2              1              1
FilteringQC_multiqc                  1              1              1
FilteringReads                       2              1              1
SortReads                            2              1              1
StandardizationAnnotation            1              1              1
StartQC_fastqc                       2              1              1
StartQC_multiqc                      1              1              1
all                                  1              1              1
total                               14              1              1

Select jobs to execute...

[Tue Jul 25 18:56:47 2023]
localrule AnnotationPreStandardization:
    output: annotation/AM0909.original.gb
    jobid: 13
    reason: Missing output files: annotation/AM0909.original.gb; Set of input files has changed since last execution
    wildcards: sample=AM0909
    resources: mem_mb=1000, disk_mb=1000, tmpdir=/tmp, time=0-00:05:00, qos=standard

[Tue Jul 25 18:56:47 2023]
rule StartQC_fastqc:
    input: data/AM0909_1.fastq
    output: qc/start/AM0909_1.fastqc.html
    jobid: 2
    reason: Missing output files: qc/start/AM0909_1.fastqc.html
    wildcards: sample=AM0909, read=1
    resources: mem_mb=5000, disk_mb=16336, tmpdir=<TBD>, time=0-00:30:00, qos=standard


		module load FastQC/0.11.9-Java-11

		mkdir -p qc
		mkdir -p qc/start
		fastqc -o qc/start data/AM0909_1.fastq 
		mv qc/start/AM0909_1_fastqc.html qc/start/AM0909_1.fastqc.html
		
[Tue Jul 25 18:56:47 2023]
Error in rule AnnotationPreStandardization:
    jobid: 13
    output: annotation/AM0909.original.gb

RuleException:
WorkflowError in line 7 of /home/sjannalda/bgbm/projects/PlastidPipeline/workflow/rules/Annotation.smk:
Failed to open source file /home/sjannalda/bgbm/projects/PlastidPipeline/workflow/rules/scripts/GeSeqAutomation.py
FileNotFoundError: [Errno 2] No such file or directory: '/home/sjannalda/bgbm/projects/PlastidPipeline/workflow/rules/scripts/GeSeqAutomation.py'
  File "/home/sjannalda/bgbm/projects/PlastidPipeline/workflow/rules/Annotation.smk", line 7, in __rule_AnnotationPreStandardization
  File "/home/sjannalda/miniconda3/lib/python3.8/concurrent/futures/thread.py", line 57, in run
Submitted job 2 with external jobid 'Submitted batch job 13799746'.

[Tue Jul 25 18:56:47 2023]
rule SortReads:
    input: data/AM0909_2.fastq
    output: data/AM0909_2.sorted.fastq
    jobid: 10
    reason: Missing output files: data/AM0909_2.sorted.fastq
    wildcards: sample=AM0909, read=2
    resources: mem_mb=5000, disk_mb=16336, tmpdir=<TBD>, time=0-01:00:00, qos=standard

RuleException in rule SortReads  in line 8 of /home/sjannalda/bgbm/projects/PlastidPipeline/workflow/rules/Processing.smk:
AttributeError: 'InputFiles' object has no attribute 'READ', when formatting the following:

		module load bioawk
		bioawk -c fastx '{{print}}' {input.READ} | sort | awk -F'\t' '{{print "@"$1;print $2;print "+"$1;print $3}}' > {output.READ}
		
