Building DAG of jobs...
Using shell: /usr/bin/bash
Provided cores: 1 (use --cores to define parallelism)
Rules claiming more threads will be scaled down.
Job stats:
job                    count    min threads    max threads
-------------------  -------  -------------  -------------
FilteringQC_fastqc         2              1              1
FilteringQC_multiqc        1              1              1
all                        1              1              1
total                      4              1              1

Select jobs to execute...

[Mon Jul 24 17:14:27 2023]
rule FilteringQC_fastqc:
    input: data/AM0909_1.filt.fastq
    output: qc/filtering/AM0909_1.filt.fastqc.html
    jobid: 5
    reason: Missing output files: qc/filtering/AM0909_1.filt.fastqc.html
    wildcards: sample=AM0909, read=1
    resources: tmpdir=/localscratch/tmp/sjannalda/tmp.13730580.0, mem_mb=5000, time=0-00:30:00

[Mon Jul 24 17:18:25 2023]
Finished job 5.
1 of 4 steps (25%) done
Select jobs to execute...

[Mon Jul 24 17:18:25 2023]
rule FilteringQC_fastqc:
    input: data/AM0909_2.filt.fastq
    output: qc/filtering/AM0909_2.filt.fastqc.html
    jobid: 8
    reason: Missing output files: qc/filtering/AM0909_2.filt.fastqc.html
    wildcards: sample=AM0909, read=2
    resources: tmpdir=/localscratch/tmp/sjannalda/tmp.13730580.0, mem_mb=5000, time=0-00:30:00

[Mon Jul 24 17:22:19 2023]
Finished job 8.
2 of 4 steps (50%) done
Select jobs to execute...

[Mon Jul 24 17:22:19 2023]
rule FilteringQC_multiqc:
    input: qc/filtering/AM0909_1.filt.fastqc.html, qc/filtering/AM0909_2.filt.fastqc.html
    output: qc/filtering/filtering_report_AM0909.html
    jobid: 4
    reason: Missing output files: qc/filtering/filtering_report_AM0909.html; Input files updated by another job: qc/filtering/AM0909_1.filt.fastqc.html, qc/filtering/AM0909_2.filt.fastqc.html
    wildcards: sample=AM0909
    resources: tmpdir=/localscratch/tmp/sjannalda/tmp.13730580.0, mem_mb=5000, time=0-00:10:00

[Mon Jul 24 17:22:29 2023]
Finished job 4.
3 of 4 steps (75%) done
Select jobs to execute...

[Mon Jul 24 17:22:29 2023]
localrule all:
    input: qc/start/start_report_AM0909.html, qc/filtering/filtering_report_AM0909.html
    jobid: 0
    reason: Input files updated by another job: qc/filtering/filtering_report_AM0909.html
    resources: tmpdir=/localscratch/tmp/sjannalda/tmp.13730580.0

[Mon Jul 24 17:22:29 2023]
Finished job 0.
4 of 4 steps (100%) done
Complete log: ../../../../home/sjannalda/bgbm/projects/PlastidPipeline/.snakemake/log/2023-07-24T171425.534153.snakemake.log
