Building DAG of jobs...
Using shell: /usr/bin/bash
Provided cluster nodes: 500
Job stats:
job                                    count    min threads    max threads
-----------------------------------  -------  -------------  -------------
AnnotationPostStandardization              1              1              1
AnnotationPreStandardization               1              1              1
Assembly                                   1              8              8
Backmapping                                1              8              8
BuildReferenceAnnotationBackmapping        1              4              4
FilteringQC_multiqc                        2              1              1
StandardizationAnnotation                  1              1              1
StartQC_fastqc                             4              1              1
StartQC_multiqc                            2              1              1
all                                        1              1              1
total                                     15              1              8

Select jobs to execute...

[Wed Aug  2 14:02:29 2023]
rule StartQC_fastqc:
    input: /scratch/sjannalda/projects/Am21/run1/data/AM2134_1.fastq
    output: Am21/qc/start/Am21_1.fastqc.html
    jobid: 5
    reason: Missing output files: Am21/qc/start/Am21_1.fastqc.html
    wildcards: sample=Am21, read=1
    resources: mem_mb=5000, disk_mb=13076, tmpdir=<TBD>, time=0-00:30:00, qos=standard


		module load FastQC/0.11.9-Java-11

		mkdir -p Am21/qc
		mkdir -p Am21/qc/start
		fastqc -o Am21/qc/start /scratch/sjannalda/projects/Am21/run1/data/AM2134_1.fastq 
		mv Am21/qc/start/Am21_1_fastqc.html Am21/qc/start/Am21_1.fastqc.html
		
Submitted job 5 with external jobid 'Submitted batch job 13900654'.

[Wed Aug  2 14:02:29 2023]
rule FilteringQC_multiqc:
    input: Am09/qc/filtering/Am09_1.filt.fastqc.html, Am09/qc/filtering/Am09_2.filt.fastqc.html
    output: Am09/qc/filtering/filtering_report_Am09.html
    jobid: 15
    reason: Missing output files: Am09/qc/filtering/filtering_report_Am09.html
    wildcards: sample=Am09
    resources: mem_mb=5000, disk_mb=1000, tmpdir=<TBD>, time=0-00:10:00, qos=standard


		module load MultiQC
		multiqc -n Am09/qc/filtering/filtering_report_Am09.html --no-data-dir qc/Am09/filtering
		
Submitted job 15 with external jobid 'Submitted batch job 13900655'.

[Wed Aug  2 14:02:30 2023]
rule StartQC_fastqc:
    input: /scratch/sjannalda/projects/Am09/run1/data/AM0909_1.fastq
    output: Am09/qc/start/Am09_1.fastqc.html
    jobid: 2
    reason: Missing output files: Am09/qc/start/Am09_1.fastqc.html
    wildcards: sample=Am09, read=1
    resources: mem_mb=5000, disk_mb=16336, tmpdir=<TBD>, time=0-00:30:00, qos=standard


		module load FastQC/0.11.9-Java-11

		mkdir -p Am09/qc
		mkdir -p Am09/qc/start
		fastqc -o Am09/qc/start /scratch/sjannalda/projects/Am09/run1/data/AM0909_1.fastq 
		mv Am09/qc/start/Am09_1_fastqc.html Am09/qc/start/Am09_1.fastqc.html
		
Submitted job 2 with external jobid 'Submitted batch job 13900656'.

[Wed Aug  2 14:02:30 2023]
rule Assembly:
    input: database/SeedDatabase/embplant_pt.fasta, Am21/data/Am21_1.filt.fastq, Am21/data/Am21_2.filt.fastq
    output: Am21/assembly/Am21.original.fasta
    jobid: 37
    reason: Missing output files: Am21/assembly/Am21.original.fasta
    wildcards: sample=Am21
    threads: 8
    resources: mem_mb=10000, disk_mb=24543, tmpdir=<TBD>, time=0-3:00:00, qos=standard


		module load Bowtie2
		module load BLAST+
		module load SPAdes
		get_organelle_from_reads.py -1 Am21/data/Am21_1.filt.fastq -2 Am21/data/Am21_2.filt.fastq \
			-o Am21/assembly -R 30 -k 21,45,65,85,105 -P 1000000 \
			-F embplant_pt --config-dir database\
			-t 8 --prefix Am21 --overwrite
		scp Am21/assembly/*.complete.graph1.1.path_sequence.fasta Am21/assembly/Am21.original.fasta
		
Submitted job 37 with external jobid 'Submitted batch job 13900657'.

[Wed Aug  2 14:02:31 2023]
rule StartQC_fastqc:
    input: /scratch/sjannalda/projects/Am09/run1/data/AM0909_2.fastq
    output: Am09/qc/start/Am09_2.fastqc.html
    jobid: 3
    reason: Missing output files: Am09/qc/start/Am09_2.fastqc.html
    wildcards: sample=Am09, read=2
    resources: mem_mb=5000, disk_mb=16336, tmpdir=<TBD>, time=0-00:30:00, qos=standard


		module load FastQC/0.11.9-Java-11

		mkdir -p Am09/qc
		mkdir -p Am09/qc/start
		fastqc -o Am09/qc/start /scratch/sjannalda/projects/Am09/run1/data/AM0909_2.fastq 
		mv Am09/qc/start/Am09_2_fastqc.html Am09/qc/start/Am09_2.fastqc.html
		
Submitted job 3 with external jobid 'Submitted batch job 13900658'.

[Wed Aug  2 14:02:34 2023]
rule StartQC_fastqc:
    input: /scratch/sjannalda/projects/Am21/run1/data/AM2134_2.fastq
    output: Am21/qc/start/Am21_2.fastqc.html
    jobid: 6
    reason: Missing output files: Am21/qc/start/Am21_2.fastqc.html
    wildcards: sample=Am21, read=2
    resources: mem_mb=5000, disk_mb=13076, tmpdir=<TBD>, time=0-00:30:00, qos=standard


		module load FastQC/0.11.9-Java-11

		mkdir -p Am21/qc
		mkdir -p Am21/qc/start
		fastqc -o Am21/qc/start /scratch/sjannalda/projects/Am21/run1/data/AM2134_2.fastq 
		mv Am21/qc/start/Am21_2_fastqc.html Am21/qc/start/Am21_2.fastqc.html
		
Submitted job 6 with external jobid 'Submitted batch job 13900659'.

[Wed Aug  2 14:02:34 2023]
rule FilteringQC_multiqc:
    input: Am21/qc/filtering/Am21_1.filt.fastqc.html, Am21/qc/filtering/Am21_2.filt.fastqc.html
    output: Am21/qc/filtering/filtering_report_Am21.html
    jobid: 22
    reason: Missing output files: Am21/qc/filtering/filtering_report_Am21.html
    wildcards: sample=Am21
    resources: mem_mb=5000, disk_mb=1000, tmpdir=<TBD>, time=0-00:10:00, qos=standard


		module load MultiQC
		multiqc -n Am21/qc/filtering/filtering_report_Am21.html --no-data-dir qc/Am21/filtering
		
Submitted job 22 with external jobid 'Submitted batch job 13900660'.
[Wed Aug  2 14:02:45 2023]
Error in rule FilteringQC_multiqc:
    jobid: 22
    input: Am21/qc/filtering/Am21_1.filt.fastqc.html, Am21/qc/filtering/Am21_2.filt.fastqc.html
    output: Am21/qc/filtering/filtering_report_Am21.html
    shell:
        
		module load MultiQC
		multiqc -n Am21/qc/filtering/filtering_report_Am21.html --no-data-dir qc/Am21/filtering
		
        (one of the commands exited with non-zero exit code; note that snakemake uses bash strict mode!)
    cluster_jobid: Submitted batch job 13900660

Error executing rule FilteringQC_multiqc on cluster (jobid: 22, external: Submitted batch job 13900660, jobscript: /scratch/sjannalda/projects/PlastidPipelineTesting/.snakemake/tmp.pxrm5jz0/snakejob.FilteringQC_multiqc.22.sh). For error details see the cluster log and the log files of the involved rule(s).
[Wed Aug  2 14:02:56 2023]
Error in rule FilteringQC_multiqc:
    jobid: 15
    input: Am09/qc/filtering/Am09_1.filt.fastqc.html, Am09/qc/filtering/Am09_2.filt.fastqc.html
    output: Am09/qc/filtering/filtering_report_Am09.html
    shell:
        
		module load MultiQC
		multiqc -n Am09/qc/filtering/filtering_report_Am09.html --no-data-dir qc/Am09/filtering
		
        (one of the commands exited with non-zero exit code; note that snakemake uses bash strict mode!)
    cluster_jobid: Submitted batch job 13900655

Error executing rule FilteringQC_multiqc on cluster (jobid: 15, external: Submitted batch job 13900655, jobscript: /scratch/sjannalda/projects/PlastidPipelineTesting/.snakemake/tmp.pxrm5jz0/snakejob.FilteringQC_multiqc.15.sh). For error details see the cluster log and the log files of the involved rule(s).
[Wed Aug  2 14:05:19 2023]
Error in rule StartQC_fastqc:
    jobid: 3
    input: /scratch/sjannalda/projects/Am09/run1/data/AM0909_2.fastq
    output: Am09/qc/start/Am09_2.fastqc.html
    shell:
        
		module load FastQC/0.11.9-Java-11

		mkdir -p Am09/qc
		mkdir -p Am09/qc/start
		fastqc -o Am09/qc/start /scratch/sjannalda/projects/Am09/run1/data/AM0909_2.fastq 
		mv Am09/qc/start/Am09_2_fastqc.html Am09/qc/start/Am09_2.fastqc.html
		
        (one of the commands exited with non-zero exit code; note that snakemake uses bash strict mode!)
    cluster_jobid: Submitted batch job 13900658

Error executing rule StartQC_fastqc on cluster (jobid: 3, external: Submitted batch job 13900658, jobscript: /scratch/sjannalda/projects/PlastidPipelineTesting/.snakemake/tmp.pxrm5jz0/snakejob.StartQC_fastqc.3.sh). For error details see the cluster log and the log files of the involved rule(s).
[Wed Aug  2 14:05:30 2023]
Error in rule StartQC_fastqc:
    jobid: 5
    input: /scratch/sjannalda/projects/Am21/run1/data/AM2134_1.fastq
    output: Am21/qc/start/Am21_1.fastqc.html
    shell:
        
		module load FastQC/0.11.9-Java-11

		mkdir -p Am21/qc
		mkdir -p Am21/qc/start
		fastqc -o Am21/qc/start /scratch/sjannalda/projects/Am21/run1/data/AM2134_1.fastq 
		mv Am21/qc/start/Am21_1_fastqc.html Am21/qc/start/Am21_1.fastqc.html
		
        (one of the commands exited with non-zero exit code; note that snakemake uses bash strict mode!)
    cluster_jobid: Submitted batch job 13900654

Error executing rule StartQC_fastqc on cluster (jobid: 5, external: Submitted batch job 13900654, jobscript: /scratch/sjannalda/projects/PlastidPipelineTesting/.snakemake/tmp.pxrm5jz0/snakejob.StartQC_fastqc.5.sh). For error details see the cluster log and the log files of the involved rule(s).
[Wed Aug  2 14:05:45 2023]
Error in rule StartQC_fastqc:
    jobid: 6
    input: /scratch/sjannalda/projects/Am21/run1/data/AM2134_2.fastq
    output: Am21/qc/start/Am21_2.fastqc.html
    shell:
        
		module load FastQC/0.11.9-Java-11

		mkdir -p Am21/qc
		mkdir -p Am21/qc/start
		fastqc -o Am21/qc/start /scratch/sjannalda/projects/Am21/run1/data/AM2134_2.fastq 
		mv Am21/qc/start/Am21_2_fastqc.html Am21/qc/start/Am21_2.fastqc.html
		
        (one of the commands exited with non-zero exit code; note that snakemake uses bash strict mode!)
    cluster_jobid: Submitted batch job 13900659

Error executing rule StartQC_fastqc on cluster (jobid: 6, external: Submitted batch job 13900659, jobscript: /scratch/sjannalda/projects/PlastidPipelineTesting/.snakemake/tmp.pxrm5jz0/snakejob.StartQC_fastqc.6.sh). For error details see the cluster log and the log files of the involved rule(s).
[Wed Aug  2 14:06:17 2023]
Error in rule StartQC_fastqc:
    jobid: 2
    input: /scratch/sjannalda/projects/Am09/run1/data/AM0909_1.fastq
    output: Am09/qc/start/Am09_1.fastqc.html
    shell:
        
		module load FastQC/0.11.9-Java-11

		mkdir -p Am09/qc
		mkdir -p Am09/qc/start
		fastqc -o Am09/qc/start /scratch/sjannalda/projects/Am09/run1/data/AM0909_1.fastq 
		mv Am09/qc/start/Am09_1_fastqc.html Am09/qc/start/Am09_1.fastqc.html
		
        (one of the commands exited with non-zero exit code; note that snakemake uses bash strict mode!)
    cluster_jobid: Submitted batch job 13900656

Error executing rule StartQC_fastqc on cluster (jobid: 2, external: Submitted batch job 13900656, jobscript: /scratch/sjannalda/projects/PlastidPipelineTesting/.snakemake/tmp.pxrm5jz0/snakejob.StartQC_fastqc.2.sh). For error details see the cluster log and the log files of the involved rule(s).
[Wed Aug  2 14:12:48 2023]
Error in rule Assembly:
    jobid: 37
    input: database/SeedDatabase/embplant_pt.fasta, Am21/data/Am21_1.filt.fastq, Am21/data/Am21_2.filt.fastq
    output: Am21/assembly/Am21.original.fasta
    shell:
        
		module load Bowtie2
		module load BLAST+
		module load SPAdes
		get_organelle_from_reads.py -1 Am21/data/Am21_1.filt.fastq -2 Am21/data/Am21_2.filt.fastq \
			-o Am21/assembly -R 30 -k 21,45,65,85,105 -P 1000000 \
			-F embplant_pt --config-dir database\
			-t 8 --prefix Am21 --overwrite
		scp Am21/assembly/*.complete.graph1.1.path_sequence.fasta Am21/assembly/Am21.original.fasta
		
        (one of the commands exited with non-zero exit code; note that snakemake uses bash strict mode!)
    cluster_jobid: Submitted batch job 13900657

Error executing rule Assembly on cluster (jobid: 37, external: Submitted batch job 13900657, jobscript: /scratch/sjannalda/projects/PlastidPipelineTesting/.snakemake/tmp.pxrm5jz0/snakejob.Assembly.37.sh). For error details see the cluster log and the log files of the involved rule(s).
Exiting because a job execution failed. Look above for error message
Complete log: ../../../../home/sjannalda/bgbm/projects/PlastidPipeline/.snakemake/log/2023-08-02T140219.717476.snakemake.log
