Building DAG of jobs...
Using shell: /usr/bin/bash
Provided cluster nodes: 500
Job stats:
job                              count    min threads    max threads
-----------------------------  -------  -------------  -------------
AnnotationPostStandardization        1              1              1
AnnotationPreStandardization         1              1              1
Assembly                             1             16             16
FilteringQC_fastqc                   2              1              1
FilteringQC_multiqc                  1              1              1
FilteringReads                       2              1              1
SortReads                            2              1              1
StandardizationAnnotation            1              1              1
StartQC_fastqc                       2              1              1
StartQC_multiqc                      1              1              1
TrimReads                            1              1              1
TrimmingQC_fastqc                    2              1              1
TrimmingQC_multiqc                   1              1              1
all                                  1              1              1
total                               19              1             16

Select jobs to execute...

[Fri Jul 28 17:25:02 2023]
rule StartQC_fastqc:
    input: data/SRR17032105_1.fastq
    output: qc/SRR17032105/start/SRR17032105_1.fastqc.html
    jobid: 2
    reason: Missing output files: qc/SRR17032105/start/SRR17032105_1.fastqc.html
    wildcards: sample=SRR17032105, read=1
    resources: mem_mb=5000, disk_mb=3468, tmpdir=<TBD>, time=0-00:30:00, qos=standard


		module load FastQC/0.11.9-Java-11

		mkdir -p qc
		mkdir -p qc/SRR17032105
		mkdir -p qc/SRR17032105/start
		fastqc -o qc/SRR17032105/start data/SRR17032105_1.fastq 
		mv qc/SRR17032105/start/SRR17032105_1_fastqc.html qc/SRR17032105/start/SRR17032105_1.fastqc.html
		
Submitted job 2 with external jobid 'Submitted batch job 13876630'.

[Fri Jul 28 17:25:02 2023]
rule TrimReads:
    input: data/SRR17032105_1.fastq, data/SRR17032105_2.fastq
    output: data/SRR17032105_1.trimmed.fastq, data/SRR17032105_2.trimmed.fastq, data/SRR17032105_U1.trimmed.fastq, data/SRR17032105_U2.trimmed.fastq
    jobid: 6
    reason: Missing output files: data/SRR17032105_1.trimmed.fastq, data/SRR17032105_2.trimmed.fastq
    wildcards: sample=SRR17032105
    resources: mem_mb=5000, disk_mb=6935, tmpdir=<TBD>, time=0-02:00:00, qos=standard


		module load Trimmomatic
		java -jar $EBROOTTRIMMOMATIC/trimmomatic-0.39.jar PE -phred33 data/SRR17032105_1.fastq data/SRR17032105_2.fastq \
			data/SRR17032105_1.trimmed.fastq data/SRR17032105_U1.trimmed.fastq data/SRR17032105_2.trimmed.fastq data/SRR17032105_U2.trimmed.fastq \ 
			ILLUMINACLIP:$EBROOTTRIMMOMATIC/adapters/TruSeq3-PE-2.fa:2:30:10 LEADING:20 TRAILING:20 SLIDINGWINDOW:5:20 MINLEN:36
		
Submitted job 6 with external jobid 'Submitted batch job 13876631'.

[Fri Jul 28 17:25:03 2023]
rule StartQC_fastqc:
    input: data/SRR17032105_2.fastq
    output: qc/SRR17032105/start/SRR17032105_2.fastqc.html
    jobid: 3
    reason: Missing output files: qc/SRR17032105/start/SRR17032105_2.fastqc.html
    wildcards: sample=SRR17032105, read=2
    resources: mem_mb=5000, disk_mb=3468, tmpdir=<TBD>, time=0-00:30:00, qos=standard


		module load FastQC/0.11.9-Java-11

		mkdir -p qc
		mkdir -p qc/SRR17032105
		mkdir -p qc/SRR17032105/start
		fastqc -o qc/SRR17032105/start data/SRR17032105_2.fastq 
		mv qc/SRR17032105/start/SRR17032105_2_fastqc.html qc/SRR17032105/start/SRR17032105_2.fastqc.html
		
Submitted job 3 with external jobid 'Submitted batch job 13876632'.
[Fri Jul 28 17:25:12 2023]
Error in rule TrimReads:
    jobid: 6
    input: data/SRR17032105_1.fastq, data/SRR17032105_2.fastq
    output: data/SRR17032105_1.trimmed.fastq, data/SRR17032105_2.trimmed.fastq, data/SRR17032105_U1.trimmed.fastq, data/SRR17032105_U2.trimmed.fastq
    shell:
        
		module load Trimmomatic
		java -jar $EBROOTTRIMMOMATIC/trimmomatic-0.39.jar PE -phred33 data/SRR17032105_1.fastq data/SRR17032105_2.fastq \
			data/SRR17032105_1.trimmed.fastq data/SRR17032105_U1.trimmed.fastq data/SRR17032105_2.trimmed.fastq data/SRR17032105_U2.trimmed.fastq \ 
			ILLUMINACLIP:$EBROOTTRIMMOMATIC/adapters/TruSeq3-PE-2.fa:2:30:10 LEADING:20 TRAILING:20 SLIDINGWINDOW:5:20 MINLEN:36
		
        (one of the commands exited with non-zero exit code; note that snakemake uses bash strict mode!)
    cluster_jobid: Submitted batch job 13876631

Error executing rule TrimReads on cluster (jobid: 6, external: Submitted batch job 13876631, jobscript: /scratch/sjannalda/projects/PlastidPipelineTesting/.snakemake/tmp.yurwhb5z/snakejob.TrimReads.6.sh). For error details see the cluster log and the log files of the involved rule(s).
[Fri Jul 28 17:26:07 2023]
Finished job 2.
1 of 19 steps (5%) done
[Fri Jul 28 17:26:08 2023]
Finished job 3.
2 of 19 steps (11%) done
Select jobs to execute...

[Fri Jul 28 17:26:08 2023]
rule StartQC_multiqc:
    input: qc/SRR17032105/start/SRR17032105_1.fastqc.html, qc/SRR17032105/start/SRR17032105_2.fastqc.html
    output: qc/SRR17032105/start/start_report_SRR17032105.html
    jobid: 1
    reason: Missing output files: qc/SRR17032105/start/start_report_SRR17032105.html; Input files updated by another job: qc/SRR17032105/start/SRR17032105_1.fastqc.html, qc/SRR17032105/start/SRR17032105_2.fastqc.html
    wildcards: sample=SRR17032105
    resources: mem_mb=5000, disk_mb=1000, tmpdir=<TBD>, time=0-00:10:00, qos=standard


		module load MultiQC
		multiqc -n qc/SRR17032105/start/start_report_SRR17032105.html --no-data-dir qc/SRR17032105/start
		
Submitted job 1 with external jobid 'Submitted batch job 13876639'.
[Fri Jul 28 17:26:18 2023]
Finished job 1.
3 of 19 steps (16%) done
Exiting because a job execution failed. Look above for error message
Complete log: ../../../../home/sjannalda/bgbm/projects/PlastidPipeline/.snakemake/log/2023-07-28T172459.675665.snakemake.log
