Building DAG of jobs...
Using shell: /usr/bin/bash
Provided cluster nodes: 500
Job stats:
job                              count    min threads    max threads
-----------------------------  -------  -------------  -------------
AnnotationPostStandardization        1              1              1
AnnotationPreStandardization         1              1              1
StandardizationAnnotation            1              1              1
all                                  1              1              1
total                                4              1              1

Select jobs to execute...

[Tue Jul 25 14:46:12 2023]
localrule AnnotationPreStandardization:
    input: assembly/embplant_pt.K105.complete.graph1.1.path_sequence.fasta
    output: annotation/AM0909.original.gb
    jobid: 13
    reason: Code has changed since last execution
    wildcards: sample=AM0909
    resources: mem_mb=1000, disk_mb=1000, tmpdir=/tmp, time=0-00:05:00, qos=standard

/home/sjannalda/miniconda3/bin/python3.8 /scratch/sjannalda/projects/PlastidPipelineTesting/.snakemake/scripts/tmpwjrenye3.GeSeqAutomation.py
[Tue Jul 25 14:47:06 2023]
Finished job 13.
1 of 4 steps (25%) done
Select jobs to execute...

[Tue Jul 25 14:47:06 2023]
rule StandardizationAnnotation:
    input: annotation/AM0909.original.gb
    output: annotation/AM0909.standardardized.fasta
    jobid: 12
    reason: Missing output files: annotation/AM0909.standardardized.fasta; Input files updated by another job: annotation/AM0909.original.gb
    wildcards: sample=AM0909
    resources: mem_mb=5000, disk_mb=1000, tmpdir=<TBD>, time=0-1:00:00, qos=standard

Submitted job 12 with external jobid 'Submitted batch job 13784314'.
[Tue Jul 25 14:47:22 2023]
Error in rule StandardizationAnnotation:
    jobid: 12
    input: annotation/AM0909.original.gb
    output: annotation/AM0909.standardardized.fasta
    cluster_jobid: Submitted batch job 13784314

Error executing rule StandardizationAnnotation on cluster (jobid: 12, external: Submitted batch job 13784314, jobscript: /scratch/sjannalda/projects/PlastidPipelineTesting/.snakemake/tmp.n5b0uonl/snakejob.StandardizationAnnotation.12.sh). For error details see the cluster log and the log files of the involved rule(s).
Exiting because a job execution failed. Look above for error message
Complete log: ../../../../home/sjannalda/bgbm/projects/PlastidPipeline/.snakemake/log/2023-07-25T144610.605859.snakemake.log
