Building DAG of jobs...
Using shell: /usr/bin/bash
Provided cores: 1 (use --cores to define parallelism)
Rules claiming more threads will be scaled down.
Job stats:
job            count    min threads    max threads
-----------  -------  -------------  -------------
Backmapping        1              1              1
all                1              1              1
total              2              1              1

Select jobs to execute...

[Tue Aug  1 16:42:21 2023]
rule Backmapping:
    input: SRR17032105/backmapping/SRR17032105.backmapping.1.bt2, SRR17032105/data/SRR17032105_1.filt.fastq, SRR17032105/data/SRR17032105_2.filt.fastq
    output: SRR17032105/backmapping/SRR17032105.backmapping.sam
    jobid: 20
    reason: Missing output files: SRR17032105/backmapping/SRR17032105.backmapping.sam
    wildcards: sample=SRR17032105
    resources: tmpdir=/localscratch/tmp/sjannalda/tmp.13893740.0, mem_mb=10000, time=0-03:00:00

[Tue Aug  1 16:44:23 2023]
Finished job 20.
1 of 2 steps (50%) done
Select jobs to execute...

[Tue Aug  1 16:44:23 2023]
localrule all:
    input: SRR17032105/qc/start/StartReportQC_SRR17032105.html, SRR17032105/qc/trimming/trimming_report_SRR17032105.html, SRR17032105/qc/filtering/filtering_report_SRR17032105.html, SRR17032105/annotation/SRR17032105.standardardized.gb, SRR17032105/annotation/SRR17032105.standardardized.fasta, SRR17032105/backmapping/SRR17032105.backmapping.sam
    jobid: 0
    reason: Input files updated by another job: SRR17032105/backmapping/SRR17032105.backmapping.sam
    resources: tmpdir=/localscratch/tmp/sjannalda/tmp.13893740.0

[Tue Aug  1 16:44:23 2023]
Finished job 0.
2 of 2 steps (100%) done
Complete log: ../../../../home/sjannalda/bgbm/projects/PlastidPipeline/.snakemake/log/2023-08-01T164220.379909.snakemake.log
