Building DAG of jobs...
Using shell: /usr/bin/bash
Provided cluster nodes: 500
Job stats:
job            count    min threads    max threads
-----------  -------  -------------  -------------
Backmapping        1              8              8
all                1              1              1
total              2              1              8

Select jobs to execute...

[Tue Aug  1 16:40:34 2023]
rule Backmapping:
    input: SRR17032105/backmapping/SRR17032105.backmapping.1.bt2, SRR17032105/data/SRR17032105_1.filt.fastq, SRR17032105/data/SRR17032105_2.filt.fastq
    output: SRR17032105/backmapping/SRR17032105.backmapping.sam
    jobid: 20
    reason: Missing output files: SRR17032105/backmapping/SRR17032105.backmapping.sam
    wildcards: sample=SRR17032105
    threads: 8
    resources: mem_mb=10000, disk_mb=4957, tmpdir=<TBD>, time=0-03:00:00, qos=standard


		module load Bowtie2
		bowtie2 --threads 8 -x SRR17032105/backmapping -1 SRR17032105/data/SRR17032105_1.filt.fastq -2 SRR17032105/data/SRR17032105_2.filt.fastq -S SRR17032105/backmapping/SRR17032105.backmapping.sam
		
Submitted job 20 with external jobid 'Submitted batch job 13893738'.
[Tue Aug  1 16:40:54 2023]
Error in rule Backmapping:
    jobid: 20
    input: SRR17032105/backmapping/SRR17032105.backmapping.1.bt2, SRR17032105/data/SRR17032105_1.filt.fastq, SRR17032105/data/SRR17032105_2.filt.fastq
    output: SRR17032105/backmapping/SRR17032105.backmapping.sam
    shell:
        
		module load Bowtie2
		bowtie2 --threads 8 -x SRR17032105/backmapping -1 SRR17032105/data/SRR17032105_1.filt.fastq -2 SRR17032105/data/SRR17032105_2.filt.fastq -S SRR17032105/backmapping/SRR17032105.backmapping.sam
		
        (one of the commands exited with non-zero exit code; note that snakemake uses bash strict mode!)
    cluster_jobid: Submitted batch job 13893738

Error executing rule Backmapping on cluster (jobid: 20, external: Submitted batch job 13893738, jobscript: /scratch/sjannalda/projects/PlastidPipelineTesting/.snakemake/tmp.mxlrykm5/snakejob.Backmapping.20.sh). For error details see the cluster log and the log files of the involved rule(s).
Exiting because a job execution failed. Look above for error message
Complete log: ../../../../home/sjannalda/bgbm/projects/PlastidPipeline/.snakemake/log/2023-08-01T164031.379553.snakemake.log
