Building DAG of jobs...
Using shell: /usr/bin/bash
Provided cores: 1 (use --cores to define parallelism)
Rules claiming more threads will be scaled down.
Job stats:
job                count    min threads    max threads
---------------  -------  -------------  -------------
StartQC_multiqc        1              1              1
all                    1              1              1
total                  2              1              1

Select jobs to execute...

[Wed Jul  5 17:24:45 2023]
rule StartQC_multiqc:
    input: qc/start/AM0909_1_fastqc.html, qc/start/AM0909_2_fastqc.html
    output: qc/start/start_report_AM0909.html
    jobid: 1
    reason: Missing output files: qc/start/start_report_AM0909.html
    wildcards: sample=AM0909
    resources: tmpdir=/scratch/tmp/sjannalda/tmp.13561156.0, mem_mb=5000, time=0-00:10:00

[Wed Jul  5 17:24:55 2023]
Finished job 1.
1 of 2 steps (50%) done
Select jobs to execute...

[Wed Jul  5 17:24:55 2023]
localrule all:
    input: qc/start/start_report_AM0909.html
    jobid: 0
    reason: Input files updated by another job: qc/start/start_report_AM0909.html
    resources: tmpdir=/scratch/tmp/sjannalda/tmp.13561156.0

[Wed Jul  5 17:24:55 2023]
Finished job 0.
2 of 2 steps (100%) done
Complete log: ../../../../home/sjannalda/bgbm/projects/PlastidPipeline/.snakemake/log/2023-07-05T172445.138487.snakemake.log
