Building DAG of jobs...
Using shell: /usr/bin/bash
Provided cluster nodes: 500
Job stats:
job                             count    min threads    max threads
----------------------------  -------  -------------  -------------
AnnotationPreStandardization        1              1              1
all                                 1              1              1
total                               2              1              1

Select jobs to execute...

[Mon Jul 24 19:46:53 2023]
localrule AnnotationPreStandardization:
    input: assembly/embplant_pt.K105.complete.graph1.1.path_sequence.fasta
    output: cool.txt
    jobid: 11
    reason: Missing output files: cool.txt
    resources: mem_mb=5000, disk_mb=1000, tmpdir=/localscratch/tmp/sjannalda/tmp.13746148.0, time=0-1:00:00, qos=standard


		python scripts/GeSeqAutomation.py
		echo "hi" > cool.txt
		
[Mon Jul 24 19:46:53 2023]
Error in rule AnnotationPreStandardization:
    jobid: 11
    input: assembly/embplant_pt.K105.complete.graph1.1.path_sequence.fasta
    output: cool.txt
    shell:
        
		python scripts/GeSeqAutomation.py
		echo "hi" > cool.txt
		
        (one of the commands exited with non-zero exit code; note that snakemake uses bash strict mode!)

Exiting because a job execution failed. Look above for error message
Complete log: ../../../../home/sjannalda/bgbm/projects/PlastidPipeline/.snakemake/log/2023-07-24T194650.704062.snakemake.log
