Building DAG of jobs...
Using shell: /usr/bin/bash
Provided cluster nodes: 500
Job stats:
job                              count    min threads    max threads
-----------------------------  -------  -------------  -------------
AnnotationPostStandardization        1              1              1
AnnotationPreStandardization         1              1              1
FilteringQC_fastqc                   2              1              1
FilteringQC_multiqc                  1              1              1
FilteringReads                       2              1              1
SortReads                            2              1              1
StandardizationAnnotation            1              1              1
StartQC_fastqc                       2              1              1
StartQC_multiqc                      1              1              1
all                                  1              1              1
total                               14              1              1

Select jobs to execute...

[Tue Jul 25 18:58:44 2023]
localrule AnnotationPreStandardization:
    output: annotation/AM0909.original.gb
    jobid: 13
    reason: Missing output files: annotation/AM0909.original.gb; Set of input files has changed since last execution; Code has changed since last execution
    wildcards: sample=AM0909
    resources: mem_mb=1000, disk_mb=1000, tmpdir=/tmp, time=0-00:05:00, qos=standard

[Tue Jul 25 18:58:44 2023]
rule StartQC_fastqc:
    input: data/AM0909_1.fastq
    output: qc/start/AM0909_1.fastqc.html
    jobid: 2
    reason: Missing output files: qc/start/AM0909_1.fastqc.html
    wildcards: sample=AM0909, read=1
    resources: mem_mb=5000, disk_mb=16336, tmpdir=<TBD>, time=0-00:30:00, qos=standard


		module load FastQC/0.11.9-Java-11

		mkdir -p qc
		mkdir -p qc/start
		fastqc -o qc/start data/AM0909_1.fastq 
		mv qc/start/AM0909_1_fastqc.html qc/start/AM0909_1.fastqc.html
		
/home/sjannalda/miniconda3/bin/python3.8 /scratch/sjannalda/projects/PlastidPipelineTesting/.snakemake/scripts/tmpezqiq3kt.GeSeqAutomation.py
Submitted job 2 with external jobid 'Submitted batch job 13799970'.

[Tue Jul 25 18:58:44 2023]
rule SortReads:
    input: data/AM0909_2.fastq
    output: data/AM0909_2.sorted.fastq
    jobid: 10
    reason: Missing output files: data/AM0909_2.sorted.fastq; Code has changed since last execution
    wildcards: sample=AM0909, read=2
    resources: mem_mb=5000, disk_mb=16336, tmpdir=<TBD>, time=0-01:00:00, qos=standard


		module load bioawk
		bioawk -c fastx '{print}' data/AM0909_2.fastq | sort | awk -F'\t' '{print "@"$1;print $2;print "+"$1;print $3}' > data/AM0909_2.sorted.fastq
		
Submitted job 10 with external jobid 'Submitted batch job 13799971'.

[Tue Jul 25 18:58:45 2023]
rule StartQC_fastqc:
    input: data/AM0909_2.fastq
    output: qc/start/AM0909_2.fastqc.html
    jobid: 3
    reason: Missing output files: qc/start/AM0909_2.fastqc.html
    wildcards: sample=AM0909, read=2
    resources: mem_mb=5000, disk_mb=16336, tmpdir=<TBD>, time=0-00:30:00, qos=standard


		module load FastQC/0.11.9-Java-11

		mkdir -p qc
		mkdir -p qc/start
		fastqc -o qc/start data/AM0909_2.fastq 
		mv qc/start/AM0909_2_fastqc.html qc/start/AM0909_2.fastqc.html
		
[Tue Jul 25 18:58:45 2023]
Error in rule AnnotationPreStandardization:
    jobid: 13
    output: annotation/AM0909.original.gb

RuleException:
CalledProcessError in line 7 of /home/sjannalda/bgbm/projects/PlastidPipeline/workflow/rules/Annotation.smk:
Command 'set -euo pipefail;  /home/sjannalda/miniconda3/bin/python3.8 /scratch/sjannalda/projects/PlastidPipelineTesting/.snakemake/scripts/tmpezqiq3kt.GeSeqAutomation.py' returned non-zero exit status 1.
  File "/home/sjannalda/bgbm/projects/PlastidPipeline/workflow/rules/Annotation.smk", line 7, in __rule_AnnotationPreStandardization
  File "/home/sjannalda/miniconda3/lib/python3.8/concurrent/futures/thread.py", line 57, in run
Submitted job 3 with external jobid 'Submitted batch job 13799972'.

[Tue Jul 25 18:58:45 2023]
rule SortReads:
    input: data/AM0909_1.fastq
    output: data/AM0909_1.sorted.fastq
    jobid: 7
    reason: Missing output files: data/AM0909_1.sorted.fastq; Code has changed since last execution
    wildcards: sample=AM0909, read=1
    resources: mem_mb=5000, disk_mb=16336, tmpdir=<TBD>, time=0-01:00:00, qos=standard


		module load bioawk
		bioawk -c fastx '{print}' data/AM0909_1.fastq | sort | awk -F'\t' '{print "@"$1;print $2;print "+"$1;print $3}' > data/AM0909_1.sorted.fastq
		
Submitted job 7 with external jobid 'Submitted batch job 13799973'.
[Tue Jul 25 19:02:37 2023]
Finished job 3.
1 of 14 steps (7%) done
[Tue Jul 25 19:02:48 2023]
Finished job 2.
2 of 14 steps (14%) done
Select jobs to execute...

[Tue Jul 25 19:02:48 2023]
rule StartQC_multiqc:
    input: qc/start/AM0909_1.fastqc.html, qc/start/AM0909_2.fastqc.html
    output: qc/start/start_report_AM0909.html
    jobid: 1
    reason: Missing output files: qc/start/start_report_AM0909.html; Input files updated by another job: qc/start/AM0909_2.fastqc.html, qc/start/AM0909_1.fastqc.html; Set of input files has changed since last execution
    wildcards: sample=AM0909
    resources: mem_mb=5000, disk_mb=1000, tmpdir=<TBD>, time=0-00:10:00, qos=standard


		module load MultiQC
		multiqc -n qc/start/start_report_AM0909.html qc/start
		
Submitted job 1 with external jobid 'Submitted batch job 13800100'.
[Tue Jul 25 19:03:12 2023]
Finished job 1.
3 of 14 steps (21%) done
[Tue Jul 25 19:12:46 2023]
Finished job 7.
4 of 14 steps (29%) done
Select jobs to execute...

[Tue Jul 25 19:12:46 2023]
rule FilteringReads:
    input: data/AM0909_1.sorted.fastq
    output: data/AM0909_1.filt.fastq
    jobid: 6
    reason: Missing output files: data/AM0909_1.filt.fastq; Input files updated by another job: data/AM0909_1.sorted.fastq
    wildcards: sample=AM0909, read=1
    resources: mem_mb=10000, disk_mb=17148, tmpdir=<TBD>, time=0-03:00:00, qos=standard


		module load FASTX-Toolkit
		fastq_quality_filter -q 30 -i data/AM0909_1.sorted.fastq -o data/AM0909_1.filt.fastq
		
Submitted job 6 with external jobid 'Submitted batch job 13800321'.
[Tue Jul 25 19:12:56 2023]
Finished job 10.
5 of 14 steps (36%) done
Select jobs to execute...

[Tue Jul 25 19:12:57 2023]
rule FilteringReads:
    input: data/AM0909_2.sorted.fastq
    output: data/AM0909_2.filt.fastq
    jobid: 9
    reason: Missing output files: data/AM0909_2.filt.fastq; Input files updated by another job: data/AM0909_2.sorted.fastq
    wildcards: sample=AM0909, read=2
    resources: mem_mb=10000, disk_mb=17148, tmpdir=<TBD>, time=0-03:00:00, qos=standard


		module load FASTX-Toolkit
		fastq_quality_filter -q 30 -i data/AM0909_2.sorted.fastq -o data/AM0909_2.filt.fastq
		
Submitted job 9 with external jobid 'Submitted batch job 13800323'.
[Tue Jul 25 20:27:42 2023]
Finished job 6.
6 of 14 steps (43%) done
Select jobs to execute...

[Tue Jul 25 20:27:43 2023]
rule FilteringQC_fastqc:
    input: data/AM0909_1.filt.fastq
    output: qc/filtering/AM0909_1.filt.fastqc.html
    jobid: 5
    reason: Missing output files: qc/filtering/AM0909_1.filt.fastqc.html; Input files updated by another job: data/AM0909_1.filt.fastq
    wildcards: sample=AM0909, read=1
    resources: mem_mb=5000, disk_mb=17148, tmpdir=<TBD>, time=0-00:30:00, qos=standard


		module load FastQC/0.11.9-Java-11

		mkdir -p qc
		mkdir -p qc/filtering
		fastqc -o qc/filtering data/AM0909_1.filt.fastq
		mv qc/filtering/AM0909_1.filt_fastqc.html qc/filtering/AM0909_1.filt.fastqc.html
		
Submitted job 5 with external jobid 'Submitted batch job 13803797'.
[Tue Jul 25 20:31:33 2023]
Finished job 5.
7 of 14 steps (50%) done
[Tue Jul 25 20:35:04 2023]
Finished job 9.
8 of 14 steps (57%) done
Select jobs to execute...

[Tue Jul 25 20:35:04 2023]
rule FilteringQC_fastqc:
    input: data/AM0909_2.filt.fastq
    output: qc/filtering/AM0909_2.filt.fastqc.html
    jobid: 8
    reason: Missing output files: qc/filtering/AM0909_2.filt.fastqc.html; Input files updated by another job: data/AM0909_2.filt.fastq
    wildcards: sample=AM0909, read=2
    resources: mem_mb=5000, disk_mb=17148, tmpdir=<TBD>, time=0-00:30:00, qos=standard


		module load FastQC/0.11.9-Java-11

		mkdir -p qc
		mkdir -p qc/filtering
		fastqc -o qc/filtering data/AM0909_2.filt.fastq
		mv qc/filtering/AM0909_2.filt_fastqc.html qc/filtering/AM0909_2.filt.fastqc.html
		
Submitted job 8 with external jobid 'Submitted batch job 13804331'.
[Tue Jul 25 20:38:43 2023]
Finished job 8.
9 of 14 steps (64%) done
Select jobs to execute...

[Tue Jul 25 20:38:43 2023]
rule FilteringQC_multiqc:
    input: qc/filtering/AM0909_1.filt.fastqc.html, qc/filtering/AM0909_2.filt.fastqc.html
    output: qc/filtering/filtering_report_AM0909.html
    jobid: 4
    reason: Missing output files: qc/filtering/filtering_report_AM0909.html; Input files updated by another job: qc/filtering/AM0909_1.filt.fastqc.html, qc/filtering/AM0909_2.filt.fastqc.html
    wildcards: sample=AM0909
    resources: mem_mb=5000, disk_mb=1000, tmpdir=<TBD>, time=0-00:10:00, qos=standard


		module load MultiQC
		multiqc -n qc/filtering/filtering_report_AM0909.html qc/filtering
		
Submitted job 4 with external jobid 'Submitted batch job 13804406'.
[Tue Jul 25 20:39:33 2023]
Finished job 4.
10 of 14 steps (71%) done
Exiting because a job execution failed. Look above for error message
Complete log: ../../../../home/sjannalda/bgbm/projects/PlastidPipeline/.snakemake/log/2023-07-25T185842.550242.snakemake.log
