Building DAG of jobs...
Using shell: /usr/bin/bash
Provided cluster nodes: 500
Job stats:
job                              count    min threads    max threads
-----------------------------  -------  -------------  -------------
AnnotationPostStandardization        1              1              1
AnnotationPreStandardization         1              1              1
Assembly                             1              8              8
AssemblyConfig                       1              1              1
FilteringQC_fastqc                   2              1              1
FilteringQC_multiqc                  1              1              1
StandardizationAnnotation            1              1              1
StartQC_fastqc                       2              1              1
StartQC_multiqc                      1              1              1
TrimmingQC_fastqc                    2              1              1
TrimmingQC_multiqc                   1              1              1
all                                  1              1              1
total                               15              1              8

Select jobs to execute...

[Thu Jul 27 16:43:17 2023]
rule FilteringQC_fastqc:
    input: data/SRR12432532_1.filt.fastq
    output: qc/SRR12432532/filtering/SRR12432532_1.filt.fastqc.html
    jobid: 9
    reason: Missing output files: qc/SRR12432532/filtering/SRR12432532_1.filt.fastqc.html
    wildcards: sample=SRR12432532, read=1
    resources: mem_mb=5000, disk_mb=3904, tmpdir=<TBD>, time=0-00:30:00, qos=standard


		module load FastQC/0.11.9-Java-11

		mkdir -p qc
		mkdir -p qc/SRR12432532
		mkdir -p qc/SRR12432532/filtering
		fastqc -o qc/SRR12432532/filtering data/SRR12432532_1.filt.fastq
		mv qc/SRR12432532/filtering/SRR12432532_1.filt_fastqc.html qc/SRR12432532/filtering/SRR12432532_1.filt.fastqc.html
		
Submitted job 9 with external jobid 'Submitted batch job 13861487'.

[Thu Jul 27 16:43:18 2023]
rule FilteringQC_fastqc:
    input: data/SRR12432532_2.filt.fastq
    output: qc/SRR12432532/filtering/SRR12432532_2.filt.fastqc.html
    jobid: 12
    reason: Missing output files: qc/SRR12432532/filtering/SRR12432532_2.filt.fastqc.html
    wildcards: sample=SRR12432532, read=2
    resources: mem_mb=5000, disk_mb=3456, tmpdir=<TBD>, time=0-00:30:00, qos=standard


		module load FastQC/0.11.9-Java-11

		mkdir -p qc
		mkdir -p qc/SRR12432532
		mkdir -p qc/SRR12432532/filtering
		fastqc -o qc/SRR12432532/filtering data/SRR12432532_2.filt.fastq
		mv qc/SRR12432532/filtering/SRR12432532_2.filt_fastqc.html qc/SRR12432532/filtering/SRR12432532_2.filt.fastqc.html
		
Submitted job 12 with external jobid 'Submitted batch job 13861488'.

[Thu Jul 27 16:43:18 2023]
rule StartQC_fastqc:
    input: data/SRR12432532_2.fastq
    output: qc/SRR12432532/start/SRR12432532_2.fastqc.html
    jobid: 3
    reason: Missing output files: qc/SRR12432532/start/SRR12432532_2.fastqc.html
    wildcards: sample=SRR12432532, read=2
    resources: mem_mb=5000, disk_mb=5911, tmpdir=<TBD>, time=0-00:30:00, qos=standard


		module load FastQC/0.11.9-Java-11

		mkdir -p qc
		mkdir -p qc/SRR12432532
		mkdir -p qc/SRR12432532/start
		fastqc -o qc/SRR12432532/start data/SRR12432532_2.fastq 
		mv qc/SRR12432532/start/SRR12432532_2_fastqc.html qc/SRR12432532/start/SRR12432532_2.fastqc.html
		
Submitted job 3 with external jobid 'Submitted batch job 13861489'.

[Thu Jul 27 16:43:19 2023]
rule StartQC_fastqc:
    input: data/SRR12432532_1.fastq
    output: qc/SRR12432532/start/SRR12432532_1.fastqc.html
    jobid: 2
    reason: Missing output files: qc/SRR12432532/start/SRR12432532_1.fastqc.html
    wildcards: sample=SRR12432532, read=1
    resources: mem_mb=5000, disk_mb=5911, tmpdir=<TBD>, time=0-00:30:00, qos=standard


		module load FastQC/0.11.9-Java-11

		mkdir -p qc
		mkdir -p qc/SRR12432532
		mkdir -p qc/SRR12432532/start
		fastqc -o qc/SRR12432532/start data/SRR12432532_1.fastq 
		mv qc/SRR12432532/start/SRR12432532_1_fastqc.html qc/SRR12432532/start/SRR12432532_1.fastqc.html
		
Submitted job 2 with external jobid 'Submitted batch job 13861490'.

[Thu Jul 27 16:43:19 2023]
rule TrimmingQC_fastqc:
    input: data/SRR12432532_1.trimmed.fastq
    output: qc/SRR12432532/trimming/SRR12432532_1.trimmed.fastqc.html
    jobid: 5
    reason: Missing output files: qc/SRR12432532/trimming/SRR12432532_1.trimmed.fastqc.html
    wildcards: sample=SRR12432532, read=1
    resources: mem_mb=5000, disk_mb=4370, tmpdir=<TBD>, time=0-00:30:00, qos=standard


		module load FastQC/0.11.9-Java-11

		mkdir -p qc
		mkdir -p qc/SRR12432532
		mkdir -p qc/SRR12432532/trimming
		fastqc -o qc/SRR12432532/trimming data/SRR12432532_1.trimmed.fastq 
		mv qc/SRR12432532/trimming/SRR12432532_1.trimmed_fastqc.html qc/SRR12432532/trimming/SRR12432532_1.trimmed.fastqc.html
		
Submitted job 5 with external jobid 'Submitted batch job 13861491'.

[Thu Jul 27 16:43:20 2023]
rule AssemblyConfig:
    output: database/SeedDatabase/embplant_pt.fasta, database/SeedDatabase/embplant_mt.fasta
    jobid: 19
    reason: Missing output files: database/SeedDatabase/embplant_mt.fasta, database/SeedDatabase/embplant_pt.fasta
    resources: mem_mb=10000, disk_mb=1000, tmpdir=<TBD>, time=0-01:00:00, qos=standard


		module load Bowtie2
		module load BLAST+
		mkdir -p database
		get_organelle_config.py -a embplant_pt,embplant_mt --config-dir database
		
Submitted job 19 with external jobid 'Submitted batch job 13861492'.

[Thu Jul 27 16:43:20 2023]
rule TrimmingQC_fastqc:
    input: data/SRR12432532_2.trimmed.fastq
    output: qc/SRR12432532/trimming/SRR12432532_2.trimmed.fastqc.html
    jobid: 7
    reason: Missing output files: qc/SRR12432532/trimming/SRR12432532_2.trimmed.fastqc.html
    wildcards: sample=SRR12432532, read=2
    resources: mem_mb=5000, disk_mb=3922, tmpdir=<TBD>, time=0-00:30:00, qos=standard


		module load FastQC/0.11.9-Java-11

		mkdir -p qc
		mkdir -p qc/SRR12432532
		mkdir -p qc/SRR12432532/trimming
		fastqc -o qc/SRR12432532/trimming data/SRR12432532_2.trimmed.fastq 
		mv qc/SRR12432532/trimming/SRR12432532_2.trimmed_fastqc.html qc/SRR12432532/trimming/SRR12432532_2.trimmed.fastqc.html
		
Submitted job 7 with external jobid 'Submitted batch job 13861493'.
[Thu Jul 27 16:44:21 2023]
Finished job 7.
1 of 15 steps (7%) done
[Thu Jul 27 16:44:31 2023]
Finished job 9.
2 of 15 steps (13%) done
[Thu Jul 27 16:44:32 2023]
Finished job 12.
3 of 15 steps (20%) done
Select jobs to execute...

[Thu Jul 27 16:44:32 2023]
rule FilteringQC_multiqc:
    input: qc/SRR12432532/filtering/SRR12432532_1.filt.fastqc.html, qc/SRR12432532/filtering/SRR12432532_2.filt.fastqc.html
    output: qc/SRR12432532/filtering/filtering_report_SRR12432532.html
    jobid: 8
    reason: Missing output files: qc/SRR12432532/filtering/filtering_report_SRR12432532.html; Input files updated by another job: qc/SRR12432532/filtering/SRR12432532_2.filt.fastqc.html, qc/SRR12432532/filtering/SRR12432532_1.filt.fastqc.html
    wildcards: sample=SRR12432532
    resources: mem_mb=5000, disk_mb=1000, tmpdir=<TBD>, time=0-00:10:00, qos=standard


		module load MultiQC
		multiqc -n qc/SRR12432532/filtering/filtering_report_SRR12432532.html qc/SRR12432532/filtering
		
Submitted job 8 with external jobid 'Submitted batch job 13861497'.
[Thu Jul 27 16:44:35 2023]
Finished job 5.
4 of 15 steps (27%) done
Select jobs to execute...

[Thu Jul 27 16:44:35 2023]
rule TrimmingQC_multiqc:
    input: qc/SRR12432532/trimming/SRR12432532_1.trimmed.fastqc.html, qc/SRR12432532/trimming/SRR12432532_2.trimmed.fastqc.html
    output: qc/SRR12432532/trimming/trimming_report_SRR12432532.html
    jobid: 4
    reason: Missing output files: qc/SRR12432532/trimming/trimming_report_SRR12432532.html; Input files updated by another job: qc/SRR12432532/trimming/SRR12432532_1.trimmed.fastqc.html, qc/SRR12432532/trimming/SRR12432532_2.trimmed.fastqc.html
    wildcards: sample=SRR12432532
    resources: mem_mb=5000, disk_mb=1000, tmpdir=<TBD>, time=0-00:10:00, qos=standard


		module load MultiQC
		multiqc -n qc/SRR12432532/trimming/trimming_report_SRR12432532.html qc/SRR12432532/trimming
		
Submitted job 4 with external jobid 'Submitted batch job 13861498'.
[Thu Jul 27 16:44:36 2023]
Error in rule AssemblyConfig:
    jobid: 19
    output: database/SeedDatabase/embplant_pt.fasta, database/SeedDatabase/embplant_mt.fasta
    shell:
        
		module load Bowtie2
		module load BLAST+
		mkdir -p database
		get_organelle_config.py -a embplant_pt,embplant_mt --config-dir database
		
        (one of the commands exited with non-zero exit code; note that snakemake uses bash strict mode!)
    cluster_jobid: Submitted batch job 13861492

Error executing rule AssemblyConfig on cluster (jobid: 19, external: Submitted batch job 13861492, jobscript: /scratch/sjannalda/projects/PlastidPipelineTesting/.snakemake/tmp.4t0k50gw/snakejob.AssemblyConfig.19.sh). For error details see the cluster log and the log files of the involved rule(s).
[Thu Jul 27 16:44:46 2023]
Finished job 8.
5 of 15 steps (33%) done
[Thu Jul 27 16:44:47 2023]
Finished job 4.
6 of 15 steps (40%) done
[Thu Jul 27 16:44:48 2023]
Finished job 3.
7 of 15 steps (47%) done
[Thu Jul 27 16:44:49 2023]
Finished job 2.
8 of 15 steps (53%) done
Select jobs to execute...

[Thu Jul 27 16:44:49 2023]
rule StartQC_multiqc:
    input: qc/SRR12432532/start/SRR12432532_1.fastqc.html, qc/SRR12432532/start/SRR12432532_2.fastqc.html
    output: qc/SRR12432532/start/start_report_SRR12432532.html
    jobid: 1
    reason: Missing output files: qc/SRR12432532/start/start_report_SRR12432532.html; Input files updated by another job: qc/SRR12432532/start/SRR12432532_2.fastqc.html, qc/SRR12432532/start/SRR12432532_1.fastqc.html
    wildcards: sample=SRR12432532
    resources: mem_mb=5000, disk_mb=1000, tmpdir=<TBD>, time=0-00:10:00, qos=standard


		module load MultiQC
		multiqc -n qc/SRR12432532/start/start_report_SRR12432532.html qc/start
		
Submitted job 1 with external jobid 'Submitted batch job 13861499'.
[Thu Jul 27 16:44:59 2023]
Finished job 1.
9 of 15 steps (60%) done
Exiting because a job execution failed. Look above for error message
Complete log: ../../../../home/sjannalda/bgbm/projects/PlastidPipeline/.snakemake/log/2023-07-27T164316.046277.snakemake.log
