Building DAG of jobs...
Using shell: /usr/bin/bash
Provided cluster nodes: 500
Job stats:
job                              count    min threads    max threads
-----------------------------  -------  -------------  -------------
AnnotationPostStandardization        1              1              1
AnnotationPreStandardization         1              1              1
Assembly                             1              8              8
StandardizationAnnotation            1              1              1
all                                  1              1              1
total                                5              1              8

Select jobs to execute...

[Wed Jul 26 16:08:34 2023]
rule Assembly:
    input: database/SeedDatabase/embplant_pt.fasta, database/SeedDatabase/embplant_mt.fasta, data/AM0909_1.filt.fastq, data/AM0909_2.filt.fastq
    output: assembly/AM0909.complete.graph1.1.path_sequence.fasta
    jobid: 14
    reason: Code has changed since last execution; Params have changed since last execution
    wildcards: sample=AM0909
    threads: 8
    resources: mem_mb=10000, disk_mb=34327, tmpdir=<TBD>, time=0-3:00:00, qos=standard


		module load Bowtie2
		module load BLAST+
		module load SPAdes
		mkdir -p assembly
		get_organelle_from_reads.py -1 data/AM0909_1.filt.fastq -2 data/AM0909_2.filt.fastq -o assembly -R 30 -k 21,45,65,85,105 -P 1000000 -F embplant_pt --config-dir database -t 8 --prefix AM0909 --overwrite
		scp assembly/*.complete.graph1.1.path_sequence.fasta assembly/AM0909.complete.graph1.1.path_sequence.fasta
		
Submitted job 14 with external jobid 'Submitted batch job 13851618'.
[Wed Jul 26 16:54:17 2023]
Finished job 14.
1 of 5 steps (20%) done
Select jobs to execute...

[Wed Jul 26 16:54:17 2023]
localrule AnnotationPreStandardization:
    input: assembly/AM0909.complete.graph1.1.path_sequence.fasta
    output: annotation/AM0909.original.gb
    jobid: 13
    reason: Missing output files: annotation/AM0909.original.gb; Input files updated by another job: assembly/AM0909.complete.graph1.1.path_sequence.fasta
    wildcards: sample=AM0909
    resources: mem_mb=1000, disk_mb=1000, tmpdir=/tmp, time=0-00:05:00, qos=standard

/home/sjannalda/miniconda3/bin/python3.8 /scratch/sjannalda/projects/PlastidPipelineTesting/.snakemake/scripts/tmpti28um00.GeSeqAutomation.py
[Wed Jul 26 16:55:11 2023]
Finished job 13.
2 of 5 steps (40%) done
Select jobs to execute...

[Wed Jul 26 16:55:11 2023]
rule StandardizationAnnotation:
    input: annotation/AM0909.original.gb
    output: annotation/AM0909.standardardized.fasta
    jobid: 12
    reason: Missing output files: annotation/AM0909.standardardized.fasta; Input files updated by another job: annotation/AM0909.original.gb
    wildcards: sample=AM0909
    resources: mem_mb=1000, disk_mb=1000, tmpdir=<TBD>, time=0-0:30:00, qos=standard

Submitted job 12 with external jobid 'Submitted batch job 13851894'.
[Wed Jul 26 16:55:17 2023]
Finished job 12.
3 of 5 steps (60%) done
Select jobs to execute...

[Wed Jul 26 16:55:17 2023]
localrule AnnotationPostStandardization:
    input: annotation/AM0909.standardardized.fasta
    output: annotation/AM0909.standardardized.gb
    jobid: 11
    reason: Missing output files: annotation/AM0909.standardardized.gb; Input files updated by another job: annotation/AM0909.standardardized.fasta
    wildcards: sample=AM0909
    resources: mem_mb=1000, disk_mb=1000, tmpdir=/tmp, time=0-00:05:00, qos=standard

/home/sjannalda/miniconda3/bin/python3.8 /scratch/sjannalda/projects/PlastidPipelineTesting/.snakemake/scripts/tmp9tni0hqg.GeSeqAutomation.py
[Wed Jul 26 16:55:21 2023]
Error in rule AnnotationPostStandardization:
    jobid: 11
    input: annotation/AM0909.standardardized.fasta
    output: annotation/AM0909.standardardized.gb

RuleException:
CalledProcessError in line 26 of /home/sjannalda/bgbm/projects/PlastidPipeline/workflow/rules/Annotation.smk:
Command 'set -euo pipefail;  /home/sjannalda/miniconda3/bin/python3.8 /scratch/sjannalda/projects/PlastidPipelineTesting/.snakemake/scripts/tmp9tni0hqg.GeSeqAutomation.py' returned non-zero exit status 1.
  File "/home/sjannalda/bgbm/projects/PlastidPipeline/workflow/rules/Annotation.smk", line 26, in __rule_AnnotationPostStandardization
  File "/home/sjannalda/miniconda3/lib/python3.8/concurrent/futures/thread.py", line 57, in run
Exiting because a job execution failed. Look above for error message
Complete log: ../../../../home/sjannalda/bgbm/projects/PlastidPipeline/.snakemake/log/2023-07-26T160833.247444.snakemake.log
