Building DAG of jobs...
Using shell: /usr/bin/bash
Provided cluster nodes: 500
Job stats:
job               count    min threads    max threads
--------------  -------  -------------  -------------
Assembly              1              8              8
FilteringReads        2              1              1
StartQC               1              1              1
all                   1              1              1
total                 5              1              8

Select jobs to execute...

[Tue Jul  4 17:24:14 2023]
rule FilteringReads:
    input: data/AM0909_1.sorted.fastq
    output: data/AM0909_1.filt.fastq
    jobid: 3
    reason: Code has changed since last execution; Params have changed since last execution
    wildcards: sample=AM0909, read=1
    resources: mem_mb=10000, disk_mb=17148, tmpdir=<TBD>, time=0-03:00:00, qos=standard


		module load FASTX-Toolkit
		fastq_quality_filter -q 30 -i data/AM0909_1.sorted.fastq -o data/AM0909_1.filt.fastq
		
Submitted job 3 with external jobid 'Submitted batch job 13554582'.

[Tue Jul  4 17:24:15 2023]
rule FilteringReads:
    input: data/AM0909_2.sorted.fastq
    output: data/AM0909_2.filt.fastq
    jobid: 5
    reason: Code has changed since last execution; Params have changed since last execution
    wildcards: sample=AM0909, read=2
    resources: mem_mb=10000, disk_mb=17148, tmpdir=<TBD>, time=0-03:00:00, qos=standard


		module load FASTX-Toolkit
		fastq_quality_filter -q 30 -i data/AM0909_2.sorted.fastq -o data/AM0909_2.filt.fastq
		
Submitted job 5 with external jobid 'Submitted batch job 13554583'.

[Tue Jul  4 17:24:15 2023]
rule StartQC:
    input: data/AM0909_1.fastq, data/AM0909_2.fastq
    output: qc/start/start_report_AM0909.html
    jobid: 7
    reason: Missing output files: qc/start/start_report_AM0909.html
    wildcards: sample=AM0909
    resources: mem_mb=5000, disk_mb=32672, tmpdir=<TBD>, time=0-00:30:00, qos=standard

RuleException in rule StartQC  in line 10 of /home/sjannalda/bgbm/projects/PlastidPipeline/workflow/Snakefile:
AttributeError: 'Params' object has no attribute 'qc', when formatting the following:

		module load FastQC/0.11.9-Java-11
		module load MultiQC

		mkdir -p {params.qc}
		mkdir -p {params.qc}/start
		fastqc -o {params.qc}/start {input.read1} {input.read2} 
		multiqc -n {output} 
		
