Building DAG of jobs...
Using shell: /usr/bin/bash
Provided cluster nodes: 500
Job stats:
job               count    min threads    max threads
--------------  -------  -------------  -------------
FilteringReads        1              1              1
SortReads             1              1              1
all                   1              1              1
total                 3              1              1

Select jobs to execute...

[Mon Jun 19 16:42:06 2023]
rule SortReads:
    input: test_1.fastq
    output: test_1.sorted.fastq
    jobid: 2
    reason: Missing output files: test_1.sorted.fastq
    wildcards: sample=test, read=1
    resources: mem_mb=5000, disk_mb=16336, tmpdir=<TBD>, time=0-01:00:00, qos=standard

RuleException in rule SortReads  in line 12 of /home/sjannalda/bgbm/projects/PlastidPipeline/workflow/Snakefile:
NameError: The name 'print\\' is unknown in this context. Please make sure that you defined that variable. Also note that braces not used for variable access have to be escaped by repeating them, i.e. {{print $1}}, when formatting the following:

		module load bioawk
		bioawk -c fastx '\{print\}' {input.READ} | sort | awk -F'\t' '\{print "@"$1;print $2;print "+"$1;print $3\}' > {output.READ}
		
