Building DAG of jobs...
Using shell: /usr/bin/bash
Provided cluster nodes: 500
Job stats:
job                             count    min threads    max threads
----------------------------  -------  -------------  -------------
AnnotationPreStandardization        1              1              1
all                                 1              1              1
total                               2              1              1

Select jobs to execute...

[Tue Jul 25 14:35:13 2023]
localrule AnnotationPreStandardization:
    input: assembly/embplant_pt.K105.complete.graph1.1.path_sequence.fasta
    output: annotation/AM0909.original.gb
    jobid: 11
    reason: Missing output files: annotation/AM0909.original.gb
    wildcards: sample=AM0909
    resources: mem_mb=1000, disk_mb=1000, tmpdir=/tmp, time=0-00:05:00, qos=standard

/home/sjannalda/miniconda3/bin/python3.8 /scratch/sjannalda/projects/PlastidPipelineTesting/.snakemake/scripts/tmpv3z70oy5.GeSeqAutomation.py
[Tue Jul 25 14:36:10 2023]
Finished job 11.
1 of 2 steps (50%) done
Select jobs to execute...

[Tue Jul 25 14:36:10 2023]
localrule all:
    input: qc/start/start_report_AM0909.html, qc/filtering/filtering_report_AM0909.html, annotation/AM0909.original.gb
    jobid: 0
    reason: Input files updated by another job: annotation/AM0909.original.gb
    resources: mem_mb=1000, disk_mb=1000, tmpdir=/tmp, time=0-00:05:00, qos=standard

[Tue Jul 25 14:36:10 2023]
Finished job 0.
2 of 2 steps (100%) done
Complete log: ../../../../home/sjannalda/bgbm/projects/PlastidPipeline/.snakemake/log/2023-07-25T143510.774718.snakemake.log
