Building DAG of jobs...
Using shell: /usr/bin/bash
Provided cluster nodes: 500
Job stats:
job                              count    min threads    max threads
-----------------------------  -------  -------------  -------------
AnnotationPostStandardization        1              1              1
AnnotationPreStandardization         1              1              1
Assembly                             1              8              8
StandardizationAnnotation            1              1              1
all                                  1              1              1
total                                5              1              8

Select jobs to execute...

[Wed Jul 26 16:00:29 2023]
rule Assembly:
    input: database/SeedDatabase/embplant_pt.fasta, database/SeedDatabase/embplant_mt.fasta, data/AM0909_1.filt.fastq, data/AM0909_2.filt.fastq
    output: assembly/AM0909.complete.graph1.1.path_sequence.fasta
    jobid: 14
    reason: Missing output files: assembly/AM0909.complete.graph1.1.path_sequence.fasta
    wildcards: sample=AM0909
    threads: 8
    resources: mem_mb=10000, disk_mb=34327, tmpdir=<TBD>, time=0-3:00:00, qos=standard


		module load Bowtie2
		module load BLAST+
		module load SPAdes
		mkdir -p assembly
		echo "hi" > assembly/embplant_pt.K105.complete.graph1.1.path_sequence.fasta
		#get_organelle_from_reads.py -1 data/AM0909_1.filt.fastq -2 data/AM0909_2.filt.fastq -o assembly -R 30 -k 21,45,65,85,105 -P 1000000 -F embplant_pt --config-dir database -t 8 --prefix AM0909 --overwrite
		mv *.complete.graph1.1.path_sequence.fasta > assembly/AM0909.complete.graph1.1.path_sequence.fasta
		
Submitted job 14 with external jobid 'Submitted batch job 13851610'.
[Wed Jul 26 16:00:49 2023]
Error in rule Assembly:
    jobid: 14
    input: database/SeedDatabase/embplant_pt.fasta, database/SeedDatabase/embplant_mt.fasta, data/AM0909_1.filt.fastq, data/AM0909_2.filt.fastq
    output: assembly/AM0909.complete.graph1.1.path_sequence.fasta
    shell:
        
		module load Bowtie2
		module load BLAST+
		module load SPAdes
		mkdir -p assembly
		echo "hi" > assembly/embplant_pt.K105.complete.graph1.1.path_sequence.fasta
		#get_organelle_from_reads.py -1 data/AM0909_1.filt.fastq -2 data/AM0909_2.filt.fastq -o assembly -R 30 -k 21,45,65,85,105 -P 1000000 -F embplant_pt --config-dir database -t 8 --prefix AM0909 --overwrite
		mv *.complete.graph1.1.path_sequence.fasta > assembly/AM0909.complete.graph1.1.path_sequence.fasta
		
        (one of the commands exited with non-zero exit code; note that snakemake uses bash strict mode!)
    cluster_jobid: Submitted batch job 13851610

Error executing rule Assembly on cluster (jobid: 14, external: Submitted batch job 13851610, jobscript: /scratch/sjannalda/projects/PlastidPipelineTesting/.snakemake/tmp.oq03gjgs/snakejob.Assembly.14.sh). For error details see the cluster log and the log files of the involved rule(s).
Exiting because a job execution failed. Look above for error message
Complete log: ../../../../home/sjannalda/bgbm/projects/PlastidPipeline/.snakemake/log/2023-07-26T160027.612306.snakemake.log
