Building DAG of jobs...
Using shell: /usr/bin/bash
Provided cores: 1 (use --cores to define parallelism)
Rules claiming more threads will be scaled down.
Job stats:
job               count    min threads    max threads
--------------  -------  -------------  -------------
Assembly              1              1              1
AssemblyConfig        2              1              1
all                   1              1              1
total                 4              1              1

Select jobs to execute...

[Mon Jun 26 14:07:20 2023]
rule AssemblyConfig:
    output: database/SeedDatabase/embplant_pt.fasta
    jobid: 2
    reason: Missing output files: database/SeedDatabase/embplant_pt.fasta
    wildcards: organelle_dbs=embplant_pt
    resources: tmpdir=/localscratch/tmp/sjannalda/tmp.13492482.0, mem_mb=10000, time=0-01:00:00

Terminating processes on user request, this might take some time.
[Mon Jun 26 14:07:23 2023]
Error in rule AssemblyConfig:
    jobid: 2
    output: database/SeedDatabase/embplant_pt.fasta
    shell:
        
		module load Bowtie2
		module load BLAST+
		mkdir -p database
		get_organelle_config.py -a embplant_pt,embplant_mt --config-dir database
		
        (one of the commands exited with non-zero exit code; note that snakemake uses bash strict mode!)

Complete log: ../../../../home/sjannalda/bgbm/projects/PlastidPipeline/.snakemake/log/2023-06-26T140717.469221.snakemake.log
