Building DAG of jobs...
Using shell: /usr/bin/bash
Provided cluster nodes: 500
Job stats:
job                              count    min threads    max threads
-----------------------------  -------  -------------  -------------
AnnotationPostStandardization        1              1              1
AnnotationPreStandardization         1              1              1
Assembly                             1              8              8
AssemblyConfig                       1              1              1
FilteringQC_multiqc                  1              1              1
StandardizationAnnotation            1              1              1
TrimmingQC_fastqc                    2              1              1
TrimmingQC_multiqc                   1              1              1
all                                  1              1              1
total                               10              1              8

Select jobs to execute...

[Thu Jul 27 16:27:59 2023]
rule TrimmingQC_fastqc:
    input: data/SRR12432532_1.trimmed.fastq
    output: qc/trimming/SRR12432532_1.trimmed.fastqc.html
    jobid: 5
    reason: Missing output files: qc/trimming/SRR12432532_1.trimmed.fastqc.html
    wildcards: sample=SRR12432532, read=1
    resources: mem_mb=5000, disk_mb=4370, tmpdir=<TBD>, time=0-00:30:00, qos=standard


		module load FastQC/0.11.9-Java-11

		mkdir -p qc
		mkdir -p qc/trimming
		fastqc -o qc/trimming data/SRR12432532_1.trimmed.fastq 
		mv qc/trimming/SRR12432532_1.trimmed_fastqc.html qc/trimming/SRR12432532_1.trimmed.fastqc.html
		
Submitted job 5 with external jobid 'Submitted batch job 13861313'.

[Thu Jul 27 16:28:00 2023]
rule TrimmingQC_fastqc:
    input: data/SRR12432532_2.trimmed.fastq
    output: qc/trimming/SRR12432532_2.trimmed.fastqc.html
    jobid: 7
    reason: Missing output files: qc/trimming/SRR12432532_2.trimmed.fastqc.html
    wildcards: sample=SRR12432532, read=2
    resources: mem_mb=5000, disk_mb=3922, tmpdir=<TBD>, time=0-00:30:00, qos=standard


		module load FastQC/0.11.9-Java-11

		mkdir -p qc
		mkdir -p qc/trimming
		fastqc -o qc/trimming data/SRR12432532_2.trimmed.fastq 
		mv qc/trimming/SRR12432532_2.trimmed_fastqc.html qc/trimming/SRR12432532_2.trimmed.fastqc.html
		
Submitted job 7 with external jobid 'Submitted batch job 13861314'.

[Thu Jul 27 16:28:01 2023]
rule FilteringQC_multiqc:
    input: qc/filtering/SRR12432532_1.filt.fastqc.html, qc/filtering/SRR12432532_2.filt.fastqc.html
    output: qc/filtering/filtering_report_SRR12432532.html
    jobid: 8
    reason: Missing output files: qc/filtering/filtering_report_SRR12432532.html
    wildcards: sample=SRR12432532
    resources: mem_mb=5000, disk_mb=1000, tmpdir=<TBD>, time=0-00:10:00, qos=standard


		module load MultiQC
		multiqc -n qc/filtering/filtering_report_SRR12432532.html qc/filtering
		
Submitted job 8 with external jobid 'Submitted batch job 13861315'.

[Thu Jul 27 16:28:01 2023]
rule AssemblyConfig:
    output: database/SeedDatabase/embplant_pt.fasta, database/SeedDatabase/embplant_mt.fasta
    jobid: 19
    reason: Missing output files: database/SeedDatabase/embplant_pt.fasta, database/SeedDatabase/embplant_mt.fasta
    resources: mem_mb=10000, disk_mb=1000, tmpdir=<TBD>, time=0-01:00:00, qos=standard


		module load Bowtie2
		module load BLAST+
		mkdir -p database
		get_organelle_config.py -a embplant_pt,embplant_mt --config-dir database
		
Submitted job 19 with external jobid 'Submitted batch job 13861316'.
[Thu Jul 27 16:29:02 2023]
Finished job 7.
1 of 10 steps (10%) done
[Thu Jul 27 16:29:14 2023]
Finished job 5.
2 of 10 steps (20%) done
Select jobs to execute...

[Thu Jul 27 16:29:14 2023]
rule TrimmingQC_multiqc:
    input: qc/trimming/SRR12432532_1.trimmed.fastqc.html, qc/trimming/SRR12432532_2.trimmed.fastqc.html
    output: qc/trimming/trimming_report_SRR12432532.html
    jobid: 4
    reason: Missing output files: qc/trimming/trimming_report_SRR12432532.html; Input files updated by another job: qc/trimming/SRR12432532_1.trimmed.fastqc.html, qc/trimming/SRR12432532_2.trimmed.fastqc.html
    wildcards: sample=SRR12432532
    resources: mem_mb=5000, disk_mb=1000, tmpdir=<TBD>, time=0-00:10:00, qos=standard


		module load MultiQC
		multiqc -n qc/trimming/trimming_report_SRR12432532.html qc/trimming
		
Submitted job 4 with external jobid 'Submitted batch job 13861322'.
[Thu Jul 27 16:29:15 2023]
Error in rule FilteringQC_multiqc:
    jobid: 8
    input: qc/filtering/SRR12432532_1.filt.fastqc.html, qc/filtering/SRR12432532_2.filt.fastqc.html
    output: qc/filtering/filtering_report_SRR12432532.html
    shell:
        
		module load MultiQC
		multiqc -n qc/filtering/filtering_report_SRR12432532.html qc/filtering
		
        (one of the commands exited with non-zero exit code; note that snakemake uses bash strict mode!)
    cluster_jobid: Submitted batch job 13861315

Error executing rule FilteringQC_multiqc on cluster (jobid: 8, external: Submitted batch job 13861315, jobscript: /scratch/sjannalda/projects/PlastidPipelineTesting/.snakemake/tmp.3rwd1tz0/snakejob.FilteringQC_multiqc.8.sh). For error details see the cluster log and the log files of the involved rule(s).
[Thu Jul 27 16:29:16 2023]
Error in rule AssemblyConfig:
    jobid: 19
    output: database/SeedDatabase/embplant_pt.fasta, database/SeedDatabase/embplant_mt.fasta
    shell:
        
		module load Bowtie2
		module load BLAST+
		mkdir -p database
		get_organelle_config.py -a embplant_pt,embplant_mt --config-dir database
		
        (one of the commands exited with non-zero exit code; note that snakemake uses bash strict mode!)
    cluster_jobid: Submitted batch job 13861316

Error executing rule AssemblyConfig on cluster (jobid: 19, external: Submitted batch job 13861316, jobscript: /scratch/sjannalda/projects/PlastidPipelineTesting/.snakemake/tmp.3rwd1tz0/snakejob.AssemblyConfig.19.sh). For error details see the cluster log and the log files of the involved rule(s).
[Thu Jul 27 16:29:26 2023]
Finished job 4.
3 of 10 steps (30%) done
Exiting because a job execution failed. Look above for error message
Complete log: ../../../../home/sjannalda/bgbm/projects/PlastidPipeline/.snakemake/log/2023-07-27T162757.140073.snakemake.log
