Building DAG of jobs...
Using shell: /usr/bin/bash
Provided cluster nodes: 500
Job stats:
job                              count    min threads    max threads
-----------------------------  -------  -------------  -------------
AnnotationPostStandardization        1              1              1
AnnotationPreStandardization         1              1              1
Assembly                             1              8              8
StandardizationAnnotation            1              1              1
all                                  1              1              1
total                                5              1              8

Select jobs to execute...

[Thu Jul 27 20:47:45 2023]
rule Assembly:
    input: database/SeedDatabase/embplant_pt.fasta, database/SeedDatabase/embplant_mt.fasta, data/SRR12432532_1.filt.fastq, data/SRR12432532_2.filt.fastq
    output: assembly/SRR12432532.complete.graph1.1.path_sequence.fasta
    jobid: 18
    reason: Missing output files: assembly/SRR12432532.complete.graph1.1.path_sequence.fasta
    wildcards: sample=SRR12432532
    threads: 8
    resources: mem_mb=10000, disk_mb=5733, tmpdir=<TBD>, time=0-3:00:00, qos=standard


		module load Bowtie2
		module load BLAST+
		module load SPAdes
		mkdir -p assembly
		get_organelle_from_reads.py -1 data/SRR12432532_1.filt.fastq -2 data/SRR12432532_2.filt.fastq \
			-o assembly -R 30 -k 21,45,65,85,105 -P 1000000 \
			-F embplant_pt --config-dir database\
			-t 8 --prefix SRR12432532 --overwrite
		scp assembly/*.complete.graph1.1.path_sequence.fasta assembly/SRR12432532.complete.graph1.1.path_sequence.fasta
		
Submitted job 18 with external jobid 'Submitted batch job 13862974'.
[Thu Jul 27 21:45:28 2023]
Error in rule Assembly:
    jobid: 18
    input: database/SeedDatabase/embplant_pt.fasta, database/SeedDatabase/embplant_mt.fasta, data/SRR12432532_1.filt.fastq, data/SRR12432532_2.filt.fastq
    output: assembly/SRR12432532.complete.graph1.1.path_sequence.fasta
    shell:
        
		module load Bowtie2
		module load BLAST+
		module load SPAdes
		mkdir -p assembly
		get_organelle_from_reads.py -1 data/SRR12432532_1.filt.fastq -2 data/SRR12432532_2.filt.fastq \
			-o assembly -R 30 -k 21,45,65,85,105 -P 1000000 \
			-F embplant_pt --config-dir database\
			-t 8 --prefix SRR12432532 --overwrite
		scp assembly/*.complete.graph1.1.path_sequence.fasta assembly/SRR12432532.complete.graph1.1.path_sequence.fasta
		
        (one of the commands exited with non-zero exit code; note that snakemake uses bash strict mode!)
    cluster_jobid: Submitted batch job 13862974

Error executing rule Assembly on cluster (jobid: 18, external: Submitted batch job 13862974, jobscript: /scratch/sjannalda/projects/PlastidPipelineTesting/.snakemake/tmp.owkr9wbq/snakejob.Assembly.18.sh). For error details see the cluster log and the log files of the involved rule(s).
Exiting because a job execution failed. Look above for error message
Complete log: ../../../../home/sjannalda/bgbm/projects/PlastidPipeline/.snakemake/log/2023-07-27T204739.564677.snakemake.log
