Building DAG of jobs...
Using shell: /usr/bin/bash
Provided cluster nodes: 500
Job stats:
job                                    count    min threads    max threads
-----------------------------------  -------  -------------  -------------
Backmapping                                1              8              8
BuildReferenceAnnotationBackmapping        1              4              4
all                                        1              1              1
total                                      3              1              8

Select jobs to execute...

[Tue Aug  1 16:37:23 2023]
rule BuildReferenceAnnotationBackmapping:
    input: SRR17032105/annotation/SRR17032105.standardardized.fasta
    output: SRR17032105/backmapping/SRR17032105.txt
    jobid: 21
    reason: Missing output files: SRR17032105/backmapping/SRR17032105.txt
    wildcards: sample=SRR17032105
    threads: 4
    resources: mem_mb=10000, disk_mb=1000, tmpdir=<TBD>, time=0-01:00:00, qos=standard


		module load Bowtie2
		bowtie2-build --threads 4 SRR17032105/annotation/SRR17032105.standardardized.fasta SRR17032105/backmapping/SRR17032105.backmapping
		
Submitted job 21 with external jobid 'Submitted batch job 13893610'.
[Tue Aug  1 16:38:34 2023]
Error in rule BuildReferenceAnnotationBackmapping:
    jobid: 21
    input: SRR17032105/annotation/SRR17032105.standardardized.fasta
    output: SRR17032105/backmapping/SRR17032105.txt
    shell:
        
		module load Bowtie2
		bowtie2-build --threads 4 SRR17032105/annotation/SRR17032105.standardardized.fasta SRR17032105/backmapping/SRR17032105.backmapping
		
        (one of the commands exited with non-zero exit code; note that snakemake uses bash strict mode!)
    cluster_jobid: Submitted batch job 13893610

Error executing rule BuildReferenceAnnotationBackmapping on cluster (jobid: 21, external: Submitted batch job 13893610, jobscript: /scratch/sjannalda/projects/PlastidPipelineTesting/.snakemake/tmp.9y0mlndo/snakejob.BuildReferenceAnnotationBackmapping.21.sh). For error details see the cluster log and the log files of the involved rule(s).
Exiting because a job execution failed. Look above for error message
Complete log: ../../../../home/sjannalda/bgbm/projects/PlastidPipeline/.snakemake/log/2023-08-01T163721.554847.snakemake.log
