Building DAG of jobs...
Using shell: /usr/bin/bash
Provided cluster nodes: 500
Job stats:
job                                    count
-----------------------------------  -------
AnnotationPostStandardization              1
AnnotationPreStandardization               1
Assembly                                   1
AssemblyConfig                             1
Backmapping                                1
BackmappingQC                              1
BuildReferenceAnnotationBackmapping        1
StandardizationAnnotation                  1
all                                        1
total                                      9

Select jobs to execute...

[Fri Aug 18 02:16:54 2023]
rule AssemblyConfig:
    output: database/SeedDatabase/embplant_pt.fasta, database/SeedDatabase/embplant_mt.fasta
    jobid: 13
    reason: Missing output files: database/SeedDatabase/embplant_pt.fasta
    resources: mem_mb=10000, mem_mib=9537, disk_mb=1000, disk_mib=954, tmpdir=<TBD>, time=0-01:00:00, qos=standard


		mkdir -p database
		get_organelle_config.py -a embplant_pt,embplant_mt --config-dir database
		
Submitted job 13 with external jobid 'Submitted batch job 14033589'.
[Fri Aug 18 02:17:46 2023]
Finished job 13.
1 of 9 steps (11%) done
Select jobs to execute...

[Fri Aug 18 02:17:46 2023]
rule Assembly:
    input: database/SeedDatabase/embplant_pt.fasta, ERR5554746/data/ERR5554746_1.filt.fastq, ERR5554746/data/ERR5554746_2.filt.fastq
    output: ERR5554746/assembly/ERR5554746.original.fasta
    jobid: 12
    reason: Updated input files: ERR5554746/data/ERR5554746_1.filt.fastq, ERR5554746/data/ERR5554746_2.filt.fastq; Input files updated by another job: database/SeedDatabase/embplant_pt.fasta
    wildcards: sample=ERR5554746
    threads: 8
    resources: mem_mb=20000, mem_mib=19074, disk_mb=3276, disk_mib=3125, tmpdir=<TBD>, time=0-5:00:00, qos=standard


		get_organelle_from_reads.py -1 ERR5554746/data/ERR5554746_1.filt.fastq -2 ERR5554746/data/ERR5554746_2.filt.fastq \
			-o ERR5554746/assembly -R 30 -k 21,45,65,85,105 -P 1000000 \
			-F embplant_pt --config-dir database\
			-t 8 --prefix ERR5554746 --overwrite
		scp ERR5554746/assembly/*.complete.graph1.1.path_sequence.fasta ERR5554746/assembly/ERR5554746.original.fasta
		
Submitted job 12 with external jobid 'Submitted batch job 14033590'.
[Fri Aug 18 02:33:56 2023]
Finished job 12.
2 of 9 steps (22%) done
Select jobs to execute...

[Fri Aug 18 02:33:56 2023]
localrule AnnotationPreStandardization:
    input: ERR5554746/assembly/ERR5554746.original.fasta
    output: ERR5554746/annotation/ERR5554746.original.gb
    jobid: 11
    reason: Missing output files: ERR5554746/annotation/ERR5554746.original.gb; Input files updated by another job: ERR5554746/assembly/ERR5554746.original.fasta
    wildcards: sample=ERR5554746
    resources: mem_mb=1000, mem_mib=954, disk_mb=1000, disk_mib=954, tmpdir=/tmp, time=0-00:05:00, qos=standard

python -c "from __future__ import print_function; import sys, json; print(json.dumps([sys.version_info.major, sys.version_info.minor]))"
Activating conda environment: .snakemake/conda/7dcdbcecf5b85409b082239702cc974d_
python /scratch/sjannalda/projects/PlastidPipelineTesting/.snakemake/scripts/tmphv0ilu4_.GeSeqAutomation.py
Activating conda environment: .snakemake/conda/7dcdbcecf5b85409b082239702cc974d_
[Fri Aug 18 02:34:07 2023]
Error in rule AnnotationPreStandardization:
    jobid: 11
    input: ERR5554746/assembly/ERR5554746.original.fasta
    output: ERR5554746/annotation/ERR5554746.original.gb
    conda-env: /scratch/sjannalda/projects/PlastidPipelineTesting/.snakemake/conda/7dcdbcecf5b85409b082239702cc974d_

RuleException:
CalledProcessError in file /home/sjannalda/bgbm/projects/PlastidPipeline/workflow/rules/Annotation.smk, line 9:
Command 'source /home/sjannalda/mambaforge-pypy3/envs/test/bin/activate '/scratch/sjannalda/projects/PlastidPipelineTesting/.snakemake/conda/7dcdbcecf5b85409b082239702cc974d_'; set -euo pipefail;  python /scratch/sjannalda/projects/PlastidPipelineTesting/.snakemake/scripts/tmphv0ilu4_.GeSeqAutomation.py' returned non-zero exit status 1.
  File "/home/sjannalda/bgbm/projects/PlastidPipeline/workflow/rules/Annotation.smk", line 9, in __rule_AnnotationPreStandardization
  File "/home/sjannalda/mambaforge-pypy3/envs/test/lib/python3.11/concurrent/futures/thread.py", line 58, in run
Exiting because a job execution failed. Look above for error message
Complete log: ../../../../home/sjannalda/bgbm/projects/PlastidPipeline/.snakemake/log/2023-08-18T021643.234338.snakemake.log
