Building DAG of jobs...
Using shell: /usr/bin/bash
Provided cluster nodes: 500
Job stats:
job               count    min threads    max threads
--------------  -------  -------------  -------------
FilteringReads        1              1              1
SortReads             1              1              1
all                   1              1              1
total                 3              1              1

Select jobs to execute...

[Mon Jun 19 16:44:51 2023]
rule SortReads:
    input: test_1.fastq
    output: test_1.sorted.fastq
    jobid: 2
    reason: Missing output files: test_1.sorted.fastq
    wildcards: sample=test, read=1
    resources: mem_mb=5000, disk_mb=16336, tmpdir=<TBD>, time=0-01:00:00, qos=standard


		module load bioawk
		bioawk -c fastx 'print' test_1.fastq | sort | awk -F'\t' 'print "@"$1;print $2;print "+"$1;print $3' > test_1.sorted.fastq
		
Submitted job 2 with external jobid 'Submitted batch job 13430430'.
[Mon Jun 19 16:45:11 2023]
Error in rule SortReads:
    jobid: 2
    input: test_1.fastq
    output: test_1.sorted.fastq
    shell:
        
		module load bioawk
		bioawk -c fastx 'print' test_1.fastq | sort | awk -F'\t' 'print "@"$1;print $2;print "+"$1;print $3' > test_1.sorted.fastq
		
        (one of the commands exited with non-zero exit code; note that snakemake uses bash strict mode!)
    cluster_jobid: Submitted batch job 13430430

Error executing rule SortReads on cluster (jobid: 2, external: Submitted batch job 13430430, jobscript: /scratch/sjannalda/projects/PlastidPipelineTesting/.snakemake/tmp.9a9kz8t9/snakejob.SortReads.2.sh). For error details see the cluster log and the log files of the involved rule(s).
Exiting because a job execution failed. Look above for error message
Complete log: ../../../../home/sjannalda/bgbm/projects/PlastidPipeline/.snakemake/log/2023-06-19T164420.144053.snakemake.log
