Building DAG of jobs...
Using shell: /usr/bin/bash
Provided cores: 1 (use --cores to define parallelism)
Rules claiming more threads will be scaled down.
Job stats:
job                    count    min threads    max threads
-------------------  -------  -------------  -------------
FilteringQC_fastqc         2              1              1
FilteringQC_multiqc        1              1              1
all                        1              1              1
total                      4              1              1

Select jobs to execute...

[Mon Jul 24 17:10:43 2023]
rule FilteringQC_fastqc:
    input: data/AM0909_1.filt.fastq
    output: qc/filtering/AM0909_1.filt.fastqc.html
    jobid: 5
    reason: Missing output files: qc/filtering/AM0909_1.filt.fastqc.html
    wildcards: sample=AM0909, read=1
    resources: tmpdir=/localscratch/tmp/sjannalda/tmp.13730580.0, mem_mb=5000, time=0-00:30:00

[Mon Jul 24 17:10:45 2023]
Error in rule FilteringQC_fastqc:
    jobid: 5
    input: data/AM0909_1.filt.fastq
    output: qc/filtering/AM0909_1.filt.fastqc.html
    shell:
        
		module load FastQC/0.11.9-Java-11

		mkdir -p qc
		mkdir -p qc/filtering
		fastqc -o qc/filtering qc/filtering/AM0909_1.filt_fastqc.html
		mv qc/filtering/AM0909_1.filt_fastqc.html qc/filtering/AM0909_1.filt.fastqc.html
		
        (one of the commands exited with non-zero exit code; note that snakemake uses bash strict mode!)

Shutting down, this might take some time.
Exiting because a job execution failed. Look above for error message
Complete log: ../../../../home/sjannalda/bgbm/projects/PlastidPipeline/.snakemake/log/2023-07-24T171040.713166.snakemake.log
