Building DAG of jobs...
Using shell: /usr/bin/bash
Provided cluster nodes: 500
Job stats:
job                              count    min threads    max threads
-----------------------------  -------  -------------  -------------
AnnotationPostStandardization        1              1              1
all                                  1              1              1
total                                2              1              1

Select jobs to execute...

[Wed Jul 26 17:09:50 2023]
localrule AnnotationPostStandardization:
    input: annotation/AM0909.standardardized.fasta
    output: annotation/AM0909.standardardized.gb
    jobid: 11
    reason: Missing output files: annotation/AM0909.standardardized.gb
    wildcards: sample=AM0909
    resources: mem_mb=1000, disk_mb=1000, tmpdir=/tmp, time=0-00:05:00, qos=standard

/home/sjannalda/miniconda3/bin/python3.8 /scratch/sjannalda/projects/PlastidPipelineTesting/.snakemake/scripts/tmpdndvzh98.GeSeqAutomation.py
[Wed Jul 26 17:10:57 2023]
Finished job 11.
1 of 2 steps (50%) done
Select jobs to execute...

[Wed Jul 26 17:10:57 2023]
localrule all:
    input: qc/start/start_report_AM0909.html, qc/filtering/filtering_report_AM0909.html, annotation/AM0909.standardardized.gb
    jobid: 0
    reason: Input files updated by another job: annotation/AM0909.standardardized.gb
    resources: mem_mb=1000, disk_mb=1000, tmpdir=/tmp, time=0-00:05:00, qos=standard

[Wed Jul 26 17:10:57 2023]
Finished job 0.
2 of 2 steps (100%) done
Complete log: ../../../../home/sjannalda/bgbm/projects/PlastidPipeline/.snakemake/log/2023-07-26T170949.377017.snakemake.log
