Building DAG of jobs...
Using shell: /usr/bin/bash
Provided cores: 1 (use --cores to define parallelism)
Rules claiming more threads will be scaled down.
Job stats:
job                                    count
-----------------------------------  -------
AnnotationPostStandardization              1
AnnotationPreStandardization               1
Backmapping                                1
BackmappingQC                              1
BuildReferenceAnnotationBackmapping        1
StandardizationAnnotation                  1
all                                        1
total                                      7

Select jobs to execute...

[Fri Aug 18 10:44:41 2023]
localrule AnnotationPreStandardization:
    input: ERR5554746/assembly/ERR5554746.original.fasta
    output: ERR5554746/annotation/ERR5554746.original.gb
    jobid: 11
    reason: Missing output files: ERR5554746/annotation/ERR5554746.original.gb
    wildcards: sample=ERR5554746
    resources: tmpdir=/tmp

Activating conda environment: .snakemake/conda/7dcdbcecf5b85409b082239702cc974d_
Activating conda environment: .snakemake/conda/7dcdbcecf5b85409b082239702cc974d_
[Fri Aug 18 10:46:02 2023]
Error in rule AnnotationPreStandardization:
    jobid: 11
    input: ERR5554746/assembly/ERR5554746.original.fasta
    output: ERR5554746/annotation/ERR5554746.original.gb
    conda-env: /scratch/sjannalda/projects/PlastidPipelineTesting/.snakemake/conda/7dcdbcecf5b85409b082239702cc974d_

RuleException:
CalledProcessError in file /home/sjannalda/bgbm/projects/PlastidPipeline/workflow/rules/Annotation.smk, line 9:
Command 'source /home/sjannalda/mambaforge-pypy3/envs/test/bin/activate '/scratch/sjannalda/projects/PlastidPipelineTesting/.snakemake/conda/7dcdbcecf5b85409b082239702cc974d_'; set -euo pipefail;  python /scratch/sjannalda/projects/PlastidPipelineTesting/.snakemake/scripts/tmp607yhfk1.GeSeqAutomation.py' returned non-zero exit status 1.
  File "/home/sjannalda/bgbm/projects/PlastidPipeline/workflow/rules/Annotation.smk", line 9, in __rule_AnnotationPreStandardization
  File "/home/sjannalda/mambaforge-pypy3/envs/test/lib/python3.11/concurrent/futures/thread.py", line 58, in run
Shutting down, this might take some time.
Exiting because a job execution failed. Look above for error message
Complete log: ../../../../home/sjannalda/bgbm/projects/PlastidPipeline/.snakemake/log/2023-08-18T104414.334223.snakemake.log
