Building DAG of jobs...
Creating conda environment /home/sjannalda/bgbm/projects/PlastidPipeline/workflow/rules/../envs/GetOrganelle.yaml...
Downloading and installing remote packages.
Environment for ../../../../home/sjannalda/bgbm/projects/PlastidPipeline/workflow/envs/GetOrganelle.yaml created (location: .snakemake/conda/62e68d6f26d8a5a2f99f713e8e01eef5)
Using shell: /usr/bin/bash
Provided cluster nodes: 500
Job stats:
job                                    count    min threads    max threads
-----------------------------------  -------  -------------  -------------
AnnotationPostStandardization              1              1              1
AnnotationPreStandardization               1              1              1
Assembly                                   1              8              8
AssemblyConfig                             1              1              1
Backmapping                                1              8              8
BackmappingQC                              1              1              1
BuildReferenceAnnotationBackmapping        1              4              4
StandardizationAnnotation                  1              1              1
all                                        1              1              1
total                                      9              1              8

Select jobs to execute...

[Thu Aug 17 23:53:20 2023]
rule AssemblyConfig:
    output: database/SeedDatabase/embplant_pt.fasta, database/SeedDatabase/embplant_mt.fasta
    jobid: 13
    resources: mem_mb=10000, disk_mb=1000, tmpdir=/tmp, time=0-01:00:00, qos=standard


		mkdir -p database
		get_organelle_config.py -a embplant_pt,embplant_mt --config-dir database
		
Submitted job 13 with external jobid 'Submitted batch job 14033272'.
[Thu Aug 17 23:54:14 2023]
Finished job 13.
1 of 9 steps (11%) done
Select jobs to execute...

[Thu Aug 17 23:54:14 2023]
rule Assembly:
    input: database/SeedDatabase/embplant_pt.fasta, ERR5554746/data/ERR5554746_1.filt.fastq, ERR5554746/data/ERR5554746_2.filt.fastq
    output: ERR5554746/assembly/ERR5554746.original.fasta
    jobid: 12
    wildcards: sample=ERR5554746
    threads: 8
    resources: mem_mb=20000, disk_mb=3276, tmpdir=/tmp, time=0-5:00:00, qos=standard


		get_organelle_from_reads.py -1 ERR5554746/data/ERR5554746_1.filt.fastq -2 ERR5554746/data/ERR5554746_2.filt.fastq \
			-o ERR5554746/assembly -R 30 -k 21,45,65,85,105 -P 1000000 \
			-F embplant_pt --config-dir database\
			-t 8 --prefix ERR5554746 --overwrite
		scp ERR5554746/assembly/*.complete.graph1.1.path_sequence.fasta ERR5554746/assembly/ERR5554746.original.fasta
		
Submitted job 12 with external jobid 'Submitted batch job 14033274'.
[Fri Aug 18 00:09:28 2023]
Finished job 12.
2 of 9 steps (22%) done
Select jobs to execute...

[Fri Aug 18 00:09:28 2023]
localrule AnnotationPreStandardization:
    input: ERR5554746/assembly/ERR5554746.original.fasta
    output: ERR5554746/annotation/ERR5554746.original.gb
    jobid: 11
    wildcards: sample=ERR5554746
    resources: mem_mb=1000, disk_mb=1000, tmpdir=/tmp, time=0-00:05:00, qos=standard

/home/sjannalda/mambaforge-pypy3/envs/PlastidPipeline/bin/python3.6 /scratch/sjannalda/projects/PlastidPipelineTesting/.snakemake/scripts/tmp19l38vo1.GeSeqAutomation.py
Activating conda environment: /scratch/sjannalda/projects/PlastidPipelineTesting/.snakemake/conda/6a4a2cfad2b5f02c15f81929df588e81
[Fri Aug 18 00:09:34 2023]
Error in rule AnnotationPreStandardization:
    jobid: 11
    output: ERR5554746/annotation/ERR5554746.original.gb
    conda-env: /scratch/sjannalda/projects/PlastidPipelineTesting/.snakemake/conda/6a4a2cfad2b5f02c15f81929df588e81

RuleException:
CalledProcessError in line 9 of /home/sjannalda/bgbm/projects/PlastidPipeline/workflow/rules/Annotation.smk:
Command 'source /home/sjannalda/mambaforge-pypy3/envs/PlastidPipeline/bin/activate '/scratch/sjannalda/projects/PlastidPipelineTesting/.snakemake/conda/6a4a2cfad2b5f02c15f81929df588e81'; set -euo pipefail;  /home/sjannalda/mambaforge-pypy3/envs/PlastidPipeline/bin/python3.6 /scratch/sjannalda/projects/PlastidPipelineTesting/.snakemake/scripts/tmp19l38vo1.GeSeqAutomation.py' returned non-zero exit status 1.
  File "/home/sjannalda/bgbm/projects/PlastidPipeline/workflow/rules/Annotation.smk", line 9, in __rule_AnnotationPreStandardization
  File "/home/sjannalda/mambaforge-pypy3/envs/PlastidPipeline/lib/python3.6/concurrent/futures/thread.py", line 56, in run
Job failed, going on with independent jobs.
Exiting because a job execution failed. Look above for error message
Complete log: /home/sjannalda/bgbm/projects/PlastidPipeline/.snakemake/log/2023-08-17T233114.863650.snakemake.log
