Building DAG of jobs...
Using shell: /usr/bin/bash
Provided cluster nodes: 500
Job stats:
job                                    count    min threads    max threads
-----------------------------------  -------  -------------  -------------
AnnotationPostStandardization              1              1              1
AnnotationPreStandardization               1              1              1
Assembly                                   1              8              8
AssemblyConfig                             1              1              1
Backmapping                                1              8              8
BackmappingQC                              1              1              1
BuildReferenceAnnotationBackmapping        1              4              4
StandardizationAnnotation                  1              1              1
all                                        1              1              1
total                                      9              1              8

Select jobs to execute...

[Thu Aug 17 23:04:39 2023]
rule AssemblyConfig:
    output: database/SeedDatabase/embplant_pt.fasta, database/SeedDatabase/embplant_mt.fasta
    jobid: 13
    resources: mem_mb=10000, disk_mb=1000, tmpdir=/tmp, time=0-01:00:00, qos=standard


		mkdir -p database
		get_organelle_config.py -a embplant_pt,embplant_mt --config-dir database
		
Submitted job 13 with external jobid 'Submitted batch job 14033259'.
[Thu Aug 17 23:04:49 2023]
Error in rule AssemblyConfig:
    jobid: 13
    output: database/SeedDatabase/embplant_pt.fasta, database/SeedDatabase/embplant_mt.fasta
    shell:
        
		mkdir -p database
		get_organelle_config.py -a embplant_pt,embplant_mt --config-dir database
		
        (one of the commands exited with non-zero exit code; note that snakemake uses bash strict mode!)
    cluster_jobid: Submitted batch job 14033259

Error executing rule AssemblyConfig on cluster (jobid: 13, external: Submitted batch job 14033259, jobscript: /scratch/sjannalda/projects/PlastidPipelineTesting/.snakemake/tmp.h2g88_0w/snakejob.AssemblyConfig.13.sh). For error details see the cluster log and the log files of the involved rule(s).
Job failed, going on with independent jobs.
Exiting because a job execution failed. Look above for error message
Complete log: /home/sjannalda/bgbm/projects/PlastidPipeline/.snakemake/log/2023-08-17T230432.178044.snakemake.log
