Building DAG of jobs...
Using shell: /usr/bin/bash
Provided cluster nodes: 500
Job stats:
job                              count    min threads    max threads
-----------------------------  -------  -------------  -------------
AnnotationPostStandardization        1              1              1
AnnotationPreStandardization         1              1              1
Assembly                             1             16             16
AssemblyConfig                       1              1              1
FilteringQC_fastqc                   2              1              1
FilteringQC_multiqc                  1              1              1
FilteringReads                       2              1              1
SortReads                            2              1              1
StandardizationAnnotation            1              1              1
all                                  1              1              1
total                               13              1             16

Select jobs to execute...

[Mon Jul 31 19:06:46 2023]
rule SortReads:
    input: SRR17032105/data/SRR17032105_1.trimmed.fastq
    output: SRR17032105/data/SRR17032105_1.sorted.fastq
    jobid: 11
    reason: Code has changed since last execution
    wildcards: sample=SRR17032105, read=1
    resources: mem_mb=5000, disk_mb=2930, tmpdir=<TBD>, time=0-01:00:00, qos=standard


		module load bioawk
		bioawk -c fastx '{print}' SRR17032105/data/SRR17032105_1.trimmed.fastq | sort | awk -F'\t' '{print "@"$1;print $2;print "+"$1;print $3}' > SRR17032105/data/SRR17032105_1.sorted.fastq
		
Submitted job 11 with external jobid 'Submitted batch job 13888277'.

[Mon Jul 31 19:06:47 2023]
rule AssemblyConfig:
    output: database/SeedDatabase/embplant_pt.fasta, database/SeedDatabase/embplant_mt.fasta
    jobid: 19
    reason: Code has changed since last execution
    resources: mem_mb=10000, disk_mb=1000, tmpdir=<TBD>, time=0-01:00:00, qos=standard


		module load Bowtie2
		module load BLAST+
		mkdir -p database
		get_organelle_config.py -a embplant_pt,embplant_mt --config-dir database
		
Submitted job 19 with external jobid 'Submitted batch job 13888278'.

[Mon Jul 31 19:06:47 2023]
rule SortReads:
    input: SRR17032105/data/SRR17032105_2.trimmed.fastq
    output: SRR17032105/data/SRR17032105_2.sorted.fastq
    jobid: 14
    reason: Code has changed since last execution
    wildcards: sample=SRR17032105, read=2
    resources: mem_mb=5000, disk_mb=2616, tmpdir=<TBD>, time=0-01:00:00, qos=standard


		module load bioawk
		bioawk -c fastx '{print}' SRR17032105/data/SRR17032105_2.trimmed.fastq | sort | awk -F'\t' '{print "@"$1;print $2;print "+"$1;print $3}' > SRR17032105/data/SRR17032105_2.sorted.fastq
		
Submitted job 14 with external jobid 'Submitted batch job 13888279'.
Will exit after finishing currently running jobs (scheduler).
Will exit after finishing currently running jobs (scheduler).
