Building DAG of jobs...
Using shell: /usr/bin/bash
Provided cluster nodes: 500
Job stats:
job                    count    min threads    max threads
-------------------  -------  -------------  -------------
FilteringQC_fastqc         2              1              1
FilteringQC_multiqc        1              1              1
FilteringReads             2              1              1
SortReads                  2              1              1
StartQC_multiqc            1              1              1
TrimReads                  1              1              1
TrimmingQC_fastqc          2              1              1
TrimmingQC_multiqc         1              1              1
all                        1              1              1
total                     13              1              1

Select jobs to execute...

[Thu Jul 27 18:54:43 2023]
rule StartQC_multiqc:
    input: qc/SRR12432532/start/SRR12432532_1.fastqc.html, qc/SRR12432532/start/SRR12432532_2.fastqc.html
    output: qc/SRR12432532/start/start_report_SRR12432532.html
    jobid: 1
    reason: Missing output files: qc/SRR12432532/start/start_report_SRR12432532.html
    wildcards: sample=SRR12432532
    resources: mem_mb=5000, disk_mb=1000, tmpdir=<TBD>, time=0-00:10:00, qos=standard


		module load MultiQC
		multiqc -n qc/SRR12432532/start/start_report_SRR12432532.html --no-data-dir qc/SRR12432532/start
		
Submitted job 1 with external jobid 'Submitted batch job 13862711'.

[Thu Jul 27 18:54:46 2023]
rule TrimReads:
    input: data/SRR12432532_1.fastq, data/SRR12432532_2.fastq
    output: data/SRR12432532_1.trimmed.fastq, data/SRR12432532_2.trimmed.fastq, data/SRR12432532_U1.trimmed.fastq, data/SRR12432532_U2.trimmed.fastq
    jobid: 6
    reason: Missing output files: data/SRR12432532_2.trimmed.fastq, data/SRR12432532_1.trimmed.fastq; Params have changed since last execution
    wildcards: sample=SRR12432532
    resources: mem_mb=5000, disk_mb=11821, tmpdir=<TBD>, time=0-02:00:00, qos=standard


		module load Trimmomatic
		java -jar $EBROOTTRIMMOMATIC/trimmomatic-0.39.jar PE -phred33 data/SRR12432532_1.fastq data/SRR12432532_2.fastq data/SRR12432532_1.trimmed.fastq data/SRR12432532_U1.trimmed.fastq data/SRR12432532_2.trimmed.fastq data/SRR12432532_U2.trimmed.fastq ILLUMINACLIP:$EBROOTTRIMMOMATIC/adapters/TruSeq3-PE-2.fa:2:30:10 LEADING:20 TRAILING:20 SLIDINGWINDOW:5:20 MINLEN:36
		
Submitted job 6 with external jobid 'Submitted batch job 13862718'.
[Thu Jul 27 18:55:12 2023]
Finished job 1.
1 of 13 steps (8%) done
[Thu Jul 27 18:59:46 2023]
Finished job 6.
2 of 13 steps (15%) done
Select jobs to execute...

[Thu Jul 27 18:59:46 2023]
rule SortReads:
    input: data/SRR12432532_2.trimmed.fastq
    output: data/SRR12432532_2.sorted.fastq
    jobid: 14
    reason: Missing output files: data/SRR12432532_2.sorted.fastq; Input files updated by another job: data/SRR12432532_2.trimmed.fastq
    wildcards: sample=SRR12432532, read=2
    resources: mem_mb=5000, disk_mb=3034, tmpdir=<TBD>, time=0-01:00:00, qos=standard


		module load bioawk
		bioawk -c fastx '{print}' data/SRR12432532_2.trimmed.fastq | sort | awk -F'\t' '{print "@"$1;print $2;print "+"$1;print $3}' > data/SRR12432532_2.sorted.fastq
		
Submitted job 14 with external jobid 'Submitted batch job 13862730'.

[Thu Jul 27 18:59:46 2023]
rule SortReads:
    input: data/SRR12432532_1.trimmed.fastq
    output: data/SRR12432532_1.sorted.fastq
    jobid: 11
    reason: Missing output files: data/SRR12432532_1.sorted.fastq; Input files updated by another job: data/SRR12432532_1.trimmed.fastq
    wildcards: sample=SRR12432532, read=1
    resources: mem_mb=5000, disk_mb=3336, tmpdir=<TBD>, time=0-01:00:00, qos=standard


		module load bioawk
		bioawk -c fastx '{print}' data/SRR12432532_1.trimmed.fastq | sort | awk -F'\t' '{print "@"$1;print $2;print "+"$1;print $3}' > data/SRR12432532_1.sorted.fastq
		
Submitted job 11 with external jobid 'Submitted batch job 13862731'.

[Thu Jul 27 18:59:47 2023]
rule TrimmingQC_fastqc:
    input: data/SRR12432532_1.trimmed.fastq
    output: qc/SRR12432532/trimming/SRR12432532_1.trimmed.fastqc.html
    jobid: 5
    reason: Input files updated by another job: data/SRR12432532_1.trimmed.fastq
    wildcards: sample=SRR12432532, read=1
    resources: mem_mb=5000, disk_mb=3336, tmpdir=<TBD>, time=0-00:30:00, qos=standard


		module load FastQC/0.11.9-Java-11

		mkdir -p qc
		mkdir -p qc/SRR12432532
		mkdir -p qc/SRR12432532/trimming
		fastqc -o qc/SRR12432532/trimming data/SRR12432532_1.trimmed.fastq 
		mv qc/SRR12432532/trimming/SRR12432532_1.trimmed_fastqc.html qc/SRR12432532/trimming/SRR12432532_1.trimmed.fastqc.html
		
Submitted job 5 with external jobid 'Submitted batch job 13862732'.

[Thu Jul 27 18:59:48 2023]
rule TrimmingQC_fastqc:
    input: data/SRR12432532_2.trimmed.fastq
    output: qc/SRR12432532/trimming/SRR12432532_2.trimmed.fastqc.html
    jobid: 7
    reason: Input files updated by another job: data/SRR12432532_2.trimmed.fastq
    wildcards: sample=SRR12432532, read=2
    resources: mem_mb=5000, disk_mb=3034, tmpdir=<TBD>, time=0-00:30:00, qos=standard


		module load FastQC/0.11.9-Java-11

		mkdir -p qc
		mkdir -p qc/SRR12432532
		mkdir -p qc/SRR12432532/trimming
		fastqc -o qc/SRR12432532/trimming data/SRR12432532_2.trimmed.fastq 
		mv qc/SRR12432532/trimming/SRR12432532_2.trimmed_fastqc.html qc/SRR12432532/trimming/SRR12432532_2.trimmed.fastqc.html
		
Submitted job 7 with external jobid 'Submitted batch job 13862733'.
[Thu Jul 27 19:00:37 2023]
Finished job 7.
3 of 13 steps (23%) done
[Thu Jul 27 19:00:49 2023]
Finished job 5.
4 of 13 steps (31%) done
Select jobs to execute...

[Thu Jul 27 19:00:49 2023]
rule TrimmingQC_multiqc:
    input: qc/SRR12432532/trimming/SRR12432532_1.trimmed.fastqc.html, qc/SRR12432532/trimming/SRR12432532_2.trimmed.fastqc.html
    output: qc/SRR12432532/trimming/trimming_report_SRR12432532.html
    jobid: 4
    reason: Missing output files: qc/SRR12432532/trimming/trimming_report_SRR12432532.html; Input files updated by another job: qc/SRR12432532/trimming/SRR12432532_1.trimmed.fastqc.html, qc/SRR12432532/trimming/SRR12432532_2.trimmed.fastqc.html
    wildcards: sample=SRR12432532
    resources: mem_mb=5000, disk_mb=1000, tmpdir=<TBD>, time=0-00:10:00, qos=standard


		module load MultiQC
		multiqc -n qc/SRR12432532/trimming/trimming_report_SRR12432532.html --no-data-dir qc/SRR12432532/trimming
		
Submitted job 4 with external jobid 'Submitted batch job 13862747'.
[Thu Jul 27 19:01:01 2023]
Finished job 4.
5 of 13 steps (38%) done
[Thu Jul 27 19:01:12 2023]
Finished job 14.
6 of 13 steps (46%) done
Select jobs to execute...

[Thu Jul 27 19:01:12 2023]
rule FilteringReads:
    input: data/SRR12432532_2.sorted.fastq
    output: data/SRR12432532_2.filt.fastq
    jobid: 13
    reason: Missing output files: data/SRR12432532_2.filt.fastq; Input files updated by another job: data/SRR12432532_2.sorted.fastq
    wildcards: sample=SRR12432532, read=2
    resources: mem_mb=10000, disk_mb=2700, tmpdir=<TBD>, time=0-03:00:00, qos=standard


		module load FASTX-Toolkit
		fastq_quality_filter -q 30 -i data/SRR12432532_2.sorted.fastq -o data/SRR12432532_2.filt.fastq
		
Submitted job 13 with external jobid 'Submitted batch job 13862748'.
[Thu Jul 27 19:01:23 2023]
Finished job 11.
7 of 13 steps (54%) done
Select jobs to execute...

[Thu Jul 27 19:01:23 2023]
rule FilteringReads:
    input: data/SRR12432532_1.sorted.fastq
    output: data/SRR12432532_1.filt.fastq
    jobid: 10
    reason: Missing output files: data/SRR12432532_1.filt.fastq; Input files updated by another job: data/SRR12432532_1.sorted.fastq
    wildcards: sample=SRR12432532, read=1
    resources: mem_mb=10000, disk_mb=3003, tmpdir=<TBD>, time=0-03:00:00, qos=standard


		module load FASTX-Toolkit
		fastq_quality_filter -q 30 -i data/SRR12432532_1.sorted.fastq -o data/SRR12432532_1.filt.fastq
		
Submitted job 10 with external jobid 'Submitted batch job 13862749'.
[Thu Jul 27 19:13:51 2023]
Finished job 13.
8 of 13 steps (62%) done
Select jobs to execute...

[Thu Jul 27 19:13:51 2023]
rule FilteringQC_fastqc:
    input: data/SRR12432532_2.filt.fastq
    output: qc/SRR12432532/filtering/SRR12432532_2.filt.fastqc.html
    jobid: 12
    reason: Input files updated by another job: data/SRR12432532_2.filt.fastq
    wildcards: sample=SRR12432532, read=2
    resources: mem_mb=5000, disk_mb=2700, tmpdir=<TBD>, time=0-00:30:00, qos=standard


		module load FastQC/0.11.9-Java-11

		mkdir -p qc
		mkdir -p qc/SRR12432532
		mkdir -p qc/SRR12432532/filtering
		fastqc -o qc/SRR12432532/filtering data/SRR12432532_2.filt.fastq
		mv qc/SRR12432532/filtering/SRR12432532_2.filt_fastqc.html qc/SRR12432532/filtering/SRR12432532_2.filt.fastqc.html
		
Submitted job 12 with external jobid 'Submitted batch job 13862866'.
[Thu Jul 27 19:14:57 2023]
Finished job 12.
9 of 13 steps (69%) done
[Thu Jul 27 19:17:45 2023]
Finished job 10.
10 of 13 steps (77%) done
Select jobs to execute...

[Thu Jul 27 19:17:45 2023]
rule FilteringQC_fastqc:
    input: data/SRR12432532_1.filt.fastq
    output: qc/SRR12432532/filtering/SRR12432532_1.filt.fastqc.html
    jobid: 9
    reason: Input files updated by another job: data/SRR12432532_1.filt.fastq
    wildcards: sample=SRR12432532, read=1
    resources: mem_mb=5000, disk_mb=3003, tmpdir=<TBD>, time=0-00:30:00, qos=standard


		module load FastQC/0.11.9-Java-11

		mkdir -p qc
		mkdir -p qc/SRR12432532
		mkdir -p qc/SRR12432532/filtering
		fastqc -o qc/SRR12432532/filtering data/SRR12432532_1.filt.fastq
		mv qc/SRR12432532/filtering/SRR12432532_1.filt_fastqc.html qc/SRR12432532/filtering/SRR12432532_1.filt.fastqc.html
		
Submitted job 9 with external jobid 'Submitted batch job 13862880'.
[Thu Jul 27 19:18:51 2023]
Finished job 9.
11 of 13 steps (85%) done
Select jobs to execute...

[Thu Jul 27 19:18:53 2023]
rule FilteringQC_multiqc:
    input: qc/SRR12432532/filtering/SRR12432532_1.filt.fastqc.html, qc/SRR12432532/filtering/SRR12432532_2.filt.fastqc.html
    output: qc/SRR12432532/filtering/filtering_report_SRR12432532.html
    jobid: 8
    reason: Missing output files: qc/SRR12432532/filtering/filtering_report_SRR12432532.html; Input files updated by another job: qc/SRR12432532/filtering/SRR12432532_2.filt.fastqc.html, qc/SRR12432532/filtering/SRR12432532_1.filt.fastqc.html
    wildcards: sample=SRR12432532
    resources: mem_mb=5000, disk_mb=1000, tmpdir=<TBD>, time=0-00:10:00, qos=standard


		module load MultiQC
		multiqc -n qc/SRR12432532/filtering/filtering_report_SRR12432532.html --no-data-dir qc/SRR12432532/filtering
		
Submitted job 8 with external jobid 'Submitted batch job 13862881'.
[Thu Jul 27 19:19:09 2023]
Finished job 8.
12 of 13 steps (92%) done
Select jobs to execute...

[Thu Jul 27 19:19:09 2023]
localrule all:
    input: qc/SRR12432532/start/start_report_SRR12432532.html, qc/SRR12432532/trimming/trimming_report_SRR12432532.html, qc/SRR12432532/filtering/filtering_report_SRR12432532.html
    jobid: 0
    reason: Input files updated by another job: qc/SRR12432532/trimming/trimming_report_SRR12432532.html, qc/SRR12432532/start/start_report_SRR12432532.html, qc/SRR12432532/filtering/filtering_report_SRR12432532.html
    resources: mem_mb=1000, disk_mb=1000, tmpdir=/tmp, time=0-00:05:00, qos=standard

[Thu Jul 27 19:19:09 2023]
Finished job 0.
13 of 13 steps (100%) done
Complete log: ../../../../home/sjannalda/bgbm/projects/PlastidPipeline/.snakemake/log/2023-07-27T185432.569016.snakemake.log
