Building DAG of jobs...
Using shell: /usr/bin/bash
Provided cluster nodes: 500
Job stats:
job                                    count    min threads    max threads
-----------------------------------  -------  -------------  -------------
AnnotationPostStandardization              1              1              1
AnnotationPreStandardization               1              1              1
Assembly                                   1             16             16
AssemblyConfig                             1              1              1
Backmapping                                1              8              8
BuildReferenceAnnotationBackmapping        1              4              4
FilteringQC_fastqc                         2              1              1
FilteringQC_multiqc                        1              1              1
FilteringReads                             2              1              1
SortReads                                  2              1              1
StandardizationAnnotation                  1              1              1
all                                        1              1              1
total                                     15              1             16

Select jobs to execute...

[Mon Jul 31 19:16:55 2023]
rule SortReads:
    input: SRR17032105/data/SRR17032105_1.trimmed.fastq
    output: SRR17032105/data/SRR17032105_1.sorted.fastq
    jobid: 11
    reason: Forced execution
    wildcards: sample=SRR17032105, read=1
    resources: mem_mb=5000, disk_mb=2930, tmpdir=<TBD>, time=0-01:00:00, qos=standard


		module load bioawk
		bioawk -c fastx '{print}' SRR17032105/data/SRR17032105_1.trimmed.fastq | sort | awk -F'\t' '{print "@"$1;print $2;print "+"$1;print $3}' > SRR17032105/data/SRR17032105_1.sorted.fastq
		
Submitted job 11 with external jobid 'Submitted batch job 13888292'.

[Mon Jul 31 19:16:55 2023]
rule AssemblyConfig:
    output: database/SeedDatabase/embplant_pt.fasta, database/SeedDatabase/embplant_mt.fasta
    jobid: 19
    reason: Missing output files: database/SeedDatabase/embplant_pt.fasta; Code has changed since last execution
    resources: mem_mb=10000, disk_mb=1000, tmpdir=<TBD>, time=0-01:00:00, qos=standard


		module load Bowtie2
		module load BLAST+
		mkdir -p database
		get_organelle_config.py -a embplant_pt,embplant_mt --config-dir database
		
Submitted job 19 with external jobid 'Submitted batch job 13888293'.

[Mon Jul 31 19:16:56 2023]
rule SortReads:
    input: SRR17032105/data/SRR17032105_2.trimmed.fastq
    output: SRR17032105/data/SRR17032105_2.sorted.fastq
    jobid: 14
    reason: Forced execution
    wildcards: sample=SRR17032105, read=2
    resources: mem_mb=5000, disk_mb=2616, tmpdir=<TBD>, time=0-01:00:00, qos=standard


		module load bioawk
		bioawk -c fastx '{print}' SRR17032105/data/SRR17032105_2.trimmed.fastq | sort | awk -F'\t' '{print "@"$1;print $2;print "+"$1;print $3}' > SRR17032105/data/SRR17032105_2.sorted.fastq
		
Submitted job 14 with external jobid 'Submitted batch job 13888294'.
[Mon Jul 31 19:18:06 2023]
Error in rule AssemblyConfig:
    jobid: 19
    output: database/SeedDatabase/embplant_pt.fasta, database/SeedDatabase/embplant_mt.fasta
    shell:
        
		module load Bowtie2
		module load BLAST+
		mkdir -p database
		get_organelle_config.py -a embplant_pt,embplant_mt --config-dir database
		
        (one of the commands exited with non-zero exit code; note that snakemake uses bash strict mode!)
    cluster_jobid: Submitted batch job 13888293

Error executing rule AssemblyConfig on cluster (jobid: 19, external: Submitted batch job 13888293, jobscript: /scratch/sjannalda/projects/PlastidPipelineTesting/.snakemake/tmp.q41b24hf/snakejob.AssemblyConfig.19.sh). For error details see the cluster log and the log files of the involved rule(s).
[Mon Jul 31 19:18:07 2023]
Finished job 14.
1 of 15 steps (7%) done
Select jobs to execute...

[Mon Jul 31 19:18:07 2023]
rule FilteringReads:
    input: SRR17032105/data/SRR17032105_2.sorted.fastq
    output: SRR17032105/data/SRR17032105_2.filt.fastq
    jobid: 13
    reason: Input files updated by another job: SRR17032105/data/SRR17032105_2.sorted.fastq
    wildcards: sample=SRR17032105, read=2
    resources: mem_mb=10000, disk_mb=2317, tmpdir=<TBD>, time=0-03:00:00, qos=standard


		module load FASTX-Toolkit
		fastq_quality_filter -q 30 -i SRR17032105/data/SRR17032105_2.sorted.fastq -o SRR17032105/data/SRR17032105_2.filt.fastq
		
Submitted job 13 with external jobid 'Submitted batch job 13888297'.
[Mon Jul 31 19:18:17 2023]
Finished job 11.
2 of 15 steps (13%) done
Select jobs to execute...

[Mon Jul 31 19:18:17 2023]
rule FilteringReads:
    input: SRR17032105/data/SRR17032105_1.sorted.fastq
    output: SRR17032105/data/SRR17032105_1.filt.fastq
    jobid: 10
    reason: Input files updated by another job: SRR17032105/data/SRR17032105_1.sorted.fastq
    wildcards: sample=SRR17032105, read=1
    resources: mem_mb=10000, disk_mb=2631, tmpdir=<TBD>, time=0-03:00:00, qos=standard


		module load FASTX-Toolkit
		fastq_quality_filter -q 30 -i SRR17032105/data/SRR17032105_1.sorted.fastq -o SRR17032105/data/SRR17032105_1.filt.fastq
		
Submitted job 10 with external jobid 'Submitted batch job 13888298'.
[Mon Jul 31 19:29:19 2023]
Finished job 13.
3 of 15 steps (20%) done
Select jobs to execute...

[Mon Jul 31 19:29:19 2023]
rule FilteringQC_fastqc:
    input: SRR17032105/data/SRR17032105_2.filt.fastq
    output: SRR17032105/qc/filtering/SRR17032105_2.filt.fastqc.html
    jobid: 12
    reason: Input files updated by another job: SRR17032105/data/SRR17032105_2.filt.fastq
    wildcards: sample=SRR17032105, read=2
    resources: mem_mb=5000, disk_mb=2317, tmpdir=<TBD>, time=0-00:30:00, qos=standard


		module load FastQC/0.11.9-Java-11

		mkdir -p SRR17032105/qc
		mkdir -p SRR17032105/qc/filtering
		fastqc -o SRR17032105/qc/filtering SRR17032105/data/SRR17032105_2.filt.fastq
		mv SRR17032105/qc/filtering/SRR17032105_2.filt_fastqc.html SRR17032105/qc/filtering/SRR17032105_2.filt.fastqc.html
		
Submitted job 12 with external jobid 'Submitted batch job 13888307'.
[Mon Jul 31 19:30:03 2023]
Finished job 12.
4 of 15 steps (27%) done
[Mon Jul 31 19:31:53 2023]
Finished job 10.
5 of 15 steps (33%) done
Select jobs to execute...

[Mon Jul 31 19:31:53 2023]
rule FilteringQC_fastqc:
    input: SRR17032105/data/SRR17032105_1.filt.fastq
    output: SRR17032105/qc/filtering/SRR17032105_1.filt.fastqc.html
    jobid: 9
    reason: Input files updated by another job: SRR17032105/data/SRR17032105_1.filt.fastq
    wildcards: sample=SRR17032105, read=1
    resources: mem_mb=5000, disk_mb=2631, tmpdir=<TBD>, time=0-00:30:00, qos=standard


		module load FastQC/0.11.9-Java-11

		mkdir -p SRR17032105/qc
		mkdir -p SRR17032105/qc/filtering
		fastqc -o SRR17032105/qc/filtering SRR17032105/data/SRR17032105_1.filt.fastq
		mv SRR17032105/qc/filtering/SRR17032105_1.filt_fastqc.html SRR17032105/qc/filtering/SRR17032105_1.filt.fastqc.html
		
Submitted job 9 with external jobid 'Submitted batch job 13888308'.
[Mon Jul 31 19:32:43 2023]
Finished job 9.
6 of 15 steps (40%) done
Select jobs to execute...

[Mon Jul 31 19:32:43 2023]
rule FilteringQC_multiqc:
    input: SRR17032105/qc/filtering/SRR17032105_1.filt.fastqc.html, SRR17032105/qc/filtering/SRR17032105_2.filt.fastqc.html
    output: SRR17032105/qc/filtering/filtering_report_SRR17032105.html
    jobid: 8
    reason: Input files updated by another job: SRR17032105/qc/filtering/SRR17032105_1.filt.fastqc.html, SRR17032105/qc/filtering/SRR17032105_2.filt.fastqc.html
    wildcards: sample=SRR17032105
    resources: mem_mb=5000, disk_mb=1000, tmpdir=<TBD>, time=0-00:10:00, qos=standard


		module load MultiQC
		multiqc -n SRR17032105/qc/filtering/filtering_report_SRR17032105.html --no-data-dir qc/SRR17032105/filtering
		
Submitted job 8 with external jobid 'Submitted batch job 13888309'.
[Mon Jul 31 19:33:03 2023]
Finished job 8.
7 of 15 steps (47%) done
Exiting because a job execution failed. Look above for error message
Complete log: ../../../../home/sjannalda/bgbm/projects/PlastidPipeline/.snakemake/log/2023-07-31T191653.527590.snakemake.log
