Building DAG of jobs...
Using shell: /usr/bin/bash
Provided cluster nodes: 500
Job stats:
job                    count    min threads    max threads
-------------------  -------  -------------  -------------
FilteringQC_fastqc         2              1              1
FilteringQC_multiqc        1              1              1
FilteringReads             2              1              1
all                        1              1              1
total                      6              1              1

Select jobs to execute...

[Thu Jul 13 13:52:55 2023]
rule FilteringReads:
    input: data/AM0909_2.sorted.fastq
    output: data/AM0909_2.filt.fastq
    jobid: 9
    reason: Missing output files: data/AM0909_2.filt.fastq; Code has changed since last execution; Params have changed since last execution
    wildcards: sample=AM0909, read=2
    resources: mem_mb=10000, disk_mb=17148, tmpdir=<TBD>, time=0-03:00:00, qos=standard


		module load FASTX-Toolkit
		fastq_quality_filter -q 30 -i data/AM0909_2.sorted.fastq -o data/AM0909_2.filt.fastq
		
Submitted job 9 with external jobid 'Submitted batch job 13580932'.

[Thu Jul 13 13:52:55 2023]
rule FilteringReads:
    input: data/AM0909_1.sorted.fastq
    output: data/AM0909_1.filt.fastq
    jobid: 6
    reason: Missing output files: data/AM0909_1.filt.fastq; Code has changed since last execution; Params have changed since last execution
    wildcards: sample=AM0909, read=1
    resources: mem_mb=10000, disk_mb=17148, tmpdir=<TBD>, time=0-03:00:00, qos=standard


		module load FASTX-Toolkit
		fastq_quality_filter -q 30 -i data/AM0909_1.sorted.fastq -o data/AM0909_1.filt.fastq
		
Submitted job 6 with external jobid 'Submitted batch job 13580933'.
[Thu Jul 13 15:03:24 2023]
Finished job 6.
1 of 6 steps (17%) done
Select jobs to execute...

[Thu Jul 13 15:03:24 2023]
rule FilteringQC_fastqc:
    input: data/AM0909_1.filt.fastq
    output: qc/filtering/AM0909_1_fastqc.html
    jobid: 5
    reason: Missing output files: qc/filtering/AM0909_1_fastqc.html; Input files updated by another job: data/AM0909_1.filt.fastq
    wildcards: sample=AM0909, read=1
    resources: mem_mb=5000, disk_mb=17148, tmpdir=<TBD>, time=0-00:30:00, qos=standard


		module load FastQC/0.11.9-Java-11

		mkdir -p qc
		mkdir -p qc/filtering
		fastqc -o qc/filtering data/AM0909_1.filt.fastq 
		
Submitted job 5 with external jobid 'Submitted batch job 13581734'.
[Thu Jul 13 15:07:59 2023]
Error in rule FilteringQC_fastqc:
    jobid: 5
    input: data/AM0909_1.filt.fastq
    output: qc/filtering/AM0909_1_fastqc.html
    shell:
        
		module load FastQC/0.11.9-Java-11

		mkdir -p qc
		mkdir -p qc/filtering
		fastqc -o qc/filtering data/AM0909_1.filt.fastq 
		
        (one of the commands exited with non-zero exit code; note that snakemake uses bash strict mode!)
    cluster_jobid: Submitted batch job 13581734

Error executing rule FilteringQC_fastqc on cluster (jobid: 5, external: Submitted batch job 13581734, jobscript: /scratch/sjannalda/projects/PlastidPipelineTesting/.snakemake/tmp.av5e_jtu/snakejob.FilteringQC_fastqc.5.sh). For error details see the cluster log and the log files of the involved rule(s).
[Thu Jul 13 15:16:20 2023]
Finished job 9.
2 of 6 steps (33%) done
Select jobs to execute...

[Thu Jul 13 15:16:20 2023]
rule FilteringQC_fastqc:
    input: data/AM0909_2.filt.fastq
    output: qc/filtering/AM0909_2_fastqc.html
    jobid: 8
    reason: Missing output files: qc/filtering/AM0909_2_fastqc.html; Input files updated by another job: data/AM0909_2.filt.fastq
    wildcards: sample=AM0909, read=2
    resources: mem_mb=5000, disk_mb=17148, tmpdir=<TBD>, time=0-00:30:00, qos=standard


		module load FastQC/0.11.9-Java-11

		mkdir -p qc
		mkdir -p qc/filtering
		fastqc -o qc/filtering data/AM0909_2.filt.fastq 
		
Submitted job 8 with external jobid 'Submitted batch job 13581745'.
[Thu Jul 13 15:21:00 2023]
Error in rule FilteringQC_fastqc:
    jobid: 8
    input: data/AM0909_2.filt.fastq
    output: qc/filtering/AM0909_2_fastqc.html
    shell:
        
		module load FastQC/0.11.9-Java-11

		mkdir -p qc
		mkdir -p qc/filtering
		fastqc -o qc/filtering data/AM0909_2.filt.fastq 
		
        (one of the commands exited with non-zero exit code; note that snakemake uses bash strict mode!)
    cluster_jobid: Submitted batch job 13581745

Error executing rule FilteringQC_fastqc on cluster (jobid: 8, external: Submitted batch job 13581745, jobscript: /scratch/sjannalda/projects/PlastidPipelineTesting/.snakemake/tmp.av5e_jtu/snakejob.FilteringQC_fastqc.8.sh). For error details see the cluster log and the log files of the involved rule(s).
Exiting because a job execution failed. Look above for error message
Complete log: ../../../../home/sjannalda/bgbm/projects/PlastidPipeline/.snakemake/log/2023-07-13T135252.793575.snakemake.log
