Building DAG of jobs...
Using shell: /usr/bin/bash
Provided cluster nodes: 500
Job stats:
job                                    count    min threads    max threads
-----------------------------------  -------  -------------  -------------
AnnotationPostStandardization              1              1              1
AnnotationPreStandardization               1              1              1
Backmapping                                1              8              8
BuildReferenceAnnotationBackmapping        1              4              4
StandardizationAnnotation                  1              1              1
all                                        1              1              1
total                                      6              1              8

Select jobs to execute...

[Thu Aug  3 10:13:36 2023]
localrule AnnotationPreStandardization:
    input: Am21/assembly/Am21.original.fasta
    output: Am21/annotation/Am21.original.gb
    jobid: 30
    reason: Missing output files: Am21/annotation/Am21.original.gb
    wildcards: sample=Am21
    resources: mem_mb=1000, disk_mb=1000, tmpdir=/tmp, time=0-00:05:00, qos=standard

/home/sjannalda/miniconda3/bin/python3.8 /scratch/sjannalda/projects/PlastidPipelineTesting/.snakemake/scripts/tmpw2kfzlr4.GeSeqAutomation.py
[Thu Aug  3 10:14:41 2023]
Finished job 30.
1 of 6 steps (17%) done
Select jobs to execute...

[Thu Aug  3 10:14:41 2023]
rule StandardizationAnnotation:
    input: Am21/annotation/Am21.original.gb
    output: Am21/annotation/Am21.standardardized.fasta
    jobid: 29
    reason: Missing output files: Am21/annotation/Am21.standardardized.fasta; Input files updated by another job: Am21/annotation/Am21.original.gb
    wildcards: sample=Am21
    resources: mem_mb=1000, disk_mb=1000, tmpdir=<TBD>, time=0-0:30:00, qos=standard

Submitted job 29 with external jobid 'Submitted batch job 13914778'.
[Thu Aug  3 10:14:56 2023]
Finished job 29.
2 of 6 steps (33%) done
Select jobs to execute...

[Thu Aug  3 10:14:57 2023]
localrule AnnotationPostStandardization:
    input: Am21/annotation/Am21.standardardized.fasta
    output: Am21/annotation/Am21.standardardized.gb
    jobid: 28
    reason: Missing output files: Am21/annotation/Am21.standardardized.gb; Input files updated by another job: Am21/annotation/Am21.standardardized.fasta
    wildcards: sample=Am21
    resources: mem_mb=1000, disk_mb=1000, tmpdir=/tmp, time=0-00:05:00, qos=standard

[Thu Aug  3 10:14:57 2023]
rule BuildReferenceAnnotationBackmapping:
    input: Am21/annotation/Am21.standardardized.fasta
    output: Am21/backmapping/Am21.backmapping.1.bt2
    log: Am21/qc/backmapping/Am21.bowtie2.reference.log
    jobid: 35
    reason: Missing output files: Am21/backmapping/Am21.backmapping.1.bt2; Input files updated by another job: Am21/annotation/Am21.standardardized.fasta
    wildcards: sample=Am21
    threads: 4
    resources: mem_mb=10000, disk_mb=1000, tmpdir=<TBD>, time=0-01:00:00, qos=standard


		module load Bowtie2
		bowtie2-build --threads 4 Am21/annotation/Am21.standardardized.fasta Am21/backmapping/Am21.backmapping 2> Am21/qc/backmapping/Am21.bowtie2.reference.log
		
/home/sjannalda/miniconda3/bin/python3.8 /scratch/sjannalda/projects/PlastidPipelineTesting/.snakemake/scripts/tmp32l0t0c0.GeSeqAutomation.py
Submitted job 35 with external jobid 'Submitted batch job 13914779'.
[Thu Aug  3 10:15:06 2023]
Finished job 35.
3 of 6 steps (50%) done
Select jobs to execute...

[Thu Aug  3 10:15:06 2023]
rule Backmapping:
    input: Am21/backmapping/Am21.backmapping.1.bt2, Am21/data/Am21_1.filt.fastq, Am21/data/Am21_2.filt.fastq
    output: Am21/backmapping/Am21.backmapping.sam
    log: Am21/qc/backmapping/Am21.bowtie2.backmapping.log
    jobid: 34
    reason: Missing output files: Am21/backmapping/Am21.backmapping.sam; Input files updated by another job: Am21/backmapping/Am21.backmapping.1.bt2
    wildcards: sample=Am21
    threads: 8
    resources: mem_mb=10000, disk_mb=24522, tmpdir=<TBD>, time=0-01:00:00, qos=standard


		module load Bowtie2
		bowtie2 --threads 8 -x Am21/backmapping/Am21.backmapping -1 Am21/data/Am21_1.filt.fastq -2 Am21/data/Am21_2.filt.fastq -S Am21/backmapping/Am21.backmapping.sam 2> Am21/qc/backmapping/Am21.bowtie2.backmapping.log
		
Submitted job 34 with external jobid 'Submitted batch job 13914780'.
[Thu Aug  3 10:16:03 2023]
Finished job 28.
4 of 6 steps (67%) done
[Thu Aug  3 10:16:37 2023]
Finished job 34.
5 of 6 steps (83%) done
Select jobs to execute...

[Thu Aug  3 10:16:37 2023]
localrule all:
    input: Am09/qc/trimming/trimming_report_Am09.html, Am21/qc/trimming/trimming_report_Am21.html, Am09/qc/filtering/filtering_report_Am09.html, Am21/qc/filtering/filtering_report_Am21.html, Am09/annotation/Am09.standardardized.gb, Am21/annotation/Am21.standardardized.gb, Am09/annotation/Am09.standardardized.fasta, Am21/annotation/Am21.standardardized.fasta, Am09/backmapping/Am09.backmapping.sam, Am21/backmapping/Am21.backmapping.sam
    jobid: 0
    reason: Input files updated by another job: Am21/annotation/Am21.standardardized.gb, Am21/backmapping/Am21.backmapping.sam, Am21/annotation/Am21.standardardized.fasta
    resources: mem_mb=1000, disk_mb=53063, tmpdir=/tmp, time=0-00:05:00, qos=standard

[Thu Aug  3 10:16:37 2023]
Finished job 0.
6 of 6 steps (100%) done
Complete log: ../../../../home/sjannalda/bgbm/projects/PlastidPipeline/.snakemake/log/2023-08-03T101321.500348.snakemake.log
