Building DAG of jobs...
Using shell: /usr/bin/bash
Provided cluster nodes: 500
Job stats:
job         count    min threads    max threads
--------  -------  -------------  -------------
Assembly        1              8              8
all             1              1              1
total           2              1              8

Select jobs to execute...

[Tue Jul  4 15:56:15 2023]
rule Assembly:
    input: database/SeedDatabase/embplant_pt.fasta, database/SeedDatabase/embplant_mt.fasta, data/AM0909_1.filt.fastq, data/AM0909_2.filt.fastq
    output: assembly/embplant_pt.K105.complete.graph1.1.path_sequence.fasta
    jobid: 1
    reason: Code has changed since last execution
    threads: 8
    resources: mem_mb=10000, disk_mb=34327, tmpdir=<TBD>, time=0-3:00:00, qos=standard


		module load Bowtie2
		module load BLAST+
		module load SPAdes
		mkdir -p assembly
		get_organelle_from_reads.py -1 data/AM0909_1.filt.fastq -2 data/AM0909_2.filt.fastq -o assembly -R 30 -k 21,45,65,85,105 -P 1000000 -F embplant_pt --config-dir database -t 8 --overwrite
		
Submitted job 1 with external jobid 'Submitted batch job 13554232'.
[Tue Jul  4 16:38:37 2023]
Finished job 1.
1 of 2 steps (50%) done
Select jobs to execute...

[Tue Jul  4 16:38:37 2023]
localrule all:
    input: assembly/embplant_pt.K105.complete.graph1.1.path_sequence.fasta
    jobid: 0
    reason: Input files updated by another job: assembly/embplant_pt.K105.complete.graph1.1.path_sequence.fasta
    resources: mem_mb=1000, disk_mb=1000, tmpdir=/localscratch/tmp/sjannalda/tmp.13554221.0, time=0-00:05:00, qos=standard

[Tue Jul  4 16:38:37 2023]
Finished job 0.
2 of 2 steps (100%) done
Complete log: ../../../../home/sjannalda/bgbm/projects/PlastidPipeline/.snakemake/log/2023-07-04T155612.275262.snakemake.log
