Building DAG of jobs...
Using shell: /usr/bin/bash
Provided cores: 1 (use --cores to define parallelism)
Rules claiming more threads will be scaled down.
Conda environments: ignored
Job stats:
job                count    min threads    max threads
---------------  -------  -------------  -------------
StartQC_fastqc         2              1              1
StartQC_multiqc        1              1              1
all                    1              1              1
total                  4              1              1

Select jobs to execute...

[Wed Aug 16 15:59:59 2023]
rule StartQC_fastqc:
    input: /scratch/sjannalda/projects/PlastidPipelineTesting/data/ERR5529317/ERR5529317_1.fastq
    output: ERR5529317/qc/start/ERR5529317_1.fastqc.html
    jobid: 2
    reason: Missing output files: ERR5529317/qc/start/ERR5529317_1.fastqc.html
    wildcards: sample=ERR5529317, read=1
    resources: tmpdir=/tmp, mem_mb=5000, time=0-00:30:00

Activating environment modules: FastQC/0.11.9-Java-11
Will exit after finishing currently running jobs (scheduler).
[Wed Aug 16 17:23:05 2023]
Error in rule StartQC_fastqc:
    jobid: 2
    input: /scratch/sjannalda/projects/PlastidPipelineTesting/data/ERR5529317/ERR5529317_1.fastq
    output: ERR5529317/qc/start/ERR5529317_1.fastqc.html
    shell:
        
		mkdir -p ERR5529317/qc
		mkdir -p ERR5529317/qc/start
		fastqc -o ERR5529317/qc/start /scratch/sjannalda/projects/PlastidPipelineTesting/data/ERR5529317/ERR5529317_1.fastq 
		mv ERR5529317/qc/start/ERR5529317_1_fastqc.html ERR5529317/qc/start/ERR5529317_1.fastqc.html
		
        (one of the commands exited with non-zero exit code; note that snakemake uses bash strict mode!)

Will exit after finishing currently running jobs (scheduler).
Shutting down, this might take some time.
Complete log: ../../../../home/sjannalda/bgbm/projects/PlastidPipeline/.snakemake/log/2023-08-16T155958.207080.snakemake.log
