Building DAG of jobs...
Using shell: /usr/bin/bash
Provided cluster nodes: 500
Job stats:
job        count    min threads    max threads
-------  -------  -------------  -------------
StartQC        1              1              1
all            1              1              1
total          2              1              1

Select jobs to execute...

[Tue Jul  4 17:34:27 2023]
rule StartQC:
    input: data/AM0909_1.fastq, data/AM0909_2.fastq
    output: qc/start/start_report_AM0909.html
    jobid: 1
    reason: Missing output files: qc/start/start_report_AM0909.html
    wildcards: sample=AM0909
    resources: mem_mb=5000, disk_mb=32672, tmpdir=<TBD>, time=0-00:30:00, qos=standard


		module load FastQC/0.11.9-Java-11
		module load MultiQC

		mkdir -p qc
		mkdir -p qc/start
		fastqc -o qc/start data/AM0909_1.fastq data/AM0909_2.fastq 
		multiqc -n qc/start/start_report_AM0909.html 
		
Submitted job 1 with external jobid 'Submitted batch job 13554618'.
[Tue Jul  4 17:44:08 2023]
Error in rule StartQC:
    jobid: 1
    input: data/AM0909_1.fastq, data/AM0909_2.fastq
    output: qc/start/start_report_AM0909.html
    shell:
        
		module load FastQC/0.11.9-Java-11
		module load MultiQC

		mkdir -p qc
		mkdir -p qc/start
		fastqc -o qc/start data/AM0909_1.fastq data/AM0909_2.fastq 
		multiqc -n qc/start/start_report_AM0909.html 
		
        (one of the commands exited with non-zero exit code; note that snakemake uses bash strict mode!)
    cluster_jobid: Submitted batch job 13554618

Error executing rule StartQC on cluster (jobid: 1, external: Submitted batch job 13554618, jobscript: /scratch/sjannalda/projects/PlastidPipelineTesting/.snakemake/tmp.2qky5q0j/snakejob.StartQC.1.sh). For error details see the cluster log and the log files of the involved rule(s).
Exiting because a job execution failed. Look above for error message
Complete log: ../../../../home/sjannalda/bgbm/projects/PlastidPipeline/.snakemake/log/2023-07-04T173426.289690.snakemake.log
