Building DAG of jobs...
Using shell: /usr/bin/bash
Provided cluster nodes: 500
Job stats:
job                              count    min threads    max threads
-----------------------------  -------  -------------  -------------
AnnotationPostStandardization        1              1              1
AnnotationPreStandardization         1              1              1
Assembly                             1              8              8
AssemblyConfig                       1              1              1
FilteringQC_fastqc                   2              1              1
FilteringQC_multiqc                  1              1              1
FilteringReads                       2              1              1
SortReads                            2              1              1
StandardizationAnnotation            1              1              1
StartQC_fastqc                       2              1              1
StartQC_multiqc                      1              1              1
TrimReads                            1              1              1
TrimmingQC_fastqc                    2              1              1
TrimmingQC_multiqc                   1              1              1
all                                  1              1              1
total                               20              1              8

Select jobs to execute...

[Thu Jul 27 15:05:03 2023]
rule AssemblyConfig:
    output: database/SeedDatabase/embplant_pt.fasta, database/SeedDatabase/embplant_mt.fasta
    jobid: 19
    reason: Code has changed since last execution; Params have changed since last execution
    resources: mem_mb=10000, disk_mb=1000, tmpdir=<TBD>, time=0-01:00:00, qos=standard

RuleException in rule AssemblyConfig  in line 1 of /home/sjannalda/bgbm/projects/PlastidPipeline/workflow/rules/Assembly.smk:
NameError: The name 'database_folder' is unknown in this context. Please make sure that you defined that variable. Also note that braces not used for variable access have to be escaped by repeating them, i.e. {{print $1}}, when formatting the following:

		module load Bowtie2
		module load BLAST+
		mkdir -p {config[database_folder]}
		get_organelle_config.py -a {config[organelle_databases_config]} --config-dir {config[database_folder]}
		
