Building DAG of jobs...
Using shell: /usr/bin/bash
Provided cluster nodes: 500
Job stats:
job                count    min threads    max threads
---------------  -------  -------------  -------------
StartQC_fastqc         2              1              1
StartQC_multiqc        1              1              1
all                    1              1              1
total                  4              1              1

Select jobs to execute...

[Tue Jul  4 17:56:55 2023]
rule StartQC_fastqc:
    input: data/AM0909_1.fastq
    output: qc/start/AM0909_1.html
    jobid: 2
    reason: Missing output files: qc/start/AM0909_1.html
    wildcards: sample=AM0909, read=1
    resources: mem_mb=5000, disk_mb=16336, tmpdir=<TBD>, time=0-00:30:00, qos=standard


		module load FastQC/0.11.9-Java-11

		mkdir -p qc
		mkdir -p qc/start
		fastqc -o qc/start data/AM0909_1.fastq 
		
Submitted job 2 with external jobid 'Submitted batch job 13554702'.

[Tue Jul  4 17:56:56 2023]
rule StartQC_fastqc:
    input: data/AM0909_2.fastq
    output: qc/start/AM0909_2.html
    jobid: 3
    reason: Missing output files: qc/start/AM0909_2.html
    wildcards: sample=AM0909, read=2
    resources: mem_mb=5000, disk_mb=16336, tmpdir=<TBD>, time=0-00:30:00, qos=standard


		module load FastQC/0.11.9-Java-11

		mkdir -p qc
		mkdir -p qc/start
		fastqc -o qc/start data/AM0909_2.fastq 
		
Submitted job 3 with external jobid 'Submitted batch job 13554703'.
[Tue Jul  4 18:04:03 2023]
Error in rule StartQC_fastqc:
    jobid: 2
    input: data/AM0909_1.fastq
    output: qc/start/AM0909_1.html
    shell:
        
		module load FastQC/0.11.9-Java-11

		mkdir -p qc
		mkdir -p qc/start
		fastqc -o qc/start data/AM0909_1.fastq 
		
        (one of the commands exited with non-zero exit code; note that snakemake uses bash strict mode!)
    cluster_jobid: Submitted batch job 13554702

Error executing rule StartQC_fastqc on cluster (jobid: 2, external: Submitted batch job 13554702, jobscript: /scratch/sjannalda/projects/PlastidPipelineTesting/.snakemake/tmp.yi_z0idm/snakejob.StartQC_fastqc.2.sh). For error details see the cluster log and the log files of the involved rule(s).
[Tue Jul  4 18:04:04 2023]
Error in rule StartQC_fastqc:
    jobid: 3
    input: data/AM0909_2.fastq
    output: qc/start/AM0909_2.html
    shell:
        
		module load FastQC/0.11.9-Java-11

		mkdir -p qc
		mkdir -p qc/start
		fastqc -o qc/start data/AM0909_2.fastq 
		
        (one of the commands exited with non-zero exit code; note that snakemake uses bash strict mode!)
    cluster_jobid: Submitted batch job 13554703

Error executing rule StartQC_fastqc on cluster (jobid: 3, external: Submitted batch job 13554703, jobscript: /scratch/sjannalda/projects/PlastidPipelineTesting/.snakemake/tmp.yi_z0idm/snakejob.StartQC_fastqc.3.sh). For error details see the cluster log and the log files of the involved rule(s).
Exiting because a job execution failed. Look above for error message
Complete log: ../../../../home/sjannalda/bgbm/projects/PlastidPipeline/.snakemake/log/2023-07-04T175654.290769.snakemake.log
