Building DAG of jobs...
Using shell: /usr/bin/bash
Provided cluster nodes: 500
Job stats:
job                    count    min threads    max threads
-------------------  -------  -------------  -------------
FilteringQC_fastqc         2              1              1
FilteringQC_multiqc        1              1              1
FilteringReads             2              1              1
SortReads                  2              1              1
TrimReads                  1              1              1
TrimmingQC_fastqc          2              1              1
TrimmingQC_multiqc         1              1              1
all                        1              1              1
total                     12              1              1

Select jobs to execute...

[Mon Jul 31 16:38:56 2023]
rule TrimReads:
    input: /scratch/sjannalda/projects/PlastidPipelineTesting/data/SRR17032105_1.fastq, /scratch/sjannalda/projects/PlastidPipelineTesting/data/SRR17032105_2.fastq
    output: SRR17032105/data/SRR17032105_1.trimmed.fastq, SRR17032105/data/SRR17032105_2.trimmed.fastq, SRR17032105/data/SRR17032105_U1.trimmed.fastq, SRR17032105/data/SRR17032105_U2.trimmed.fastq
    jobid: 6
    reason: Missing output files: SRR17032105/data/SRR17032105_2.trimmed.fastq, SRR17032105/data/SRR17032105_1.trimmed.fastq
    wildcards: sample=SRR17032105
    resources: mem_mb=5000, disk_mb=6935, tmpdir=<TBD>, time=0-02:00:00, qos=standard


		module load Trimmomatic
		java -jar $EBROOTTRIMMOMATIC/trimmomatic-0.39.jar PE -phred33 /scratch/sjannalda/projects/PlastidPipelineTesting/data/SRR17032105_1.fastq /scratch/sjannalda/projects/PlastidPipelineTesting/data/SRR17032105_2.fastq SRR17032105/data/SRR17032105_1.trimmed.fastq SRR17032105/data/SRR17032105_U1.trimmed.fastq SRR17032105/data/SRR17032105_2.trimmed.fastq SRR17032105/data/SRR17032105_U2.trimmed.fastq ILLUMINACLIP:$EBROOTTRIMMOMATIC/adapters/TruSeq3-PE-2.fa:2:30:10 LEADING:20 TRAILING:20 SLIDINGWINDOW:5:20 MINLEN:36
		
Submitted job 6 with external jobid 'Submitted batch job 13888034'.
[Mon Jul 31 16:42:26 2023]
Finished job 6.
1 of 12 steps (8%) done
Select jobs to execute...

[Mon Jul 31 16:42:26 2023]
rule SortReads:
    input: SRR17032105/data/SRR17032105_1.trimmed.fastq
    output: SRR17032105/data/SRR17032105_1.sorted.fastq
    jobid: 11
    reason: Missing output files: SRR17032105/data/SRR17032105_1.sorted.fastq; Input files updated by another job: SRR17032105/data/SRR17032105_1.trimmed.fastq
    wildcards: sample=SRR17032105, read=1
    resources: mem_mb=5000, disk_mb=2930, tmpdir=<TBD>, time=0-01:00:00, qos=standard


		module load bioawk
		bioawk -c fastx '{print}' SRR17032105/data/SRR17032105_1.trimmed.fastq | sort | awk -F'\t' '{print "@"$1;print $2;print "+"$1;print $3}' > SRR17032105/data/SRR17032105_1.sorted.fastq
		
Submitted job 11 with external jobid 'Submitted batch job 13888042'.

[Mon Jul 31 16:42:26 2023]
rule SortReads:
    input: SRR17032105/data/SRR17032105_2.trimmed.fastq
    output: SRR17032105/data/SRR17032105_2.sorted.fastq
    jobid: 14
    reason: Missing output files: SRR17032105/data/SRR17032105_2.sorted.fastq; Input files updated by another job: SRR17032105/data/SRR17032105_2.trimmed.fastq
    wildcards: sample=SRR17032105, read=2
    resources: mem_mb=5000, disk_mb=2616, tmpdir=<TBD>, time=0-01:00:00, qos=standard


		module load bioawk
		bioawk -c fastx '{print}' SRR17032105/data/SRR17032105_2.trimmed.fastq | sort | awk -F'\t' '{print "@"$1;print $2;print "+"$1;print $3}' > SRR17032105/data/SRR17032105_2.sorted.fastq
		
Submitted job 14 with external jobid 'Submitted batch job 13888043'.

[Mon Jul 31 16:42:27 2023]
rule TrimmingQC_fastqc:
    input: SRR17032105/data/SRR17032105_2.trimmed.fastq
    output: SRR17032105/qc/trimming/SRR17032105_2.trimmed.fastqc.html
    jobid: 7
    reason: Missing output files: SRR17032105/qc/trimming/SRR17032105_2.trimmed.fastqc.html; Input files updated by another job: SRR17032105/data/SRR17032105_2.trimmed.fastq
    wildcards: sample=SRR17032105, read=2
    resources: mem_mb=5000, disk_mb=2616, tmpdir=<TBD>, time=0-00:30:00, qos=standard


		module load FastQC/0.11.9-Java-11

		mkdir -p SRR17032105/qc
		mkdir -p SRR17032105/qc/trimming
		fastqc -o SRR17032105/qc/trimming SRR17032105/data/SRR17032105_2.trimmed.fastq 
		mv SRR17032105/qc/trimming/SRR17032105_2.trimmed_fastqc.html SRR17032105/qc/trimming/SRR17032105_2.trimmed.fastqc.html
		
Submitted job 7 with external jobid 'Submitted batch job 13888044'.

[Mon Jul 31 16:42:27 2023]
rule TrimmingQC_fastqc:
    input: SRR17032105/data/SRR17032105_1.trimmed.fastq
    output: SRR17032105/qc/trimming/SRR17032105_1.trimmed.fastqc.html
    jobid: 5
    reason: Missing output files: SRR17032105/qc/trimming/SRR17032105_1.trimmed.fastqc.html; Input files updated by another job: SRR17032105/data/SRR17032105_1.trimmed.fastq
    wildcards: sample=SRR17032105, read=1
    resources: mem_mb=5000, disk_mb=2930, tmpdir=<TBD>, time=0-00:30:00, qos=standard


		module load FastQC/0.11.9-Java-11

		mkdir -p SRR17032105/qc
		mkdir -p SRR17032105/qc/trimming
		fastqc -o SRR17032105/qc/trimming SRR17032105/data/SRR17032105_1.trimmed.fastq 
		mv SRR17032105/qc/trimming/SRR17032105_1.trimmed_fastqc.html SRR17032105/qc/trimming/SRR17032105_1.trimmed.fastqc.html
		
Submitted job 5 with external jobid 'Submitted batch job 13888045'.
[Mon Jul 31 16:42:36 2023]
Error in rule SortReads:
    jobid: 11
    input: SRR17032105/data/SRR17032105_1.trimmed.fastq
    output: SRR17032105/data/SRR17032105_1.sorted.fastq
    shell:
        
		module load bioawk
		bioawk -c fastx '{print}' SRR17032105/data/SRR17032105_1.trimmed.fastq | sort | awk -F'\t' '{print "@"$1;print $2;print "+"$1;print $3}' > SRR17032105/data/SRR17032105_1.sorted.fastq
		
        (one of the commands exited with non-zero exit code; note that snakemake uses bash strict mode!)
    cluster_jobid: Submitted batch job 13888042

Error executing rule SortReads on cluster (jobid: 11, external: Submitted batch job 13888042, jobscript: /scratch/sjannalda/projects/PlastidPipelineTesting/.snakemake/tmp.oge_m7k2/snakejob.SortReads.11.sh). For error details see the cluster log and the log files of the involved rule(s).
[Mon Jul 31 16:42:37 2023]
Error in rule SortReads:
    jobid: 14
    input: SRR17032105/data/SRR17032105_2.trimmed.fastq
    output: SRR17032105/data/SRR17032105_2.sorted.fastq
    shell:
        
		module load bioawk
		bioawk -c fastx '{print}' SRR17032105/data/SRR17032105_2.trimmed.fastq | sort | awk -F'\t' '{print "@"$1;print $2;print "+"$1;print $3}' > SRR17032105/data/SRR17032105_2.sorted.fastq
		
        (one of the commands exited with non-zero exit code; note that snakemake uses bash strict mode!)
    cluster_jobid: Submitted batch job 13888043

Error executing rule SortReads on cluster (jobid: 14, external: Submitted batch job 13888043, jobscript: /scratch/sjannalda/projects/PlastidPipelineTesting/.snakemake/tmp.oge_m7k2/snakejob.SortReads.14.sh). For error details see the cluster log and the log files of the involved rule(s).
[Mon Jul 31 16:42:38 2023]
Error in rule TrimmingQC_fastqc:
    jobid: 7
    input: SRR17032105/data/SRR17032105_2.trimmed.fastq
    output: SRR17032105/qc/trimming/SRR17032105_2.trimmed.fastqc.html
    shell:
        
		module load FastQC/0.11.9-Java-11

		mkdir -p SRR17032105/qc
		mkdir -p SRR17032105/qc/trimming
		fastqc -o SRR17032105/qc/trimming SRR17032105/data/SRR17032105_2.trimmed.fastq 
		mv SRR17032105/qc/trimming/SRR17032105_2.trimmed_fastqc.html SRR17032105/qc/trimming/SRR17032105_2.trimmed.fastqc.html
		
        (one of the commands exited with non-zero exit code; note that snakemake uses bash strict mode!)
    cluster_jobid: Submitted batch job 13888044

Error executing rule TrimmingQC_fastqc on cluster (jobid: 7, external: Submitted batch job 13888044, jobscript: /scratch/sjannalda/projects/PlastidPipelineTesting/.snakemake/tmp.oge_m7k2/snakejob.TrimmingQC_fastqc.7.sh). For error details see the cluster log and the log files of the involved rule(s).
[Mon Jul 31 16:42:39 2023]
Error in rule TrimmingQC_fastqc:
    jobid: 5
    input: SRR17032105/data/SRR17032105_1.trimmed.fastq
    output: SRR17032105/qc/trimming/SRR17032105_1.trimmed.fastqc.html
    shell:
        
		module load FastQC/0.11.9-Java-11

		mkdir -p SRR17032105/qc
		mkdir -p SRR17032105/qc/trimming
		fastqc -o SRR17032105/qc/trimming SRR17032105/data/SRR17032105_1.trimmed.fastq 
		mv SRR17032105/qc/trimming/SRR17032105_1.trimmed_fastqc.html SRR17032105/qc/trimming/SRR17032105_1.trimmed.fastqc.html
		
        (one of the commands exited with non-zero exit code; note that snakemake uses bash strict mode!)
    cluster_jobid: Submitted batch job 13888045

Error executing rule TrimmingQC_fastqc on cluster (jobid: 5, external: Submitted batch job 13888045, jobscript: /scratch/sjannalda/projects/PlastidPipelineTesting/.snakemake/tmp.oge_m7k2/snakejob.TrimmingQC_fastqc.5.sh). For error details see the cluster log and the log files of the involved rule(s).
Exiting because a job execution failed. Look above for error message
Complete log: ../../../../home/sjannalda/bgbm/projects/PlastidPipeline/.snakemake/log/2023-07-31T163854.366998.snakemake.log
