Building DAG of jobs...
Using shell: /usr/bin/bash
Provided cluster nodes: 500
Job stats:
job                              count    min threads    max threads
-----------------------------  -------  -------------  -------------
AnnotationPostStandardization        1              1              1
AnnotationPreStandardization         1              1              1
Assembly                             1              8              8
AssemblyConfig                       1              1              1
FilteringQC_fastqc                   2              1              1
FilteringQC_multiqc                  1              1              1
FilteringReads                       2              1              1
SortReads                            2              1              1
StandardizationAnnotation            1              1              1
TrimReads                            1              1              1
TrimmingQC_fastqc                    2              1              1
TrimmingQC_multiqc                   1              1              1
all                                  1              1              1
total                               17              1              8

Select jobs to execute...

[Thu Jul 27 15:09:37 2023]
rule AssemblyConfig:
    output: database/SeedDatabase/embplant_pt.fasta, database/SeedDatabase/embplant_mt.fasta
    jobid: 19
    reason: Missing output files: database/SeedDatabase/embplant_mt.fasta, database/SeedDatabase/embplant_pt.fasta
    resources: mem_mb=10000, disk_mb=1000, tmpdir=<TBD>, time=0-01:00:00, qos=standard


		module load Bowtie2
		module load BLAST+
		mkdir -p database
		get_organelle_config.py -a embplant_pt,embplant_mt --config-dir database
		
Submitted job 19 with external jobid 'Submitted batch job 13860471'.

[Thu Jul 27 15:09:37 2023]
rule TrimReads:
    input: data/SRR12432532_1.fastq, data/SRR12432532_2.fastq
    output: data/SRR12432532_1.trimmed.fastq, data/SRR12432532_2.trimmed.fastq, data/SRR12432532_U1.trimmed.fastq, data/SRR12432532_U2.trimmed.fastq
    jobid: 6
    reason: Missing output files: data/SRR12432532_1.trimmed.fastq, data/SRR12432532_2.trimmed.fastq
    wildcards: sample=SRR12432532
    resources: mem_mb=5000, disk_mb=11821, tmpdir=<TBD>, time=0-02:00:00, qos=standard


		module load Trimmomatic
		java -jar $EBROOTTRIMMOMATIC/trimmomatic-0.39.jar PE -phred33 data/SRR12432532_1.fastq_1.fq.gz data/SRR12432532_2.fastq_2.fq.gz data/SRR12432532_1.trimmed.fastq.gz data/SRR12432532_U1.trimmed.fastq.gz $data/SRR12432532_2.trimmed.fastq.gz data/SRR12432532_U2.trimmed.fastq.gz ILLUMINACLIP:$EBROOTTRIMMOMATIC/adapters/TruSeq2-PE.fa:2:30:10 LEADING:20 TRAILING:20 SLIDINGWINDOW:5:20 MINLEN:36
		
Submitted job 6 with external jobid 'Submitted batch job 13860472'.
[Thu Jul 27 15:09:48 2023]
Error in rule TrimReads:
    jobid: 6
    input: data/SRR12432532_1.fastq, data/SRR12432532_2.fastq
    output: data/SRR12432532_1.trimmed.fastq, data/SRR12432532_2.trimmed.fastq, data/SRR12432532_U1.trimmed.fastq, data/SRR12432532_U2.trimmed.fastq
    shell:
        
		module load Trimmomatic
		java -jar $EBROOTTRIMMOMATIC/trimmomatic-0.39.jar PE -phred33 data/SRR12432532_1.fastq_1.fq.gz data/SRR12432532_2.fastq_2.fq.gz data/SRR12432532_1.trimmed.fastq.gz data/SRR12432532_U1.trimmed.fastq.gz $data/SRR12432532_2.trimmed.fastq.gz data/SRR12432532_U2.trimmed.fastq.gz ILLUMINACLIP:$EBROOTTRIMMOMATIC/adapters/TruSeq2-PE.fa:2:30:10 LEADING:20 TRAILING:20 SLIDINGWINDOW:5:20 MINLEN:36
		
        (one of the commands exited with non-zero exit code; note that snakemake uses bash strict mode!)
    cluster_jobid: Submitted batch job 13860472

Error executing rule TrimReads on cluster (jobid: 6, external: Submitted batch job 13860472, jobscript: /scratch/sjannalda/projects/PlastidPipelineTesting/.snakemake/tmp._3mx9nk0/snakejob.TrimReads.6.sh). For error details see the cluster log and the log files of the involved rule(s).
[Thu Jul 27 15:10:58 2023]
Error in rule AssemblyConfig:
    jobid: 19
    output: database/SeedDatabase/embplant_pt.fasta, database/SeedDatabase/embplant_mt.fasta
    shell:
        
		module load Bowtie2
		module load BLAST+
		mkdir -p database
		get_organelle_config.py -a embplant_pt,embplant_mt --config-dir database
		
        (one of the commands exited with non-zero exit code; note that snakemake uses bash strict mode!)
    cluster_jobid: Submitted batch job 13860471

Error executing rule AssemblyConfig on cluster (jobid: 19, external: Submitted batch job 13860471, jobscript: /scratch/sjannalda/projects/PlastidPipelineTesting/.snakemake/tmp._3mx9nk0/snakejob.AssemblyConfig.19.sh). For error details see the cluster log and the log files of the involved rule(s).
Exiting because a job execution failed. Look above for error message
Complete log: ../../../../home/sjannalda/bgbm/projects/PlastidPipeline/.snakemake/log/2023-07-27T150935.545229.snakemake.log
