Building DAG of jobs...
Using shell: /usr/bin/bash
Provided cluster nodes: 500
Job stats:
job                              count    min threads    max threads
-----------------------------  -------  -------------  -------------
AnnotationPostStandardization        1              1              1
AnnotationPreStandardization         1              1              1
Assembly                             1              8              8
AssemblyConfig                       1              1              1
FilteringQC_fastqc                   2              1              1
FilteringQC_multiqc                  1              1              1
StandardizationAnnotation            1              1              1
StartQC_fastqc                       2              1              1
StartQC_multiqc                      1              1              1
TrimmingQC_fastqc                    2              1              1
TrimmingQC_multiqc                   1              1              1
all                                  1              1              1
total                               15              1              8

Select jobs to execute...

[Thu Jul 27 16:38:49 2023]
rule FilteringQC_fastqc:
    input: data/SRR12432532_2.filt.fastq
    output: qc/SRR12432532/filtering/SRR12432532_2.filt.fastqc.html
    jobid: 12
    reason: Missing output files: qc/SRR12432532/filtering/SRR12432532_2.filt.fastqc.html
    wildcards: sample=SRR12432532, read=2
    resources: mem_mb=5000, disk_mb=3456, tmpdir=<TBD>, time=0-00:30:00, qos=standard


		module load FastQC/0.11.9-Java-11

		mkdir -p qc
		mkdir -p qc/filtering
		fastqc -o qc/filtering data/SRR12432532_2.filt.fastq
		mv qc/SRR12432532/filtering/SRR12432532_2.filt_fastqc.html qc/SRR12432532/filtering/SRR12432532_2.filt.fastqc.html
		
Submitted job 12 with external jobid 'Submitted batch job 13861437'.

[Thu Jul 27 16:38:49 2023]
rule StartQC_fastqc:
    input: data/SRR12432532_2.fastq
    output: qc/SRR12432532/start/SRR12432532_2.fastqc.html
    jobid: 3
    reason: Missing output files: qc/SRR12432532/start/SRR12432532_2.fastqc.html
    wildcards: sample=SRR12432532, read=2
    resources: mem_mb=5000, disk_mb=5911, tmpdir=<TBD>, time=0-00:30:00, qos=standard


		module load FastQC/0.11.9-Java-11

		mkdir -p qc
		mkdir -p qc/start
		fastqc -o qc/start data/SRR12432532_2.fastq 
		mv qc/SRR12432532/start/SRR12432532_2_fastqc.html qc/SRR12432532/start/SRR12432532_2.fastqc.html
		
Submitted job 3 with external jobid 'Submitted batch job 13861438'.

[Thu Jul 27 16:38:50 2023]
rule TrimmingQC_fastqc:
    input: data/SRR12432532_1.trimmed.fastq
    output: qc/SRR12432532/trimming/SRR12432532_1.trimmed.fastqc.html
    jobid: 5
    reason: Missing output files: qc/SRR12432532/trimming/SRR12432532_1.trimmed.fastqc.html
    wildcards: sample=SRR12432532, read=1
    resources: mem_mb=5000, disk_mb=4370, tmpdir=<TBD>, time=0-00:30:00, qos=standard


		module load FastQC/0.11.9-Java-11

		mkdir -p qc
		mkdir -p qc/trimming
		fastqc -o qc/trimming data/SRR12432532_1.trimmed.fastq 
		mv qc/SRR12432532/trimming/SRR12432532_1.trimmed_fastqc.html qc/SRR12432532/trimming/SRR12432532_1.trimmed.fastqc.html
		
Submitted job 5 with external jobid 'Submitted batch job 13861439'.

[Thu Jul 27 16:38:50 2023]
rule AssemblyConfig:
    output: database/SeedDatabase/embplant_pt.fasta, database/SeedDatabase/embplant_mt.fasta
    jobid: 19
    reason: Missing output files: database/SeedDatabase/embplant_pt.fasta, database/SeedDatabase/embplant_mt.fasta
    resources: mem_mb=10000, disk_mb=1000, tmpdir=<TBD>, time=0-01:00:00, qos=standard


		module load Bowtie2
		module load BLAST+
		mkdir -p database
		get_organelle_config.py -a embplant_pt,embplant_mt --config-dir database
		
Submitted job 19 with external jobid 'Submitted batch job 13861440'.

[Thu Jul 27 16:38:51 2023]
rule TrimmingQC_fastqc:
    input: data/SRR12432532_2.trimmed.fastq
    output: qc/SRR12432532/trimming/SRR12432532_2.trimmed.fastqc.html
    jobid: 7
    reason: Missing output files: qc/SRR12432532/trimming/SRR12432532_2.trimmed.fastqc.html
    wildcards: sample=SRR12432532, read=2
    resources: mem_mb=5000, disk_mb=3922, tmpdir=<TBD>, time=0-00:30:00, qos=standard


		module load FastQC/0.11.9-Java-11

		mkdir -p qc
		mkdir -p qc/trimming
		fastqc -o qc/trimming data/SRR12432532_2.trimmed.fastq 
		mv qc/SRR12432532/trimming/SRR12432532_2.trimmed_fastqc.html qc/SRR12432532/trimming/SRR12432532_2.trimmed.fastqc.html
		
Submitted job 7 with external jobid 'Submitted batch job 13861441'.

[Thu Jul 27 16:38:51 2023]
rule FilteringQC_fastqc:
    input: data/SRR12432532_1.filt.fastq
    output: qc/SRR12432532/filtering/SRR12432532_1.filt.fastqc.html
    jobid: 9
    reason: Missing output files: qc/SRR12432532/filtering/SRR12432532_1.filt.fastqc.html
    wildcards: sample=SRR12432532, read=1
    resources: mem_mb=5000, disk_mb=3904, tmpdir=<TBD>, time=0-00:30:00, qos=standard


		module load FastQC/0.11.9-Java-11

		mkdir -p qc
		mkdir -p qc/filtering
		fastqc -o qc/filtering data/SRR12432532_1.filt.fastq
		mv qc/SRR12432532/filtering/SRR12432532_1.filt_fastqc.html qc/SRR12432532/filtering/SRR12432532_1.filt.fastqc.html
		
Submitted job 9 with external jobid 'Submitted batch job 13861442'.

[Thu Jul 27 16:38:52 2023]
rule StartQC_fastqc:
    input: data/SRR12432532_1.fastq
    output: qc/SRR12432532/start/SRR12432532_1.fastqc.html
    jobid: 2
    reason: Missing output files: qc/SRR12432532/start/SRR12432532_1.fastqc.html
    wildcards: sample=SRR12432532, read=1
    resources: mem_mb=5000, disk_mb=5911, tmpdir=<TBD>, time=0-00:30:00, qos=standard


		module load FastQC/0.11.9-Java-11

		mkdir -p qc
		mkdir -p qc/start
		fastqc -o qc/start data/SRR12432532_1.fastq 
		mv qc/SRR12432532/start/SRR12432532_1_fastqc.html qc/SRR12432532/start/SRR12432532_1.fastqc.html
		
Submitted job 2 with external jobid 'Submitted batch job 13861443'.
[Thu Jul 27 16:39:51 2023]
Error in rule TrimmingQC_fastqc:
    jobid: 7
    input: data/SRR12432532_2.trimmed.fastq
    output: qc/SRR12432532/trimming/SRR12432532_2.trimmed.fastqc.html
    shell:
        
		module load FastQC/0.11.9-Java-11

		mkdir -p qc
		mkdir -p qc/trimming
		fastqc -o qc/trimming data/SRR12432532_2.trimmed.fastq 
		mv qc/SRR12432532/trimming/SRR12432532_2.trimmed_fastqc.html qc/SRR12432532/trimming/SRR12432532_2.trimmed.fastqc.html
		
        (one of the commands exited with non-zero exit code; note that snakemake uses bash strict mode!)
    cluster_jobid: Submitted batch job 13861441

Error executing rule TrimmingQC_fastqc on cluster (jobid: 7, external: Submitted batch job 13861441, jobscript: /scratch/sjannalda/projects/PlastidPipelineTesting/.snakemake/tmp.oykms28a/snakejob.TrimmingQC_fastqc.7.sh). For error details see the cluster log and the log files of the involved rule(s).
[Thu Jul 27 16:40:03 2023]
Error in rule FilteringQC_fastqc:
    jobid: 12
    input: data/SRR12432532_2.filt.fastq
    output: qc/SRR12432532/filtering/SRR12432532_2.filt.fastqc.html
    shell:
        
		module load FastQC/0.11.9-Java-11

		mkdir -p qc
		mkdir -p qc/filtering
		fastqc -o qc/filtering data/SRR12432532_2.filt.fastq
		mv qc/SRR12432532/filtering/SRR12432532_2.filt_fastqc.html qc/SRR12432532/filtering/SRR12432532_2.filt.fastqc.html
		
        (one of the commands exited with non-zero exit code; note that snakemake uses bash strict mode!)
    cluster_jobid: Submitted batch job 13861437

Error executing rule FilteringQC_fastqc on cluster (jobid: 12, external: Submitted batch job 13861437, jobscript: /scratch/sjannalda/projects/PlastidPipelineTesting/.snakemake/tmp.oykms28a/snakejob.FilteringQC_fastqc.12.sh). For error details see the cluster log and the log files of the involved rule(s).
[Thu Jul 27 16:40:05 2023]
Error in rule TrimmingQC_fastqc:
    jobid: 5
    input: data/SRR12432532_1.trimmed.fastq
    output: qc/SRR12432532/trimming/SRR12432532_1.trimmed.fastqc.html
    shell:
        
		module load FastQC/0.11.9-Java-11

		mkdir -p qc
		mkdir -p qc/trimming
		fastqc -o qc/trimming data/SRR12432532_1.trimmed.fastq 
		mv qc/SRR12432532/trimming/SRR12432532_1.trimmed_fastqc.html qc/SRR12432532/trimming/SRR12432532_1.trimmed.fastqc.html
		
        (one of the commands exited with non-zero exit code; note that snakemake uses bash strict mode!)
    cluster_jobid: Submitted batch job 13861439

Error executing rule TrimmingQC_fastqc on cluster (jobid: 5, external: Submitted batch job 13861439, jobscript: /scratch/sjannalda/projects/PlastidPipelineTesting/.snakemake/tmp.oykms28a/snakejob.TrimmingQC_fastqc.5.sh). For error details see the cluster log and the log files of the involved rule(s).
[Thu Jul 27 16:40:06 2023]
Error in rule AssemblyConfig:
    jobid: 19
    output: database/SeedDatabase/embplant_pt.fasta, database/SeedDatabase/embplant_mt.fasta
    shell:
        
		module load Bowtie2
		module load BLAST+
		mkdir -p database
		get_organelle_config.py -a embplant_pt,embplant_mt --config-dir database
		
        (one of the commands exited with non-zero exit code; note that snakemake uses bash strict mode!)
    cluster_jobid: Submitted batch job 13861440

Error executing rule AssemblyConfig on cluster (jobid: 19, external: Submitted batch job 13861440, jobscript: /scratch/sjannalda/projects/PlastidPipelineTesting/.snakemake/tmp.oykms28a/snakejob.AssemblyConfig.19.sh). For error details see the cluster log and the log files of the involved rule(s).
[Thu Jul 27 16:40:07 2023]
Error in rule FilteringQC_fastqc:
    jobid: 9
    input: data/SRR12432532_1.filt.fastq
    output: qc/SRR12432532/filtering/SRR12432532_1.filt.fastqc.html
    shell:
        
		module load FastQC/0.11.9-Java-11

		mkdir -p qc
		mkdir -p qc/filtering
		fastqc -o qc/filtering data/SRR12432532_1.filt.fastq
		mv qc/SRR12432532/filtering/SRR12432532_1.filt_fastqc.html qc/SRR12432532/filtering/SRR12432532_1.filt.fastqc.html
		
        (one of the commands exited with non-zero exit code; note that snakemake uses bash strict mode!)
    cluster_jobid: Submitted batch job 13861442

Error executing rule FilteringQC_fastqc on cluster (jobid: 9, external: Submitted batch job 13861442, jobscript: /scratch/sjannalda/projects/PlastidPipelineTesting/.snakemake/tmp.oykms28a/snakejob.FilteringQC_fastqc.9.sh). For error details see the cluster log and the log files of the involved rule(s).
[Thu Jul 27 16:40:18 2023]
Error in rule StartQC_fastqc:
    jobid: 3
    input: data/SRR12432532_2.fastq
    output: qc/SRR12432532/start/SRR12432532_2.fastqc.html
    shell:
        
		module load FastQC/0.11.9-Java-11

		mkdir -p qc
		mkdir -p qc/start
		fastqc -o qc/start data/SRR12432532_2.fastq 
		mv qc/SRR12432532/start/SRR12432532_2_fastqc.html qc/SRR12432532/start/SRR12432532_2.fastqc.html
		
        (one of the commands exited with non-zero exit code; note that snakemake uses bash strict mode!)
    cluster_jobid: Submitted batch job 13861438

Error executing rule StartQC_fastqc on cluster (jobid: 3, external: Submitted batch job 13861438, jobscript: /scratch/sjannalda/projects/PlastidPipelineTesting/.snakemake/tmp.oykms28a/snakejob.StartQC_fastqc.3.sh). For error details see the cluster log and the log files of the involved rule(s).
[Thu Jul 27 16:40:19 2023]
Error in rule StartQC_fastqc:
    jobid: 2
    input: data/SRR12432532_1.fastq
    output: qc/SRR12432532/start/SRR12432532_1.fastqc.html
    shell:
        
		module load FastQC/0.11.9-Java-11

		mkdir -p qc
		mkdir -p qc/start
		fastqc -o qc/start data/SRR12432532_1.fastq 
		mv qc/SRR12432532/start/SRR12432532_1_fastqc.html qc/SRR12432532/start/SRR12432532_1.fastqc.html
		
        (one of the commands exited with non-zero exit code; note that snakemake uses bash strict mode!)
    cluster_jobid: Submitted batch job 13861443

Error executing rule StartQC_fastqc on cluster (jobid: 2, external: Submitted batch job 13861443, jobscript: /scratch/sjannalda/projects/PlastidPipelineTesting/.snakemake/tmp.oykms28a/snakejob.StartQC_fastqc.2.sh). For error details see the cluster log and the log files of the involved rule(s).
Exiting because a job execution failed. Look above for error message
Complete log: ../../../../home/sjannalda/bgbm/projects/PlastidPipeline/.snakemake/log/2023-07-27T163847.518667.snakemake.log
