Building DAG of jobs...
Using shell: /usr/bin/bash
Provided cluster nodes: 500
Job stats:
job               count    min threads    max threads
--------------  -------  -------------  -------------
Assembly              1              8              8
AssemblyConfig        1              1              1
FilteringReads        2              1              1
all                   1              1              1
total                 5              1              8

Select jobs to execute...

[Tue Jun 20 17:55:07 2023]
rule FilteringReads:
    input: data/AM0909_2.sorted.fastq
    output: data/AM0909_2.filt.fastq
    jobid: 5
    reason: Forced execution
    wildcards: sample=AM0909, read=2
    resources: mem_mb=10000, disk_mb=17148, tmpdir=<TBD>, time=0-03:00:00, qos=standard


		module load FASTX-Toolkit
		fastq_quality_filter -q 30 -i data/AM0909_2.sorted.fastq -o data/AM0909_2.filt.fastq
		
Submitted job 5 with external jobid 'Submitted batch job 13447431'.

[Tue Jun 20 17:55:07 2023]
rule AssemblyConfig:
    output: database/SeedDatabase/embplant_pt
    jobid: 2
    reason: Missing output files: database/SeedDatabase/embplant_pt
    wildcards: organelle_dbs=embplant_pt
    resources: mem_mb=10000, disk_mb=1000, tmpdir=<TBD>, time=0-01:00:00, qos=standard


		module load Bowtie2
		module load BLAST+
		mkdir -p database
		get_organelle_config.py -a embplant_pt --config-dir database
		
Submitted job 2 with external jobid 'Submitted batch job 13447432'.

[Tue Jun 20 17:55:08 2023]
rule FilteringReads:
    input: data/AM0909_1.sorted.fastq
    output: data/AM0909_1.filt.fastq
    jobid: 3
    reason: Forced execution
    wildcards: sample=AM0909, read=1
    resources: mem_mb=10000, disk_mb=17148, tmpdir=<TBD>, time=0-03:00:00, qos=standard


		module load FASTX-Toolkit
		fastq_quality_filter -q 30 -i data/AM0909_1.sorted.fastq -o data/AM0909_1.filt.fastq
		
Submitted job 3 with external jobid 'Submitted batch job 13447433'.
[Tue Jun 20 17:58:05 2023]
Error in rule AssemblyConfig:
    jobid: 2
    output: database/SeedDatabase/embplant_pt
    shell:
        
		module load Bowtie2
		module load BLAST+
		mkdir -p database
		get_organelle_config.py -a embplant_pt --config-dir database
		
        (one of the commands exited with non-zero exit code; note that snakemake uses bash strict mode!)
    cluster_jobid: Submitted batch job 13447432

Error executing rule AssemblyConfig on cluster (jobid: 2, external: Submitted batch job 13447432, jobscript: /scratch/sjannalda/projects/PlastidPipelineTesting/.snakemake/tmp.7lo9_e6_/snakejob.AssemblyConfig.2.sh). For error details see the cluster log and the log files of the involved rule(s).
[Tue Jun 20 19:07:30 2023]
Finished job 5.
1 of 5 steps (20%) done
[Tue Jun 20 19:14:41 2023]
Finished job 3.
2 of 5 steps (40%) done
Exiting because a job execution failed. Look above for error message
Complete log: ../../../../home/sjannalda/bgbm/projects/PlastidPipeline/.snakemake/log/2023-06-20T175505.765907.snakemake.log
